  Performing full C++ include scan (hot reloading a new target)
  Compiling game modules for hot reload
  Parsing headers for BatteryCollectorEditor
    Running UnrealHeaderTool "D:\Unreal\BatteryCollector\BatteryCollector.uproject" "D:\Unreal\BatteryCollector\Intermediate\Build\Win64\BatteryCollectorEditor\Development\BatteryCollectorEditor.uhtmanifest" -LogCmds="loginit warning, logexit warning, logdatabase error" -Unattended -WarningsAsErrors -installed
  Reflection code generated for BatteryCollectorEditor in 3.7497561 seconds
  Performing 12 actions (4 in parallel)
  [2/12] Resource ModuleVersionResource.rc.inl
  [3/12] Resource PCLaunch.rc
  PCH.BatteryCollector.cpp
  BatteryPickup.cpp
  BatteryCollector.cpp
  BatteryCollectorCharacter.cpp
  BatteryCollectorGameMode.cpp
D:\Unreal\BatteryCollector\Source\BatteryCollector\BatteryCollectorCharacter.cpp(46): warning C4996: 'USceneComponent::AttachTo': This function is deprecated, please use AttachToComponent instead. Please update your code to the new API before upgrading to the next release, otherwise your project will no longer compile.
  C:\Program Files\Epic Games\UE_4.15\Engine\Source\Runtime\Engine\Classes\Components/SceneComponent.h(614): note: see declaration of 'USceneComponent::AttachTo'
  Pickup.cpp
  SpawnVolume.cpp
  BatteryCollector.generated.cpp
  [11/12] Link UE4Editor-BatteryCollector-4653.dll
  [12/12] Link UE4Editor-BatteryCollector-4653.lib
     Creating library D:\Unreal\BatteryCollector\Intermediate\Build\Win64\UE4Editor\Development\UE4Editor-BatteryCollector-4653.lib and object D:\Unreal\BatteryCollector\Intermediate\Build\Win64\UE4Editor\Development\UE4Editor-BatteryCollector-4653.exp
     Creating library D:\Unreal\BatteryCollector\Intermediate\Build\Win64\UE4Editor\Development\UE4Editor-BatteryCollector-4653.suppressed.lib and object D:\Unreal\BatteryCollector\Intermediate\Build\Win64\UE4Editor\Development\UE4Editor-BatteryCollector-4653.suppressed.exp
  Deploying BatteryCollectorEditor Win64 Development...
  Total build time: 48.00 seconds (Local executor: 38.13 seconds)
