Log file open, 12/02/19 19:53:07
LogInit:Display: Running engine for game: ThirdPersonProject
LogPlatformFile: Not using cached read wrapper
LogInit:Display: RandInit(-1199312702) SRandInit(-1199312702).
LogTaskGraph: Started task graph with 5 named threads and 8 total threads with 1 sets of task threads.
LogStats: Stats thread started at 0.073500
LogInit: Using libcurl 7.47.1
LogInit:  - built for x86_64-pc-win32
LogInit:  - supports SSL with OpenSSL/1.0.2g
LogInit:  - supports HTTP deflate (compression) using libz 1.2.8
LogInit:  - other features:
LogInit:      CURL_VERSION_SSL
LogInit:      CURL_VERSION_LIBZ
LogInit:      CURL_VERSION_IPV6
LogInit:      CURL_VERSION_ASYNCHDNS
LogInit:      CURL_VERSION_LARGEFILE
LogInit:      CURL_VERSION_IDN
LogInit:  CurlRequestOptions (configurable via config and command line):
LogInit:  - bVerifyPeer = false  - Libcurl will NOT verify peer certificate
LogInit:  - bUseHttpProxy = false  - Libcurl will NOT use HTTP proxy
LogInit:  - bDontReuseConnections = false  - Libcurl will reuse connections
LogInit:  - CertBundlePath = nullptr  - Libcurl will use whatever was configured at build time.
LogInit: Build: ++UE4+Release-4.15-CL-3450819
LogInit: Engine Version: 4.15.3-3450819+++UE4+Release-4.15
LogInit: Compatible Engine Version: 4.15.0-3299760+++UE4+Release-4.15
LogInit: Net CL: 3299760
LogDevObjectVersion: Number of dev versions registered: 14
LogDevObjectVersion:   Dev-Blueprints (B0D832E4-1F89-4F0D-ACCF-7EB736FD4AA2): 8
LogDevObjectVersion:   Dev-Build (E1C64328-A22C-4D53-A36C-8E866417BD8C): 0
LogDevObjectVersion:   Dev-Core (375EC13C-06E4-48FB-B500-84F0262A717E): 2
LogDevObjectVersion:   Dev-Editor (E4B068ED-F494-42E9-A231-DA0B2E46BB41): 14
LogDevObjectVersion:   Dev-Framework (CFFC743F-43B0-4480-9391-14DF171D2073): 22
LogDevObjectVersion:   Dev-Mobile (B02B49B5-BB20-44E9-A304-32B752E40360): 0
LogDevObjectVersion:   Dev-Networking (A4E4105C-59A1-49B5-A7C5-40C4547EDFEE): 0
LogDevObjectVersion:   Dev-Online (39C831C9-5AE6-47DC-9A44-9C173E1C8E7C): 0
LogDevObjectVersion:   Dev-Physics (78F01B33-EBEA-4F98-B9B4-84EACCB95AA2): 0
LogDevObjectVersion:   Dev-Platform (6631380F-2D4D-43E0-8009-CF276956A95A): 0
LogDevObjectVersion:   Dev-Rendering (12F88B9F-8875-4AFC-A67C-D90C383ABD29): 12
LogDevObjectVersion:   Dev-Sequencer (7B5AE74C-D270-4C10-A958-57980B212A5A): 3
LogDevObjectVersion:   Dev-VR (D7296918-1DD6-4BDD-9DE2-64A83CC13884): 0
LogDevObjectVersion:   Dev-LoadTimes (C2A15278-BFE7-4AFE-6C17-90FF531DF755): 1
LogInit: Compiled (64-bit): May 21 2017 11:02:34
LogInit: Compiled with Visual C++: 19.00.23026.00
LogInit: Build Configuration: Development
LogInit: Branch Name: ++UE4+Release-4.15
LogInit: Command line: 
LogInit: Base directory: C:/Program Files/Epic Games/UE_4.15/Engine/Binaries/Win64/
LogInit: Installed Engine Build: 1
LogInit: Presizing for max 8388607 objects, including 0 objects not considered by GC, pre-allocating 0 bytes for permanent pool.
LogInit: Object subsystem initialized
[2019.12.02-10.53.08:988][  0]LogInit: Selected Device Profile: [Windows]
[2019.12.02-10.53.08:988][  0]LogInit: Applying CVar settings loaded from the selected device profile: [Windows]
[2019.12.02-10.53.08:997][  0]LogInit: Computer: SON-PC
[2019.12.02-10.53.08:997][  0]LogInit: User: SON
[2019.12.02-10.53.08:997][  0]LogInit: CPU Page size=65536, Cores=4
[2019.12.02-10.53.08:997][  0]LogInit: High frequency timer resolution =3.234531 MHz
[2019.12.02-10.53.08:997][  0]LogMemory: Memory total: Physical=15.9GB (16GB approx)
[2019.12.02-10.53.08:997][  0]LogMemory: Platform Memory Stats for Windows
[2019.12.02-10.53.08:997][  0]LogMemory: Process Physical Memory: 263.97 MB used, 263.97 MB peak
[2019.12.02-10.53.08:997][  0]LogMemory: Process Virtual Memory: 264.05 MB used, 264.05 MB peak
[2019.12.02-10.53.08:997][  0]LogMemory: Physical Memory: 3555.94 MB used,  12747.94 MB free, 16303.88 MB total
[2019.12.02-10.53.08:997][  0]LogMemory: Virtual Memory: 628.04 MB used,  12747.94 MB free, 8388608.00 MB total
[2019.12.02-10.53.09:114][  0]LogTextLocalizationManager: No specific translations for ('ko-KR') exist, so ('ko') translations will be used.
[2019.12.02-10.53.09:162][  0]LogTextLocalizationManager:Warning: Loaded localization resources contain conflicting entries for (Namespace:KismetSchema, Key:Default):
Localization Resource: (C:/Program Files/Epic Games/UE_4.15/Engine/Content/Localization/EditorTutorials/ko/EditorTutorials.locres) Source String Hash: (940523119) Localized String: (디폴트)
Localization Resource: (C:/Program Files/Epic Games/UE_4.15/Engine/Content/Localization/Engine/ko/Engine.locres) Source String Hash: (940523119) Localized String: (기본)
[2019.12.02-10.53.09:162][  0]LogTextLocalizationManager:Warning: Loaded localization resources contain conflicting entries for (Namespace:UObjectToolTips, Key:AnimNode_AssetPlayerBase:InternalTimeAccumulator):
Localization Resource: (C:/Program Files/Epic Games/UE_4.15/Engine/Content/Localization/EditorTutorials/ko/EditorTutorials.locres) Source String Hash: (502993589) Localized String: (이 노드에서 애셋을 레퍼런싱하는 데 사용되는 누적 시간입니다.)
Localization Resource: (C:/Program Files/Epic Games/UE_4.15/Engine/Content/Localization/ToolTips/ko/ToolTips.locres) Source String Hash: (502993589) Localized String: (내부 시간 누산기 - 이 노드에서 애셋을 레퍼런싱하는 데 사용된 누적 시간입니다.)
Localization Resource: (C:/Program Files/Epic Games/UE_4.15/Engine/Content/Localization/Engine/ko/Engine.locres) Source String Hash: (502993589) Localized String: (이 노드에서 애셋을 레퍼런싱하는 데 사용된 누적 시간입니다.)
[2019.12.02-10.53.09:162][  0]LogTextLocalizationManager:Warning: Loaded localization resources contain conflicting entries for (Namespace:UObjectToolTips, Key:AnimNode_AssetPlayerBase:bIgnoreForRelevancyTest):
Localization Resource: (C:/Program Files/Epic Games/UE_4.15/Engine/Content/Localization/EditorTutorials/ko/EditorTutorials.locres) Source String Hash: (319969718) Localized String: (True 면, 스테이트에서 최고 가중치 애니메이션을 찾는 "Relevant anim" 노드는 이 노드를 무시합니다.
 )
Localization Resource: (C:/Program Files/Epic Games/UE_4.15/Engine/Content/Localization/ToolTips/ko/ToolTips.locres) Source String Hash: (319969718) Localized String: (연관성 테스트에 무시 - true 인 경우 스테이트 내 최고 웨이팅된 애니메이션을 찾는 "Relevant anim" (연관 애님) 노드가
이 노드를 무시합니다.)
Localization Resource: (C:/Program Files/Epic Games/UE_4.15/Engine/Content/Localization/Engine/ko/Engine.locres) Source String Hash: (319969718) Localized String: (True 면 스테이트 내 최고 웨이팅된 애니메이션을 찾는 "Relevant anim" 노드가 무시됩니다.
 )
[2019.12.02-10.53.09:162][  0]LogTextLocalizationManager:Warning: Loaded localization resources contain conflicting entries for (Namespace:UObjectToolTips, Key:AnimNode_AssetPlayerBase:BlendWeight):
Localization Resource: (C:/Program Files/Epic Games/UE_4.15/Engine/Content/Localization/EditorTutorials/ko/EditorTutorials.locres) Source String Hash: (-1232800293) Localized String: (이 노드에 마지막 걸린 블렌드웨이트 입니다.)
Localization Resource: (C:/Program Files/Epic Games/UE_4.15/Engine/Content/Localization/ToolTips/ko/ToolTips.locres) Source String Hash: (-1232800293) Localized String: (블렌드 웨이트 - 이 노드에 대해 마지막으로 접한 블렌드 웨이트입니다.)
Localization Resource: (C:/Program Files/Epic Games/UE_4.15/Engine/Content/Localization/Engine/ko/Engine.locres) Source String Hash: (-1232800293) Localized String: (이 노드에 대해 마지막 접한 블렌드 웨이트)
[2019.12.02-10.53.09:162][  0]LogTextLocalizationManager:Warning: Loaded localization resources contain conflicting entries for (Namespace:UObjectToolTips, Key:AnimNode_BlendSpacePlayer:bLoop):
Localization Resource: (C:/Program Files/Epic Games/UE_4.15/Engine/Content/Localization/EditorTutorials/ko/EditorTutorials.locres) Source String Hash: (2133979316) Localized String: (애니메이션이 끝까지 재생되면 반복할까요?)
Localization Resource: (C:/Program Files/Epic Games/UE_4.15/Engine/Content/Localization/ToolTips/ko/ToolTips.locres) Source String Hash: (2133979316) Localized String: (루프 - 애니메이션이 끝에 도달했을 때 계속 반복할까요?)
[2019.12.02-10.53.09:162][  0]LogTextLocalizationManager:Warning: Loaded localization resources contain conflicting entries for (Namespace:UObjectToolTips, Key:AnimNode_StateMachine:bSkipFirstUpdateTransition):
Localization Resource: (C:/Program Files/Epic Games/UE_4.15/Engine/Content/Localization/EditorTutorials/ko/EditorTutorials.locres) Source String Hash: (1865475011) Localized String: (첫 업데이트시 도입 상태에서의 트랜지션을 건너뛸까요? 
기본은 true 로, 첫 업데이트시에는 트랜지션 데이터를 버립니다.)
Localization Resource: (C:/Program Files/Epic Games/UE_4.15/Engine/Content/Localization/ToolTips/ko/ToolTips.locres) Source String Hash: (1865475011) Localized String: (첫 번째 업데이트 트랜지션 건너뛰기 - 첫 번째 업데이트에서 입력 스테이트의 트랜지션을 건너뜁니까?
디폴트는 true 고 첫 번째 업데이트의 트랜지션 데이터를 버립니다.)
[2019.12.02-10.53.09:162][  0]LogTextLocalizationManager:Warning: Loaded localization resources contain conflicting entries for (Namespace:UObjectToolTips, Key:AnimNode_BlendSpacePlayer:X):
Localization Resource: (C:/Program Files/Epic Games/UE_4.15/Engine/Content/Localization/EditorTutorials/ko/EditorTutorials.locres) Source String Hash: (2060772590) Localized String: (블렌드스페이스에서 샘플링할 X 좌표입니다.)
Localization Resource: (C:/Program Files/Epic Games/UE_4.15/Engine/Content/Localization/ToolTips/ko/ToolTips.locres) Source String Hash: (2060772590) Localized String: (X - 블렌드스페이스 샘플의 X 좌표입니다.)
[2019.12.02-10.53.09:162][  0]LogTextLocalizationManager:Warning: Loaded localization resources contain conflicting entries for (Namespace:UObjectToolTips, Key:AnimNode_BlendSpacePlayer:Y):
Localization Resource: (C:/Program Files/Epic Games/UE_4.15/Engine/Content/Localization/EditorTutorials/ko/EditorTutorials.locres) Source String Hash: (-1719607538) Localized String: (블렌드스페이스에서 샘플링할 Y 좌표입니다.)
Localization Resource: (C:/Program Files/Epic Games/UE_4.15/Engine/Content/Localization/ToolTips/ko/ToolTips.locres) Source String Hash: (-1719607538) Localized String: (Y - 블렌드스페이스 샘플의 Y 좌표입니다.)
[2019.12.02-10.53.09:162][  0]LogTextLocalizationManager:Warning: Loaded localization resources contain conflicting entries for (Namespace:UObjectToolTips, Key:AnimNode_BlendSpacePlayer:Z):
Localization Resource: (C:/Program Files/Epic Games/UE_4.15/Engine/Content/Localization/EditorTutorials/ko/EditorTutorials.locres) Source String Hash: (1728943471) Localized String: (블렌드스페이스에서 샘플링할 Z 좌표입니다.)
Localization Resource: (C:/Program Files/Epic Games/UE_4.15/Engine/Content/Localization/ToolTips/ko/ToolTips.locres) Source String Hash: (1728943471) Localized String: (Z - 블렌드스페이스 샘플의 Z 좌표입니다.)
[2019.12.02-10.53.09:162][  0]LogTextLocalizationManager:Warning: Loaded localization resources contain conflicting entries for (Namespace:UObjectToolTips, Key:AnimNode_BlendSpacePlayer:BlendSpace):
Localization Resource: (C:/Program Files/Epic Games/UE_4.15/Engine/Content/Localization/EditorTutorials/ko/EditorTutorials.locres) Source String Hash: (1599043277) Localized String: (재생할 블렌드스페이스 애셋입니다.)
Localization Resource: (C:/Program Files/Epic Games/UE_4.15/Engine/Content/Localization/ToolTips/ko/ToolTips.locres) Source String Hash: (1599043277) Localized String: (블렌드스페이스 - 재생할 블렌드스페이스 애셋입니다.)
[2019.12.02-10.53.09:162][  0]LogTextLocalizationManager:Warning: Loaded localization resources contain conflicting entries for (Namespace:UObjectToolTips, Key:AnimNode_StateMachine:MaxTransitionsPerFrame):
Localization Resource: (C:/Program Files/Epic Games/UE_4.15/Engine/Content/Localization/EditorTutorials/ko/EditorTutorials.locres) Source String Hash: (1567650430) Localized String: (이 머신에서 한 프레임 내 '동시에' 취할 수 있는 트랜지션 최대 수입니다.)
Localization Resource: (C:/Program Files/Epic Games/UE_4.15/Engine/Content/Localization/ToolTips/ko/ToolTips.locres) Source String Hash: (1567650430) Localized String: (프레임 당 최대 트랜지션 - 한 프레임에서 이 머신이 동시에 취할 수 있는 트랜지션 최대 수입니다.)
[2019.12.02-10.53.09:162][  0]LogTextLocalizationManager:Warning: Loaded localization resources contain conflicting entries for (Namespace:UObjectToolTips, Key:AnimNode_BlendSpacePlayer:PlayRate):
Localization Resource: (C:/Program Files/Epic Games/UE_4.15/Engine/Content/Localization/EditorTutorials/ko/EditorTutorials.locres) Source String Hash: (-1274923958) Localized String: (재생 속도 배수입니다. 음수가 되면 애니메이션을 역순으로 재생하게 됩니다.)
Localization Resource: (C:/Program Files/Epic Games/UE_4.15/Engine/Content/Localization/ToolTips/ko/ToolTips.locres) Source String Hash: (-1274923958) Localized String: (재생 속도 - 재생 속도 배수입니다. 음수가 되면 애니메이션을 거꾸로 재생합니다.)
[2019.12.02-10.53.09:162][  0]LogTextLocalizationManager:Warning: Loaded localization resources contain conflicting entries for (Namespace:UObjectToolTips, Key:AnimNode_BlendSpacePlayer:StartPosition):
Localization Resource: (C:/Program Files/Epic Games/UE_4.15/Engine/Content/Localization/EditorTutorials/ko/EditorTutorials.locres) Source String Hash: (-207153555) Localized String: (시작 위치 범위는 [0,1] 이며, 재초기화시에만 적용됩니다.
루핑을 하면, 1 회전 후 0.f 부터 시작할 것입니다.)
Localization Resource: (C:/Program Files/Epic Games/UE_4.15/Engine/Content/Localization/ToolTips/ko/ToolTips.locres) Source String Hash: (-207153555) Localized String: (시작 위치 - [0, 1] 범위의 시작 위치로, 재초기화할 때만 적용됩니다.
반복하면 1회전 후 0.f 부터 시작됩니다.)
[2019.12.02-10.53.09:162][  0]LogTextLocalizationManager:Warning: Loaded localization resources contain conflicting entries for (Namespace:UObjectToolTips, Key:CameraFilmbackSettings:SensorWidth):
Localization Resource: (C:/Program Files/Epic Games/UE_4.15/Engine/Content/Localization/ToolTips/ko/ToolTips.locres) Source String Hash: (-1448580153) Localized String: (센서 폭 - 필름백 또는 디지털 센서의 가로 크기로, mm 단위입니다.)
Localization Resource: (C:/Program Files/Epic Games/UE_4.15/Engine/Content/Localization/Engine/ko/Engine.locres) Source String Hash: (-1448580153) Localized String: (필름백 또는 디지털 센서의 가로 크기로, mm 단위입니다.)
[2019.12.02-10.53.09:162][  0]LogTextLocalizationManager:Warning: Loaded localization resources contain conflicting entries for (Namespace:UObjectToolTips, Key:CameraFilmbackSettings:SensorAspectRatio):
Localization Resource: (C:/Program Files/Epic Games/UE_4.15/Engine/Content/Localization/ToolTips/ko/ToolTips.locres) Source String Hash: (-194807515) Localized String: (센서 종횡비 - 읽기 전용입니다. 센서 치수에서 계산했습니다.)
Localization Resource: (C:/Program Files/Epic Games/UE_4.15/Engine/Content/Localization/Engine/ko/Engine.locres) Source String Hash: (-194807515) Localized String: (읽기 전용입니다. 센서 크기에서 계산했습니다.)
[2019.12.02-10.53.09:162][  0]LogTextLocalizationManager:Warning: Loaded localization resources contain conflicting entries for (Namespace:UObjectToolTips, Key:AnimNode_SequencePlayer:bLoopAnimation):
Localization Resource: (C:/Program Files/Epic Games/UE_4.15/Engine/Content/Localization/ToolTips/ko/ToolTips.locres) Source String Hash: (2133979316) Localized String: (루프 - 애니메이션이 끝에 도달했을 때 계속 반복시켜야 할까요?)
Localization Resource: (C:/Program Files/Epic Games/UE_4.15/Engine/Content/Localization/Engine/ko/Engine.locres) Source String Hash: (2133979316) Localized String: (애니메이션이 끝에 도달하면 계속해서 루핑시킬것인지 입니다.)
[2019.12.02-10.53.09:162][  0]LogTextLocalizationManager:Warning: Loaded localization resources contain conflicting entries for (Namespace:UObjectToolTips, Key:AnimNode_SequencePlayer:Sequence):
Localization Resource: (C:/Program Files/Epic Games/UE_4.15/Engine/Content/Localization/ToolTips/ko/ToolTips.locres) Source String Hash: (421436424) Localized String: (시퀀스 - 재생할 애니메이션 시퀀스 애셋입니다.)
Localization Resource: (C:/Program Files/Epic Games/UE_4.15/Engine/Content/Localization/Engine/ko/Engine.locres) Source String Hash: (421436424) Localized String: (재생할 애니메이션 시퀀스 애셋입니다.)
[2019.12.02-10.53.09:162][  0]LogTextLocalizationManager:Warning: Loaded localization resources contain conflicting entries for (Namespace:UObjectToolTips, Key:AnimNode_SequencePlayer:PlayRate):
Localization Resource: (C:/Program Files/Epic Games/UE_4.15/Engine/Content/Localization/ToolTips/ko/ToolTips.locres) Source String Hash: (-1274923958) Localized String: (재생 속도 - 재생 속도 배수입니다. 음수가 될 수 있으며, 그러면 애니메이션이 거꾸로 재생됩니다.)
Localization Resource: (C:/Program Files/Epic Games/UE_4.15/Engine/Content/Localization/Engine/ko/Engine.locres) Source String Hash: (-1274923958) Localized String: (플레이 속도 배수입니다. 음수가 되면 애니메이션이 역방향으로 재생됩니다.)
[2019.12.02-10.53.09:162][  0]LogTextLocalizationManager:Warning: Loaded localization resources contain conflicting entries for (Namespace:UObjectToolTips, Key:AnimNode_SequencePlayer:StartPosition):
Localization Resource: (C:/Program Files/Epic Games/UE_4.15/Engine/Content/Localization/ToolTips/ko/ToolTips.locres) Source String Hash: (771611000) Localized String: (시작 위치 - 시작 위치로 재초기화할 때만 적용됩니다.
반복하면, 1회전 후 0.f 부터 시작됩니다.)
Localization Resource: (C:/Program Files/Epic Games/UE_4.15/Engine/Content/Localization/Engine/ko/Engine.locres) Source String Hash: (771611000) Localized String: (시작 위치로, 재초기화시에만 적용됩니다.
루핑을 하면, 1회전 후 0.f 부터 시작할 것입니다.)
[2019.12.02-10.53.09:162][  0]LogTextLocalizationManager:Warning: Loaded localization resources contain conflicting entries for (Namespace:UObjectToolTips, Key:CameraFilmbackSettings:SensorHeight):
Localization Resource: (C:/Program Files/Epic Games/UE_4.15/Engine/Content/Localization/ToolTips/ko/ToolTips.locres) Source String Hash: (-1311569777) Localized String: (센서 높이 - 필름백 또는 디지털 센서의 세로 크기로, mm 단위입니다.)
Localization Resource: (C:/Program Files/Epic Games/UE_4.15/Engine/Content/Localization/Engine/ko/Engine.locres) Source String Hash: (-1311569777) Localized String: (필름백 또는 디지털 센서의 세로 크기로, mm 단위입니다.)
[2019.12.02-10.53.09:582][  0]LogD3D11RHI: D3D11 adapters:
[2019.12.02-10.53.09:609][  0]LogD3D11RHI:    0. 'NVIDIA GeForce GTX 960' (Feature Level 11_0)
[2019.12.02-10.53.09:609][  0]LogD3D11RHI:       1969/0/2048 MB DedicatedVideo/DedicatedSystem/SharedSystem, Outputs:2, VendorId:0x10de
[2019.12.02-10.53.09:609][  0]LogD3D11RHI: Chosen D3D11 Adapter: 0
[2019.12.02-10.53.09:613][  0]LogD3D11RHI: Creating new Direct3DDevice
[2019.12.02-10.53.09:613][  0]LogD3D11RHI:     GPU DeviceId: 0x1401 (for the marketing name, search the web for "GPU Device Id")
[2019.12.02-10.53.09:613][  0]LogWindows: EnumDisplayDevices:
[2019.12.02-10.53.09:614][  0]LogWindows:    0. 'NVIDIA GeForce GTX 960' (P:0 D:1)
[2019.12.02-10.53.09:614][  0]LogWindows:    1. 'NVIDIA GeForce GTX 960' (P:1 D:1)
[2019.12.02-10.53.09:614][  0]LogWindows:    2. 'NVIDIA GeForce GTX 960' (P:0 D:0)
[2019.12.02-10.53.09:614][  0]LogWindows:    3. 'NVIDIA GeForce GTX 960' (P:0 D:0)
[2019.12.02-10.53.09:614][  0]LogWindows:    4. 'RDPDD Chained DD' (P:0 D:0)
[2019.12.02-10.53.09:614][  0]LogWindows:    5. 'RDP Encoder Mirror Driver' (P:0 D:0)
[2019.12.02-10.53.09:615][  0]LogWindows:    6. 'RDP Reflector Display Driver' (P:0 D:0)
[2019.12.02-10.53.09:615][  0]LogWindows: DebugString: GetVideoDriverDetailsInvalid PrimaryIsNotTheChoosenAdapter GetVideoDriverDetailsInvalid PrimaryIsNotTheChoosenAdapter GetVideoDriverDetailsInvalid PrimaryIsNotTheChoosenAdapter FoundDriverCount:4 
[2019.12.02-10.53.09:615][  0]LogD3D11RHI:     Adapter Name: NVIDIA GeForce GTX 960
[2019.12.02-10.53.09:615][  0]LogD3D11RHI:   Driver Version: 358.91 (internal:10.18.13.5891, unified:358.91)
[2019.12.02-10.53.09:615][  0]LogD3D11RHI:      Driver Date: 11-5-2015
[2019.12.02-10.53.09:615][  0]LogRHI: Texture pool is 1361 MB (70% of 1945 MB)
[2019.12.02-10.53.09:625][  0]LogD3D11RHI: NvAPI_D3D_GetCurrentSLIState failed: 0xfffffff7
[2019.12.02-10.53.09:625][  0]LogD3D11RHI: Async texture creation enabled
[2019.12.02-10.53.09:638][  0]LogD3D11RHI: GPU Timing Frequency: 1000.000000 (Debug: 2 2)
[2019.12.02-10.53.09:641][  0]LogShaderCompilers: Guid format shader working directory is 8 characters bigger than the processId version (D:/Release/Unreal/ThirdPersonProject/Intermediate/Shaders/WorkingDirectory/2476/).
[2019.12.02-10.53.09:641][  0]LogShaderCompilers: Cleaned the shader compiler working directory 'C:/Users/SON/AppData/Local/Temp/UnrealShaderWorkingDir/685ED65E4FEAC4329DC8969906046E9C/'.
[2019.12.02-10.53.09:641][  0]LogShaderCompilers:Display: Using Local Shader Compiler.
[2019.12.02-10.53.11:103][  0]LogTemp:Display: Loaded TP AllDesktopTargetPlatform
[2019.12.02-10.53.11:183][  0]LogTemp:Display: Loaded TP MacClientTargetPlatform
[2019.12.02-10.53.11:262][  0]LogTemp:Display: Loaded TP MacNoEditorTargetPlatform
[2019.12.02-10.53.11:344][  0]LogTemp:Display: Loaded TP MacServerTargetPlatform
[2019.12.02-10.53.11:422][  0]LogTemp:Display: Loaded TP MacTargetPlatform
[2019.12.02-10.53.11:503][  0]LogTemp:Display: Loaded TP WindowsClientTargetPlatform
[2019.12.02-10.53.11:580][  0]LogTemp:Display: Loaded TP WindowsNoEditorTargetPlatform
[2019.12.02-10.53.11:660][  0]LogTemp:Display: Loaded TP WindowsServerTargetPlatform
[2019.12.02-10.53.11:727][  0]LogTemp:Display: Loaded TP WindowsTargetPlatform
[2019.12.02-10.53.11:807][  0]LogTemp:Display: Loaded TP AndroidTargetPlatform
[2019.12.02-10.53.11:884][  0]LogTemp:Display: Loaded TP Android_ASTCTargetPlatform
[2019.12.02-10.53.11:962][  0]LogTemp:Display: Loaded TP Android_ATCTargetPlatform
[2019.12.02-10.53.12:041][  0]LogTemp:Display: Loaded TP Android_DXTTargetPlatform
[2019.12.02-10.53.12:116][  0]LogTemp:Display: Loaded TP Android_ETC1TargetPlatform
[2019.12.02-10.53.12:194][  0]LogTemp:Display: Loaded TP Android_ETC2TargetPlatform
[2019.12.02-10.53.12:351][  0]LogTemp:Display: Loaded TP Android_MultiTargetPlatform
[2019.12.02-10.53.12:351][  0]LogTemp:Display: Loaded TP Android_PVRTCTargetPlatform
[2019.12.02-10.53.12:417][  0]LogTemp:Display: Loaded TP HTML5TargetPlatform
[2019.12.02-10.53.12:547][  0]LogTemp:Display: Loaded TP IOSTargetPlatform
[2019.12.02-10.53.12:592][  0]LogTemp:Display: Loaded TP TVOSTargetPlatform
[2019.12.02-10.53.12:674][  0]LogTemp:Display: Loaded TP LinuxClientTargetPlatform
[2019.12.02-10.53.12:753][  0]LogTemp:Display: Loaded TP LinuxNoEditorTargetPlatform
[2019.12.02-10.53.12:831][  0]LogTemp:Display: Loaded TP LinuxServerTargetPlatform
[2019.12.02-10.53.12:911][  0]LogTemp:Display: Loaded TP LinuxTargetPlatform
[2019.12.02-10.53.12:911][  0]LogTargetPlatformManager:Display: Building Assets For Windows
[2019.12.02-10.53.13:547][  0]LogDerivedDataCache:Display: Max Cache Size: 512 MB
[2019.12.02-10.53.13:598][  0]LogDerivedDataCache: Loaded boot cache 0.05s 50MB C:/Users/SON/AppData/Local/UnrealEngine/4.15/DerivedDataCache/Boot.ddc.
[2019.12.02-10.53.13:598][  0]LogDerivedDataCache:Display: Loaded Boot cache: C:/Users/SON/AppData/Local/UnrealEngine/4.15/DerivedDataCache/Boot.ddc
[2019.12.02-10.53.13:598][  0]LogDerivedDataCache: FDerivedDataBackendGraph:  Pak pak cache file D:/Release/Unreal/ThirdPersonProject/DerivedDataCache/DDC.ddp not found, will not use a pak cache.
[2019.12.02-10.53.13:598][  0]LogDerivedDataCache: Unable to find inner node Pak for hierarchical cache Hierarchy.
[2019.12.02-10.53.13:598][  0]LogDerivedDataCache: FDerivedDataBackendGraph:  CompressedPak pak cache file D:/Release/Unreal/ThirdPersonProject/DerivedDataCache/Compressed.ddp not found, will not use a pak cache.
[2019.12.02-10.53.13:598][  0]LogDerivedDataCache: Unable to find inner node CompressedPak for hierarchical cache Hierarchy.
[2019.12.02-10.53.13:615][  0]LogDerivedDataCache:Display: Pak cache opened for reading ../../../Engine/DerivedDataCache/Compressed.ddp.
[2019.12.02-10.53.13:627][  0]LogDerivedDataCache: Using Local data cache path C:/Users/SON/AppData/Local/UnrealEngine/Common/DerivedDataCache: Writable
[2019.12.02-10.53.13:635][  0]LogSlate: Using Freetype 2.6.0
[2019.12.02-10.53.13:636][  0]LogSlate: SlateFontCache - WITH_FREETYPE: 1, WITH_HARFBUZZ: 1
[2019.12.02-10.53.13:636][  0]LogSlate: SlateFontCache - WITH_FREETYPE: 1, WITH_HARFBUZZ: 1
[2019.12.02-10.53.13:904][  0]LogInit: Selected Device Profile: [Windows]
[2019.12.02-10.53.13:905][  0]LogContentStreaming: Texture pool size is 0.00 MB
[2019.12.02-10.53.14:166][  0]LogMeshUtilities: Using QuadricMeshReduction for automatic static mesh reduction
[2019.12.02-10.53.14:235][  0]LogSimplygon: Simplygon DLL not present - disabling.
[2019.12.02-10.53.14:308][  0]LogMeshUtilities: Using SimplygonSwarm for distributed automatic mesh merging
[2019.12.02-10.53.14:308][  0]LogMeshUtilities: No automatic skeletal mesh reduction module available
[2019.12.02-10.53.14:308][  0]LogMeshUtilities: No automatic mesh merging module available
[2019.12.02-10.53.14:939][  0]LogNetVersion: GetLocalNetworkVersion: CL: 3299760, ProjectName: thirdpersonproject, ProjectVersion: , EngineNetworkVersion: 2, GameNetworkVersion: 0, NetworkChecksum: 4086958802
[2019.12.02-10.53.14:992][  0]LogAssetRegistry: FAssetRegistry took 0.0203 seconds to start up
[2019.12.02-10.53.15:044][  0]LogPackageLocalizationCache: Processed 3 localized package path(s) for 2 prioritized culture(s) in 0.021944 seconds
[2019.12.02-10.53.15:049][  0]LogUObjectArray: 32493 objects as part of root set at end of initial load.
[2019.12.02-10.53.15:049][  0]LogUObjectAllocator: 7077032 out of 0 bytes used by permanent object pool.
[2019.12.02-10.53.15:049][  0]LogUObjectArray: CloseDisregardForGC: 0/0 objects in disregard for GC pool
[2019.12.02-10.53.15:142][  0]LogInit: WinSock: version 1.1 (2.2), MaxSocks=32767, MaxUdp=65467
[2019.12.02-10.53.17:380][  0]LogTcpMessaging: Initializing TcpMessaging bridge
[2019.12.02-10.53.17:428][  0]LogUdpMessaging: Initializing bridge on interface 0.0.0.0:0 to multicast group 230.0.0.1:6666.
[2019.12.02-10.53.18:107][  0]LogMaterial: Uniform references updated for custom material expression Custom.
[2019.12.02-10.53.18:653][  0]SourceControl: 정보 소스 콘트롤이 꺼졌습니다.
[2019.12.02-10.53.18:685][  0]SourceControl: 정보 소스 콘트롤이 꺼졌습니다.
[2019.12.02-10.53.18:758][  0]SourceControl: 정보 소스 콘트롤이 꺼졌습니다.
[2019.12.02-10.53.18:829][  0]SourceControl: 정보 소스 콘트롤이 꺼졌습니다.
[2019.12.02-10.53.20:671][  0]LogEngine: Initializing Engine...
[2019.12.02-10.53.20:672][  0]LogHMD: Failed to initialize OpenVR with code 110
[2019.12.02-10.53.20:786][  0]LogStats: UGameplayTagsManager::ConstructGameplayTagTree: Construct from data asset -  0.000 s
[2019.12.02-10.53.20:786][  0]LogStats: UGameplayTagsManager::ConstructGameplayTagTree: GameplayTagTreeChangedEvent.Broadcast -  0.000 s
[2019.12.02-10.53.20:977][  0]LogAIModule: Creating AISystem for world Untitled
[2019.12.02-10.53.21:005][  0]LogInit: XAudio2 using '27DOG-4(NVIDIA High Definition Audio)' : 2 channels at 48 kHz using 16 bits per sample (channel mask 0x3)
[2019.12.02-10.53.21:017][  0]LogInit: FAudioDevice initialized.
[2019.12.02-10.53.21:042][  0]LogDerivedDataCache: Saved boot cache 0.02s 50MB C:/Users/SON/AppData/Local/UnrealEngine/4.15/DerivedDataCache/Boot.ddc.
[2019.12.02-10.53.21:044][  0]LogInit: Texture streaming: Enabled
[2019.12.02-10.53.21:176][  0]LogEngineSessionManager: EngineSessionManager initialized
[2019.12.02-10.53.21:309][  0]LogInit: Transaction tracking system initialized
[2019.12.02-10.53.21:844][  0]BlueprintLog: New page: 에디터 로드
[2019.12.02-10.53.23:199][  0]LocalizationService: 정보 현지화 서비스가 비활성화되었습니다.
[2019.12.02-10.53.24:221][  0]LogConsoleResponse:Display: 
[2019.12.02-10.53.24:384][  0]LogCook:Display: Max memory allowance for cook 16384mb min free memory 0mb
[2019.12.02-10.53.24:384][  0]LogCook:Display: Mobile HDR setting 1
[2019.12.02-10.53.25:274][  0]LogFileCache: Scanning file cache for directory 'D:/Release/Unreal/ThirdPersonProject/Content/' took 0.01s
[2019.12.02-10.53.25:886][  0]SourceControl: 정보 소스 콘트롤이 꺼졌습니다.
[2019.12.02-10.53.25:886][  0]Cmd: MAP LOAD FILE="D:/Release/Unreal/ThirdPersonProject/Content/StarterContent/Maps/Minimal_Default.umap" TEMPLATE=0 SHOWPROGRESS=1 FEATURELEVEL=3
[2019.12.02-10.53.25:886][  0]LightingResults: New page: 라이팅 빌드
[2019.12.02-10.53.25:952][  0]MapCheck: New page: 맵 체크
[2019.12.02-10.53.25:952][  0]LightingResults: New page: 라이팅 빌드
[2019.12.02-10.53.26:865][  0]LogAIModule: Creating AISystem for world Minimal_Default
[2019.12.02-10.53.26:890][  0]LogEditorServer: Finished looking for orphan Actors (0.000 secs)
[2019.12.02-10.53.26:891][  0]Cmd: MAP CHECKDEP NOCLEARLOG
[2019.12.02-10.53.26:952][  0]MapCheck: 정보 맵 체크 완료: 오류 0 회, 경고 0 회, 소요 시간 61.565ms.
[2019.12.02-10.53.26:952][  0]LogFileHelpers: Loading map 'Minimal_Default' took 1.066
[2019.12.02-10.53.27:196][  0]LogCollectionManager: Loaded 0 collections in 0.001102 seconds
[2019.12.02-10.53.27:342][  0]LogFileCache: Scanning file cache for directory 'D:/Release/Unreal/ThirdPersonProject/Saved/Collections/' took 0.01s
[2019.12.02-10.53.27:342][  0]LogFileCache: Scanning file cache for directory 'D:/Release/Unreal/ThirdPersonProject/Content/Developers/SON/Collections/' took 0.01s
[2019.12.02-10.53.27:342][  0]LogFileCache: Scanning file cache for directory 'D:/Release/Unreal/ThirdPersonProject/Content/Collections/' took 0.01s
[2019.12.02-10.53.27:342][  0]LogCollectionManager: Rebuilt the GUID cache for 0 collections in 0.000002 seconds
[2019.12.02-10.53.27:351][  0]LogContentBrowser: Native class hierarchy populated in 0.0080 seconds. Added 2245 classes and 453 folders.
[2019.12.02-10.53.27:452][  0]LogContentBrowser: Native class hierarchy updated for 'WidgetCarousel' in 0.0005 seconds. Added 0 classes and 0 folders.
[2019.12.02-10.53.27:594][  0]LogContentBrowser: Native class hierarchy updated for 'AddContentDialog' in 0.0005 seconds. Added 0 classes and 0 folders.
[2019.12.02-10.53.27:664][  0]LogContentBrowser: Native class hierarchy updated for 'SceneOutliner' in 0.0004 seconds. Added 1 classes and 2 folders.
[2019.12.02-10.53.27:755][  0]LogCrashTracker: Crashtracker disabled due to settings.
[2019.12.02-10.53.27:762][  0]LogUObjectGlobals:Warning: 'Class 없음.' 오브젝트를 찾는 데 실패했습니다.
[2019.12.02-10.53.27:850][  0]LogContentBrowser: Native class hierarchy updated for 'HierarchicalLODOutliner' in 0.0004 seconds. Added 1 classes and 2 folders.
[2019.12.02-10.53.27:850][  0]LogLoad: (Engine Initialization) Total time: 21.71 seconds
[2019.12.02-10.53.27:850][  0]LogLoad: (Engine Initialization) Total Blueprint compile time: 0.11 seconds
[2019.12.02-10.53.27:850][  0]LogExternalProfiler: Found external profiler: VSPerf
[2019.12.02-10.53.27:850][  0]LogExternalProfiler: Using external profiler: VSPerf
[2019.12.02-10.53.27:866][  0]LogOcInput: OculusInput pre-init called
[2019.12.02-10.53.27:897][  0]LogContentStreaming: Texture pool size now 1000 MB
[2019.12.02-10.53.27:902][  0]LogSlate: Took 0.000371 seconds to synchronously load lazily loaded font '../../../Engine/Content/Slate/Fonts/Roboto-Regular.ttf' (155K)
[2019.12.02-10.53.27:908][  0]LogSlate: Took 0.003291 seconds to synchronously load lazily loaded font '../../../Engine/Content/Slate/Fonts/NanumGothic.ttf' (4243K)
[2019.12.02-10.53.27:909][  0]LogSlate: Took 0.000222 seconds to synchronously load lazily loaded font '../../../Engine/Content/Slate/Fonts/Roboto-Bold.ttf' (160K)
[2019.12.02-10.53.27:919][  0]LogSlate: Took 0.001268 seconds to synchronously load lazily loaded font '../../../Engine/Content/Editor/Slate/Fonts/FontAwesome.ttf' (139K)
[2019.12.02-10.53.28:101][  0]LogRenderer: Reallocating scene render targets to support 1616x808 NumSamples 1 (Frame:2).
[2019.12.02-10.53.28:169][  1]LogAssetRegistry: Asset discovery search completed in 13.1969 seconds
[2019.12.02-10.53.28:169][  1]LogCollectionManager: Rebuilt the object cache for 0 collections in 0.000006 seconds (found 0 objects)
[2019.12.02-10.53.28:169][  1]LogCollectionManager: Fixed up redirectors for 0 collections in 0.000018 seconds (updated 0 objects)
[2019.12.02-10.53.28:884][ 61]LogSlate: Took 0.001053 seconds to synchronously load lazily loaded font '../../../Engine/Content/Slate/Fonts/Roboto-Light.ttf' (159K)
[2019.12.02-11.39.41:346][795]LogSlate: Took 0.000666 seconds to synchronously load lazily loaded font '../../../Engine/Content/Slate/Fonts/Roboto-Light.ttf' (159K)
[2019.12.02-11.39.41:886][795]LogSlate: Took 0.001804 seconds to synchronously load lazily loaded font '../../../Engine/Content/Slate/Fonts/Roboto-Regular.ttf' (155K)
[2019.12.02-11.39.41:968][795]LogContentBrowser: Native class hierarchy updated for 'SkeletonEditor' in 0.0005 seconds. Added 1 classes and 2 folders.
[2019.12.02-11.39.42:108][795]LogActorComponent: RegisterComponentWithWorld: (/Engine/Transient.World_1:PersistentLevel.Actor_0.DebugSkelMeshComponent_0) Already registered. Aborting.
[2019.12.02-11.39.42:597][795]LogContentBrowser: Native class hierarchy updated for 'BlueprintGraph' in 0.0008 seconds. Added 112 classes and 0 folders.
[2019.12.02-11.39.43:165][795]LogSkeletalMesh: USkeletalMeshComponent::InitArticulated : Bodies already created (/Engine/Transient.World_1:PersistentLevel.Actor_0.DebugSkelMeshComponent_0) - call TermArticulated first.
[2019.12.02-11.39.43:303][795]LogSlate: Took 0.003062 seconds to synchronously load lazily loaded font '../../../Engine/Content/Editor/Slate/Fonts/Roboto-BoldCondensed.ttf' (158K)
[2019.12.02-12.04.08:411][431]LogSlate: Took 0.003193 seconds to synchronously load lazily loaded font '../../../Engine/Content/Editor/Slate/Fonts/Roboto-Italic.ttf' (157K)
[2019.12.02-12.08.18:037][758]LogActorComponent: RegisterComponentWithWorld: (/Engine/Transient.World_8:PersistentLevel.Actor_1.DebugSkelMeshComponent_2) Already registered. Aborting.
[2019.12.02-12.08.18:063][758]LogSkeletalMesh: USkeletalMeshComponent::InitArticulated : Bodies already created (/Engine/Transient.World_8:PersistentLevel.Actor_1.DebugSkelMeshComponent_2) - call TermArticulated first.
[2019.12.02-12.08.46:229][618]Cmd: OBJ SAVEPACKAGE PACKAGE="/Game/Character/Animation/Idle_Walk_Run" FILE="D:/Release/Unreal/ThirdPersonProject/Content/Character/Animation/Idle_Walk_Run.uasset" SILENT=true
[2019.12.02-12.08.46:259][618]LogSavePackage: Save=9.01ms
[2019.12.02-12.08.46:259][618]LogSavePackage: Moving 'D:/Release/Unreal/ThirdPersonProject/Saved/Idle_Walk_Run58369B2740889FC6A1977681276E3EC2.tmp' to 'D:/Release/Unreal/ThirdPersonProject/Content/Character/Animation/Idle_Walk_Run.uasset'
[2019.12.02-12.08.46:261][618]LogSavePackage:Display: Finished SavePackage D:/Release/Unreal/ThirdPersonProject/Content/Character/Animation/Idle_Walk_Run.uasset
[2019.12.02-12.17.11:617][782]LogFileHelpers: Editor autosave (incl. sublevels) for '/Game/StarterContent/Maps/Minimal_Default' took 0.033
[2019.12.02-12.17.11:620][782]OBJ SavePackage: Generating thumbnails for [1] asset(s) in package [/Game/Character/CharacterAnimBP] ([1] browsable assets)...
[2019.12.02-12.17.11:652][782]OBJ SavePackage:     Rendered thumbnail for [AnimBlueprint /Game/Character/CharacterAnimBP.CharacterAnimBP]
[2019.12.02-12.17.11:652][782]OBJ SavePackage: Finished generating thumbnails for package [/Game/Character/CharacterAnimBP]
[2019.12.02-12.17.11:652][782]Cmd: OBJ SAVEPACKAGE PACKAGE="/Game/Character/CharacterAnimBP" FILE="D:/Release/Unreal/ThirdPersonProject/Saved/Autosaves/Game/Character/CharacterAnimBP_Auto1.uasset" SILENT=false AUTOSAVING=true
[2019.12.02-12.17.11:675][782]LogSavePackage: Save=20.27ms
[2019.12.02-12.17.11:675][782]LogSavePackage: Moving 'D:/Release/Unreal/ThirdPersonProject/Saved/CharacterAnimBP_Auto1FC3D821441295E0C311F5F8EE617C725.tmp' to 'D:/Release/Unreal/ThirdPersonProject/Saved/Autosaves/Game/Character/CharacterAnimBP_Auto1.uasset'
[2019.12.02-12.17.11:882][782]LogSavePackage:Display: Finished SavePackage D:/Release/Unreal/ThirdPersonProject/Saved/Autosaves/Game/Character/CharacterAnimBP_Auto1.uasset
[2019.12.02-12.17.11:882][782]LogFileHelpers: Auto-saving content packages took 0.264
[2019.12.02-12.19.16:118][409]LogEditorTransaction: Undo 노드 이름변경
[2019.12.02-12.19.16:135][409]LogActorComponent: RegisterComponentWithWorld: (/Engine/Transient.World_1:PersistentLevel.Actor_0.DebugSkelMeshComponent_0) Already registered. Aborting.
[2019.12.02-12.19.16:138][409]LogActorComponent: RegisterComponentWithWorld: (/Engine/Transient.World_8:PersistentLevel.Actor_1.DebugSkelMeshComponent_2) Already registered. Aborting.
[2019.12.02-12.19.55:781][362]Cmd: OBJ SAVEPACKAGE PACKAGE="/Game/Character/CharacterAnimBP" FILE="D:/Release/Unreal/ThirdPersonProject/Content/Character/CharacterAnimBP.uasset" SILENT=true
[2019.12.02-12.19.55:806][362]LogSavePackage: Save=22.98ms
[2019.12.02-12.19.55:806][362]LogSavePackage: Moving 'D:/Release/Unreal/ThirdPersonProject/Saved/CharacterAnimBP3D9A0A2442B1081D0E5E248EA8EF1CE8.tmp' to 'D:/Release/Unreal/ThirdPersonProject/Content/Character/CharacterAnimBP.uasset'
[2019.12.02-12.19.55:807][362]LogSavePackage:Display: Finished SavePackage D:/Release/Unreal/ThirdPersonProject/Content/Character/CharacterAnimBP.uasset
[2019.12.02-12.21.34:859][985]Cmd: OBJ SAVEPACKAGE PACKAGE="/Game/Character/CharacterAnimBP" FILE="D:/Release/Unreal/ThirdPersonProject/Content/Character/CharacterAnimBP.uasset" SILENT=true
[2019.12.02-12.21.34:886][985]LogSavePackage: Save=25.08ms
[2019.12.02-12.21.34:886][985]LogSavePackage: Moving 'D:/Release/Unreal/ThirdPersonProject/Saved/CharacterAnimBP5AE5B84A4087F1389F6C9784E2BCA4C1.tmp' to 'D:/Release/Unreal/ThirdPersonProject/Content/Character/CharacterAnimBP.uasset'
[2019.12.02-12.21.34:887][985]LogSavePackage:Display: Finished SavePackage D:/Release/Unreal/ThirdPersonProject/Content/Character/CharacterAnimBP.uasset
[2019.12.02-12.21.35:702][ 79]BlueprintLog: New page: CharacterAnimBP 컴파일
[2019.12.02-12.21.35:805][ 79]BlueprintEditorCompileResults: 정보  Result  was visible but ignored
[2019.12.02-12.26.00:899][525]BlueprintLog: New page: CharacterAnimBP 컴파일
[2019.12.02-12.26.00:936][525]LogBlueprint:Warning: [Compiler CharacterAnimBP] 경고  JumpEnd -> Idle_Walk_Run  will never be taken, please connect something to  Can Enter Transition
[2019.12.02-12.26.01:023][525]BlueprintEditorCompileResults: 정보  Result  was visible but ignored
[2019.12.02-12.26.01:023][525]BlueprintEditorCompileResults:Warning: 경고  JumpEnd -> Idle_Walk_Run  will never be taken, please connect something to  Can Enter Transition
[2019.12.02-12.26.01:023][525]LogBlueprint:Warning: [Compiler CharacterAnimBP] 경고 [5574.61] CharacterAnimBP 컴파일에 성공했습니다만, 경고가 1 회 있습니다. [소요시간 124 ms] (/Game/Character/CharacterAnimBP.CharacterAnimBP)
[2019.12.02-12.26.41:989][578]BlueprintLog: New page: CharacterAnimBP 컴파일
[2019.12.02-12.26.42:011][578]LogBlueprint:Warning: [Compiler CharacterAnimBP] 경고  JumpEnd -> Idle_Walk_Run  will never be taken, please connect something to  Can Enter Transition
[2019.12.02-12.26.42:114][578]BlueprintEditorCompileResults: 정보  Result  was visible but ignored
[2019.12.02-12.26.42:114][578]BlueprintEditorCompileResults:Warning: 경고  JumpEnd -> Idle_Walk_Run  will never be taken, please connect something to  Can Enter Transition
[2019.12.02-12.26.42:114][578]LogBlueprint:Warning: [Compiler CharacterAnimBP] 경고 [5615.70] CharacterAnimBP 컴파일에 성공했습니다만, 경고가 1 회 있습니다. [소요시간 124 ms] (/Game/Character/CharacterAnimBP.CharacterAnimBP)
[2019.12.02-12.27.17:317][711]BlueprintLog: New page: CharacterAnimBP 컴파일
[2019.12.02-12.27.17:331][711]LogBlueprint:Warning: [Compiler CharacterAnimBP] 경고  JumpEnd -> Idle_Walk_Run  will never be taken, please connect something to  Can Enter Transition
[2019.12.02-12.27.17:414][711]BlueprintEditorCompileResults:Warning: 경고  JumpEnd -> Idle_Walk_Run  will never be taken, please connect something to  Can Enter Transition
[2019.12.02-12.27.17:414][711]LogBlueprint:Warning: [Compiler CharacterAnimBP] 경고 [5651.00] CharacterAnimBP 컴파일에 성공했습니다만, 경고가 1 회 있습니다. [소요시간 97 ms] (/Game/Character/CharacterAnimBP.CharacterAnimBP)
[2019.12.02-12.27.25:836][694]BlueprintLog: New page: CharacterAnimBP 컴파일
[2019.12.02-12.27.25:851][694]LogBlueprint:Warning: [Compiler CharacterAnimBP] 경고  JumpEnd -> Idle_Walk_Run  will never be taken, please connect something to  Can Enter Transition
[2019.12.02-12.27.25:936][694]BlueprintEditorCompileResults:Warning: 경고  JumpEnd -> Idle_Walk_Run  will never be taken, please connect something to  Can Enter Transition
[2019.12.02-12.27.25:936][694]LogBlueprint:Warning: [Compiler CharacterAnimBP] 경고 [5659.52] CharacterAnimBP 컴파일에 성공했습니다만, 경고가 1 회 있습니다. [소요시간 99 ms] (/Game/Character/CharacterAnimBP.CharacterAnimBP)
[2019.12.02-12.27.28:862][ 18]BlueprintLog: New page: CharacterAnimBP 컴파일
[2019.12.02-12.27.28:877][ 18]LogBlueprint:Warning: [Compiler CharacterAnimBP] 경고  JumpEnd -> Idle_Walk_Run  will never be taken, please connect something to  Can Enter Transition
[2019.12.02-12.27.28:957][ 18]BlueprintEditorCompileResults:Warning: 경고  JumpEnd -> Idle_Walk_Run  will never be taken, please connect something to  Can Enter Transition
[2019.12.02-12.27.28:957][ 18]LogBlueprint:Warning: [Compiler CharacterAnimBP] 경고 [5662.54] CharacterAnimBP 컴파일에 성공했습니다만, 경고가 1 회 있습니다. [소요시간 95 ms] (/Game/Character/CharacterAnimBP.CharacterAnimBP)
[2019.12.02-12.27.30:164][158]BlueprintLog: New page: CharacterAnimBP 컴파일
[2019.12.02-12.27.30:180][158]LogBlueprint:Warning: [Compiler CharacterAnimBP] 경고  JumpEnd -> Idle_Walk_Run  will never be taken, please connect something to  Can Enter Transition
[2019.12.02-12.27.30:257][158]BlueprintEditorCompileResults:Warning: 경고  JumpEnd -> Idle_Walk_Run  will never be taken, please connect something to  Can Enter Transition
[2019.12.02-12.27.30:258][158]LogBlueprint:Warning: [Compiler CharacterAnimBP] 경고 [5663.84] CharacterAnimBP 컴파일에 성공했습니다만, 경고가 1 회 있습니다. [소요시간 93 ms] (/Game/Character/CharacterAnimBP.CharacterAnimBP)
[2019.12.02-12.27.31:071][251]BlueprintLog: New page: CharacterAnimBP 컴파일
[2019.12.02-12.27.31:087][251]LogBlueprint:Warning: [Compiler CharacterAnimBP] 경고  JumpEnd -> Idle_Walk_Run  will never be taken, please connect something to  Can Enter Transition
[2019.12.02-12.27.31:170][251]BlueprintEditorCompileResults:Warning: 경고  JumpEnd -> Idle_Walk_Run  will never be taken, please connect something to  Can Enter Transition
[2019.12.02-12.27.31:170][251]LogBlueprint:Warning: [Compiler CharacterAnimBP] 경고 [5664.75] CharacterAnimBP 컴파일에 성공했습니다만, 경고가 1 회 있습니다. [소요시간 99 ms] (/Game/Character/CharacterAnimBP.CharacterAnimBP)
[2019.12.02-12.27.40:714][364]BlueprintLog: New page: CharacterAnimBP 컴파일
[2019.12.02-12.27.44:285][753]Cmd: OBJ SAVEPACKAGE PACKAGE="/Game/Character/CharacterAnimBP" FILE="D:/Release/Unreal/ThirdPersonProject/Content/Character/CharacterAnimBP.uasset" SILENT=true
[2019.12.02-12.27.44:315][753]LogSavePackage: Save=26.28ms
[2019.12.02-12.27.44:315][753]LogSavePackage: Moving 'D:/Release/Unreal/ThirdPersonProject/Saved/CharacterAnimBPBF8E5A854115D02E98CD4689390FC638.tmp' to 'D:/Release/Unreal/ThirdPersonProject/Content/Character/CharacterAnimBP.uasset'
[2019.12.02-12.27.44:316][753]LogSavePackage:Display: Finished SavePackage D:/Release/Unreal/ThirdPersonProject/Content/Character/CharacterAnimBP.uasset
[2019.12.02-12.27.48:496][246]BlueprintLog: New page: CharacterAnimBP 컴파일
[2019.12.02-12.27.56:858][189]BlueprintLog: New page: CharacterAnimBP 컴파일
[2019.12.02-12.28.22:555][825]BlueprintLog: New page: CharacterAnimBP 컴파일
[2019.12.02-12.28.23:802][948]Cmd: OBJ SAVEPACKAGE PACKAGE="/Game/Character/CharacterAnimBP" FILE="D:/Release/Unreal/ThirdPersonProject/Content/Character/CharacterAnimBP.uasset" SILENT=true
[2019.12.02-12.28.23:829][948]LogSavePackage: Save=25.75ms
[2019.12.02-12.28.23:829][948]LogSavePackage: Moving 'D:/Release/Unreal/ThirdPersonProject/Saved/CharacterAnimBP42BC16DA40AD267A05ED6EA933B485D1.tmp' to 'D:/Release/Unreal/ThirdPersonProject/Content/Character/CharacterAnimBP.uasset'
[2019.12.02-12.28.23:830][948]LogSavePackage:Display: Finished SavePackage D:/Release/Unreal/ThirdPersonProject/Content/Character/CharacterAnimBP.uasset
[2019.12.02-12.29.20:320][833]Cmd: OBJ SAVEPACKAGE PACKAGE="/Game/Character/CharacterAnimBP" FILE="D:/Release/Unreal/ThirdPersonProject/Content/Character/CharacterAnimBP.uasset" SILENT=true
[2019.12.02-12.29.20:341][833]LogSavePackage: Save=18.51ms
[2019.12.02-12.29.20:341][833]LogSavePackage: Moving 'D:/Release/Unreal/ThirdPersonProject/Saved/CharacterAnimBP7675371F461CA1D9E9D1CB9994072370.tmp' to 'D:/Release/Unreal/ThirdPersonProject/Content/Character/CharacterAnimBP.uasset'
[2019.12.02-12.29.20:341][833]LogSavePackage:Display: Finished SavePackage D:/Release/Unreal/ThirdPersonProject/Content/Character/CharacterAnimBP.uasset
[2019.12.02-12.32.41:256][ 48]BlueprintLog: New page: CharacterAnimBP 컴파일
[2019.12.02-12.32.42:506][181]LogTemp: Repeting last play command: 선택된 뷰포트
[2019.12.02-12.32.42:513][181]LogBlueprintUserMessages: Early PlayInEditor Detection: Level '/Game/StarterContent/Maps/Minimal_Default.Minimal_Default:PersistentLevel' has LevelScriptBlueprint '/Game/StarterContent/Maps/Minimal_Default.Minimal_Default:PersistentLevel.Minimal_Default' with GeneratedClass '/Game/StarterContent/Maps/Minimal_Default.Minimal_Default_C' with ClassGeneratedBy '/Game/StarterContent/Maps/Minimal_Default.Minimal_Default:PersistentLevel.Minimal_Default'
[2019.12.02-12.32.42:513][181]LogPlayLevel: PlayLevel: No blueprints needed recompiling
[2019.12.02-12.32.42:514][181]PIE: New page: PIE 세션: Minimal_Default (2019. 12. 3. 오전 6:32:42)
[2019.12.02-12.32.42:514][181]LogPlayLevel: Creating play world package: /Game/StarterContent/Maps/UEDPIE_0_Minimal_Default
[2019.12.02-12.32.42:522][181]LogPlayLevel: PIE: StaticDuplicateObject took: (0.008156s)
[2019.12.02-12.32.42:523][181]LogAIModule: Creating AISystem for world Minimal_Default
[2019.12.02-12.32.42:523][181]LogPlayLevel: PIE: World Init took: (0.000743s)
[2019.12.02-12.32.42:523][181]LogPlayLevel: PIE: Created PIE world by copying editor world from /Game/StarterContent/Maps/Minimal_Default.Minimal_Default to /Game/StarterContent/Maps/UEDPIE_0_Minimal_Default.Minimal_Default (0.009201s)
[2019.12.02-12.32.42:547][181]LogInit: XAudio2 using '27DOG-4(NVIDIA High Definition Audio)' : 2 channels at 48 kHz using 16 bits per sample (channel mask 0x3)
[2019.12.02-12.32.42:556][181]LogInit: FAudioDevice initialized.
[2019.12.02-12.32.42:623][181]LogLoad: Game class is 'GameModeBase'
[2019.12.02-12.32.42:624][181]LogWorld: Bringing World /Game/StarterContent/Maps/UEDPIE_0_Minimal_Default.Minimal_Default up for play (max tick rate 0) at 2019.12.02-21.32.42
[2019.12.02-12.32.42:625][181]LogWorld: Bringing up level for play took: 0.001286
[2019.12.02-12.32.42:685][181]LogContentBrowser: Native class hierarchy updated for 'MovieSceneCapture' in 0.0005 seconds. Added 11 classes and 0 folders.
[2019.12.02-12.32.42:688][181]PIE: 정보 /Game/StarterContent/Maps/UEDPIE_0_Minimal_Default 에 대한 에디터에서 플레이 시작 시간: 0.834
[2019.12.02-12.32.42:688][181]LogBlueprintUserMessages: Late PlayInEditor Detection: Level '/Game/StarterContent/Maps/Minimal_Default.Minimal_Default:PersistentLevel' has LevelScriptBlueprint '/Game/StarterContent/Maps/Minimal_Default.Minimal_Default:PersistentLevel.Minimal_Default' with GeneratedClass '/Game/StarterContent/Maps/Minimal_Default.Minimal_Default_C' with ClassGeneratedBy '/Game/StarterContent/Maps/Minimal_Default.Minimal_Default:PersistentLevel.Minimal_Default'
[2019.12.02-12.32.46:101][576]LogBlueprintUserMessages: Early EndPlayMap Detection: Level '/Game/StarterContent/Maps/Minimal_Default.Minimal_Default:PersistentLevel' has LevelScriptBlueprint '/Game/StarterContent/Maps/Minimal_Default.Minimal_Default:PersistentLevel.Minimal_Default' with GeneratedClass '/Game/StarterContent/Maps/Minimal_Default.Minimal_Default_C' with ClassGeneratedBy '/Game/StarterContent/Maps/Minimal_Default.Minimal_Default:PersistentLevel.Minimal_Default'
[2019.12.02-12.32.46:133][576]LogBlueprintUserMessages: Late EndPlayMap Detection: Level '/Game/StarterContent/Maps/Minimal_Default.Minimal_Default:PersistentLevel' has LevelScriptBlueprint '/Game/StarterContent/Maps/Minimal_Default.Minimal_Default:PersistentLevel.Minimal_Default' with GeneratedClass '/Game/StarterContent/Maps/Minimal_Default.Minimal_Default_C' with ClassGeneratedBy '/Game/StarterContent/Maps/Minimal_Default.Minimal_Default:PersistentLevel.Minimal_Default'
[2019.12.02-12.34.02:138][495]LogUObjectBase:Warning: NULL object
[2019.12.02-12.34.02:264][495]LogStats: FPlatformStackWalk::StackWalkAndDump -  0.126 s
[2019.12.02-12.34.02:264][495]LogOutputDevice:Error: === Handled ensure: ===
[2019.12.02-12.34.02:264][495]LogOutputDevice:Error: 
[2019.12.02-12.34.02:264][495]LogOutputDevice:Error: Ensure condition failed: false [File:D:\Build\++UE4+Release-4.15+Compile\Sync\Engine\Source\Editor\Kismet\Private\SKismetInspector.cpp] [Line: 540]
[2019.12.02-12.34.02:264][495]LogOutputDevice:Error: Object in KismetInspector is invalid, see TTP 281915
[2019.12.02-12.34.02:264][495]LogOutputDevice:Error: Stack: 
[2019.12.02-12.34.02:264][495]LogOutputDevice:Error: UE4Editor-Core.dll!0x00000000D69695E6
[2019.12.02-12.34.02:264][495]LogOutputDevice:Error: UE4Editor-Core.dll!0x00000000D6719B82
[2019.12.02-12.34.02:264][495]LogOutputDevice:Error: UE4Editor-Core.dll!0x00000000D672B666
[2019.12.02-12.34.02:264][495]LogOutputDevice:Error: UE4Editor-Kismet.dll!0x00000000CAC08AD1
[2019.12.02-12.34.02:264][495]LogOutputDevice:Error: UE4Editor-Kismet.dll!0x00000000CAC054F6
[2019.12.02-12.34.02:264][495]LogOutputDevice:Error: UE4Editor-SlateCore.dll!0x00000000D5888C02
[2019.12.02-12.34.02:264][495]LogOutputDevice:Error: UE4Editor-SlateCore.dll!0x00000000D588778E
[2019.12.02-12.34.02:264][495]LogOutputDevice:Error: UE4Editor-Slate.dll!0x00000000CF96CECC
[2019.12.02-12.34.02:264][495]LogOutputDevice:Error: UE4Editor-SlateCore.dll!0x00000000D5888C55
[2019.12.02-12.34.02:264][495]LogOutputDevice:Error: UE4Editor-SlateCore.dll!0x00000000D5887ABE
[2019.12.02-12.34.02:264][495]LogOutputDevice:Error: UE4Editor-SlateCore.dll!0x00000000D5888C55
[2019.12.02-12.34.02:264][495]LogOutputDevice:Error: UE4Editor-SlateCore.dll!0x00000000D5889060
[2019.12.02-12.34.02:264][495]LogOutputDevice:Error: UE4Editor-SlateCore.dll!0x00000000D5887C08
[2019.12.02-12.34.02:264][495]LogOutputDevice:Error: UE4Editor-SlateCore.dll!0x00000000D5888C55
[2019.12.02-12.34.02:264][495]LogOutputDevice:Error: UE4Editor-SlateCore.dll!0x00000000D588778E
[2019.12.02-12.34.02:264][495]LogOutputDevice:Error: UE4Editor-SlateCore.dll!0x00000000D5888C55
[2019.12.02-12.34.02:264][495]LogOutputDevice:Error: UE4Editor-SlateCore.dll!0x00000000D5889060
[2019.12.02-12.34.02:264][495]LogOutputDevice:Error: UE4Editor-Slate.dll!0x00000000CF9E91BD
[2019.12.02-12.34.02:264][495]LogOutputDevice:Error: UE4Editor-SlateCore.dll!0x00000000D5888C55
[2019.12.02-12.34.02:264][495]LogOutputDevice:Error: UE4Editor-SlateCore.dll!0x00000000D588778E
[2019.12.02-12.34.02:264][495]LogOutputDevice:Error: UE4Editor-SlateCore.dll!0x00000000D5888C55
[2019.12.02-12.34.02:264][495]LogOutputDevice:Error: UE4Editor-SlateCore.dll!0x00000000D5889060
[2019.12.02-12.34.02:264][495]LogOutputDevice:Error: UE4Editor-Slate.dll!0x00000000CF9E91BD
[2019.12.02-12.34.02:264][495]LogOutputDevice:Error: UE4Editor-SlateCore.dll!0x00000000D5888C55
[2019.12.02-12.34.02:264][495]LogOutputDevice:Error: UE4Editor-SlateCore.dll!0x00000000D588778E
[2019.12.02-12.34.02:264][495]LogOutputDevice:Error: UE4Editor-SlateCore.dll!0x00000000D5888C55
[2019.12.02-12.34.02:264][495]LogOutputDevice:Error: UE4Editor-SlateCore.dll!0x00000000D5889060
[2019.12.02-12.34.02:264][495]LogOutputDevice:Error: UE4Editor-Slate.dll!0x00000000CF9E91BD
[2019.12.02-12.34.02:264][495]LogOutputDevice:Error: UE4Editor-SlateCore.dll!0x00000000D5888C55
[2019.12.02-12.34.02:264][495]LogOutputDevice:Error: UE4Editor-SlateCore.dll!0x00000000D5887ABE
[2019.12.02-12.34.02:264][495]LogOutputDevice:Error: UE4Editor-SlateCore.dll!0x00000000D5888C55
[2019.12.02-12.34.02:264][495]LogOutputDevice:Error: UE4Editor-SlateCore.dll!0x00000000D588778E
[2019.12.02-12.34.02:264][495]LogOutputDevice:Error: UE4Editor-SlateCore.dll!0x00000000D5888C55
[2019.12.02-12.34.02:264][495]LogOutputDevice:Error: UE4Editor-SlateCore.dll!0x00000000D5889060
[2019.12.02-12.34.02:264][495]LogOutputDevice:Error: UE4Editor-SlateCore.dll!0x00000000D5887C08
[2019.12.02-12.34.02:264][495]LogOutputDevice:Error: UE4Editor-SlateCore.dll!0x00000000D5888C55
[2019.12.02-12.34.02:264][495]LogOutputDevice:Error: UE4Editor-SlateCore.dll!0x00000000D588778E
[2019.12.02-12.34.02:264][495]LogOutputDevice:Error: UE4Editor-SlateCore.dll!0x00000000D5888C55
[2019.12.02-12.34.02:264][495]LogOutputDevice:Error: UE4Editor-SlateCore.dll!0x00000000D588778E
[2019.12.02-12.34.02:264][495]LogOutputDevice:Error: UE4Editor-Slate.dll!0x00000000CF96CECC
[2019.12.02-12.34.02:264][495]LogOutputDevice:Error: UE4Editor-SlateCore.dll!0x00000000D5888C55
[2019.12.02-12.34.02:264][495]LogOutputDevice:Error: UE4Editor-SlateCore.dll!0x00000000D5887ABE
[2019.12.02-12.34.02:264][495]LogOutputDevice:Error: UE4Editor-SlateCore.dll!0x00000000D5888C55
[2019.12.02-12.34.02:264][495]LogOutputDevice:Error: UE4Editor-SlateCore.dll!0x00000000D5889060
[2019.12.02-12.34.02:264][495]LogOutputDevice:Error: UE4Editor-SlateCore.dll!0x00000000D5887C08
[2019.12.02-12.34.02:264][495]LogOutputDevice:Error: UE4Editor-SlateCore.dll!0x00000000D5888C55
[2019.12.02-12.34.02:264][495]LogOutputDevice:Error: UE4Editor-SlateCore.dll!0x00000000D588778E
[2019.12.02-12.34.02:264][495]LogOutputDevice:Error: UE4Editor-SlateCore.dll!0x00000000D5888C55
[2019.12.02-12.34.02:264][495]LogOutputDevice:Error: UE4Editor-SlateCore.dll!0x00000000D5889060
[2019.12.02-12.34.02:264][495]LogOutputDevice:Error: UE4Editor-Slate.dll!0x00000000CF9E91BD
[2019.12.02-12.34.02:264][495]LogOutputDevice:Error: UE4Editor-SlateCore.dll!0x00000000D5888C55
[2019.12.02-12.34.02:264][495]LogOutputDevice:Error: UE4Editor-SlateCore.dll!0x00000000D5887ABE
[2019.12.02-12.34.02:264][495]LogOutputDevice:Error: UE4Editor-SlateCore.dll!0x00000000D5888C55
[2019.12.02-12.34.02:264][495]LogOutputDevice:Error: UE4Editor-SlateCore.dll!0x00000000D588778E
[2019.12.02-12.34.02:264][495]LogOutputDevice:Error: UE4Editor-SlateCore.dll!0x00000000D5888C55
[2019.12.02-12.34.02:264][495]LogOutputDevice:Error: UE4Editor-SlateCore.dll!0x00000000D5889060
[2019.12.02-12.34.02:264][495]LogOutputDevice:Error: UE4Editor-SlateCore.dll!0x00000000D5887C08
[2019.12.02-12.34.02:264][495]LogOutputDevice:Error: UE4Editor-SlateCore.dll!0x00000000D5888C55
[2019.12.02-12.34.02:264][495]LogOutputDevice:Error: UE4Editor-SlateCore.dll!0x00000000D5889060
[2019.12.02-12.34.02:264][495]LogOutputDevice:Error: UE4Editor-SlateCore.dll!0x00000000D5887C08
[2019.12.02-12.34.02:264][495]LogOutputDevice:Error: UE4Editor-SlateCore.dll!0x00000000D5888C55
[2019.12.02-12.34.02:264][495]LogOutputDevice:Error: UE4Editor-SlateCore.dll!0x00000000D5887ABE
[2019.12.02-12.34.02:264][495]LogOutputDevice:Error: UE4Editor-SlateCore.dll!0x00000000D5888C55
[2019.12.02-12.34.02:264][495]LogOutputDevice:Error: UE4Editor-SlateCore.dll!0x00000000D588778E
[2019.12.02-12.34.02:264][495]LogOutputDevice:Error: UE4Editor-SlateCore.dll!0x00000000D5887CAA
[2019.12.02-12.34.02:264][495]LogOutputDevice:Error: UE4Editor-SlateCore.dll!0x00000000D5888C55
[2019.12.02-12.34.02:264][495]LogOutputDevice:Error: UE4Editor-Slate.dll!0x00000000CF7B30FD
[2019.12.02-12.34.02:264][495]LogOutputDevice:Error: UE4Editor-Slate.dll!0x00000000CF7ECF94
[2019.12.02-12.34.02:264][495]LogOutputDevice:Error: UE4Editor-Slate.dll!0x00000000CF7B41C0
[2019.12.02-12.34.02:264][495]LogOutputDevice:Error: UE4Editor-Slate.dll!0x00000000CF812674
[2019.12.02-12.34.02:264][495]LogOutputDevice:Error: UE4Editor-Slate.dll!0x00000000CF8115C0
[2019.12.02-12.34.02:264][495]LogOutputDevice:Error: UE4Editor.exe!0x000000003F68EA1D
[2019.12.02-12.34.02:264][495]LogOutputDevice:Error: UE4Editor.exe!0x000000003F67EB40
[2019.12.02-12.34.02:264][495]LogOutputDevice:Error: UE4Editor.exe!0x000000003F67EBBA
[2019.12.02-12.34.02:264][495]LogOutputDevice:Error: UE4Editor.exe!0x000000003F690A29
[2019.12.02-12.34.02:264][495]LogOutputDevice:Error: UE4Editor.exe!0x000000003F6922B6
[2019.12.02-12.34.02:264][495]LogOutputDevice:Error: kernel32.dll!0x00000000779C570D
[2019.12.02-12.34.02:264][495]LogOutputDevice:Error: ntdll.dll!0x0000000077B2385D
[2019.12.02-12.34.02:264][495]LogOutputDevice:Error: 
[2019.12.02-12.34.02:273][495]LogStats:                SubmitErrorReport -  0.000 s
