Log file open, 11/16/19 18:00:02
LogInit:Display: Running engine for game: MyProject
LogPlatformFile: Not using cached read wrapper
LogInit:Display: RandInit(35946772) SRandInit(35946773).
LogTaskGraph: Started task graph with 5 named threads and 8 total threads with 1 sets of task threads.
LogStats: Stats thread started at 0.077401
LogInit: Using libcurl 7.47.1
LogInit:  - built for x86_64-pc-win32
LogInit:  - supports SSL with OpenSSL/1.0.2g
LogInit:  - supports HTTP deflate (compression) using libz 1.2.8
LogInit:  - other features:
LogInit:      CURL_VERSION_SSL
LogInit:      CURL_VERSION_LIBZ
LogInit:      CURL_VERSION_IPV6
LogInit:      CURL_VERSION_ASYNCHDNS
LogInit:      CURL_VERSION_LARGEFILE
LogInit:      CURL_VERSION_IDN
LogInit:  CurlRequestOptions (configurable via config and command line):
LogInit:  - bVerifyPeer = false  - Libcurl will NOT verify peer certificate
LogInit:  - bUseHttpProxy = false  - Libcurl will NOT use HTTP proxy
LogInit:  - bDontReuseConnections = false  - Libcurl will reuse connections
LogInit:  - CertBundlePath = nullptr  - Libcurl will use whatever was configured at build time.
LogInit: Build: ++UE4+Release-4.15-CL-3450819
LogInit: Engine Version: 4.15.3-3450819+++UE4+Release-4.15
LogInit: Compatible Engine Version: 4.15.0-3299760+++UE4+Release-4.15
LogInit: Net CL: 3299760
LogDevObjectVersion: Number of dev versions registered: 14
LogDevObjectVersion:   Dev-Blueprints (B0D832E4-1F89-4F0D-ACCF-7EB736FD4AA2): 8
LogDevObjectVersion:   Dev-Build (E1C64328-A22C-4D53-A36C-8E866417BD8C): 0
LogDevObjectVersion:   Dev-Core (375EC13C-06E4-48FB-B500-84F0262A717E): 2
LogDevObjectVersion:   Dev-Editor (E4B068ED-F494-42E9-A231-DA0B2E46BB41): 14
LogDevObjectVersion:   Dev-Framework (CFFC743F-43B0-4480-9391-14DF171D2073): 22
LogDevObjectVersion:   Dev-Mobile (B02B49B5-BB20-44E9-A304-32B752E40360): 0
LogDevObjectVersion:   Dev-Networking (A4E4105C-59A1-49B5-A7C5-40C4547EDFEE): 0
LogDevObjectVersion:   Dev-Online (39C831C9-5AE6-47DC-9A44-9C173E1C8E7C): 0
LogDevObjectVersion:   Dev-Physics (78F01B33-EBEA-4F98-B9B4-84EACCB95AA2): 0
LogDevObjectVersion:   Dev-Platform (6631380F-2D4D-43E0-8009-CF276956A95A): 0
LogDevObjectVersion:   Dev-Rendering (12F88B9F-8875-4AFC-A67C-D90C383ABD29): 12
LogDevObjectVersion:   Dev-Sequencer (7B5AE74C-D270-4C10-A958-57980B212A5A): 3
LogDevObjectVersion:   Dev-VR (D7296918-1DD6-4BDD-9DE2-64A83CC13884): 0
LogDevObjectVersion:   Dev-LoadTimes (C2A15278-BFE7-4AFE-6C17-90FF531DF755): 1
LogInit: Compiled (64-bit): May 21 2017 11:02:34
LogInit: Compiled with Visual C++: 19.00.23026.00
LogInit: Build Configuration: Development
LogInit: Branch Name: ++UE4+Release-4.15
LogInit: Command line: -EpicPortal  -epicusername="dbwmzl1221" -epicuserid=66e3ab35bc9848fda1590c5682897d77 -epiclocale=ko-KR
LogInit: Base directory: C:/Program Files/Epic Games/UE_4.15/Engine/Binaries/Win64/
LogInit: Installed Engine Build: 1
LogInit: Presizing for max 8388607 objects, including 0 objects not considered by GC, pre-allocating 0 bytes for permanent pool.
LogInit: Object subsystem initialized
[2019.11.16-09.00.04:267][  0]LogInit: Selected Device Profile: [Windows]
[2019.11.16-09.00.04:267][  0]LogInit: Applying CVar settings loaded from the selected device profile: [Windows]
[2019.11.16-09.00.04:275][  0]LogInit: Computer: SON-PC
[2019.11.16-09.00.04:275][  0]LogInit: User: SON
[2019.11.16-09.00.04:275][  0]LogInit: CPU Page size=65536, Cores=4
[2019.11.16-09.00.04:275][  0]LogInit: High frequency timer resolution =3.234648 MHz
[2019.11.16-09.00.04:275][  0]LogMemory: Memory total: Physical=15.9GB (16GB approx)
[2019.11.16-09.00.04:275][  0]LogMemory: Platform Memory Stats for Windows
[2019.11.16-09.00.04:275][  0]LogMemory: Process Physical Memory: 265.33 MB used, 265.33 MB peak
[2019.11.16-09.00.04:275][  0]LogMemory: Process Virtual Memory: 263.98 MB used, 263.98 MB peak
[2019.11.16-09.00.04:275][  0]LogMemory: Physical Memory: 5479.89 MB used,  10823.98 MB free, 16303.88 MB total
[2019.11.16-09.00.04:275][  0]LogMemory: Virtual Memory: 632.02 MB used,  10823.98 MB free, 8388608.00 MB total
[2019.11.16-09.00.04:391][  0]LogTextLocalizationManager: No specific translations for ('ko-KR') exist, so ('ko') translations will be used.
[2019.11.16-09.00.04:435][  0]LogTextLocalizationManager:Warning: Loaded localization resources contain conflicting entries for (Namespace:KismetSchema, Key:Default):
Localization Resource: (C:/Program Files/Epic Games/UE_4.15/Engine/Content/Localization/EditorTutorials/ko/EditorTutorials.locres) Source String Hash: (940523119) Localized String: (디폴트)
Localization Resource: (C:/Program Files/Epic Games/UE_4.15/Engine/Content/Localization/Engine/ko/Engine.locres) Source String Hash: (940523119) Localized String: (기본)
[2019.11.16-09.00.04:435][  0]LogTextLocalizationManager:Warning: Loaded localization resources contain conflicting entries for (Namespace:UObjectToolTips, Key:AnimNode_AssetPlayerBase:InternalTimeAccumulator):
Localization Resource: (C:/Program Files/Epic Games/UE_4.15/Engine/Content/Localization/EditorTutorials/ko/EditorTutorials.locres) Source String Hash: (502993589) Localized String: (이 노드에서 애셋을 레퍼런싱하는 데 사용되는 누적 시간입니다.)
Localization Resource: (C:/Program Files/Epic Games/UE_4.15/Engine/Content/Localization/ToolTips/ko/ToolTips.locres) Source String Hash: (502993589) Localized String: (내부 시간 누산기 - 이 노드에서 애셋을 레퍼런싱하는 데 사용된 누적 시간입니다.)
Localization Resource: (C:/Program Files/Epic Games/UE_4.15/Engine/Content/Localization/Engine/ko/Engine.locres) Source String Hash: (502993589) Localized String: (이 노드에서 애셋을 레퍼런싱하는 데 사용된 누적 시간입니다.)
[2019.11.16-09.00.04:435][  0]LogTextLocalizationManager:Warning: Loaded localization resources contain conflicting entries for (Namespace:UObjectToolTips, Key:AnimNode_AssetPlayerBase:bIgnoreForRelevancyTest):
Localization Resource: (C:/Program Files/Epic Games/UE_4.15/Engine/Content/Localization/EditorTutorials/ko/EditorTutorials.locres) Source String Hash: (319969718) Localized String: (True 면, 스테이트에서 최고 가중치 애니메이션을 찾는 "Relevant anim" 노드는 이 노드를 무시합니다.
 )
Localization Resource: (C:/Program Files/Epic Games/UE_4.15/Engine/Content/Localization/ToolTips/ko/ToolTips.locres) Source String Hash: (319969718) Localized String: (연관성 테스트에 무시 - true 인 경우 스테이트 내 최고 웨이팅된 애니메이션을 찾는 "Relevant anim" (연관 애님) 노드가
이 노드를 무시합니다.)
Localization Resource: (C:/Program Files/Epic Games/UE_4.15/Engine/Content/Localization/Engine/ko/Engine.locres) Source String Hash: (319969718) Localized String: (True 면 스테이트 내 최고 웨이팅된 애니메이션을 찾는 "Relevant anim" 노드가 무시됩니다.
 )
[2019.11.16-09.00.04:435][  0]LogTextLocalizationManager:Warning: Loaded localization resources contain conflicting entries for (Namespace:UObjectToolTips, Key:AnimNode_AssetPlayerBase:BlendWeight):
Localization Resource: (C:/Program Files/Epic Games/UE_4.15/Engine/Content/Localization/EditorTutorials/ko/EditorTutorials.locres) Source String Hash: (-1232800293) Localized String: (이 노드에 마지막 걸린 블렌드웨이트 입니다.)
Localization Resource: (C:/Program Files/Epic Games/UE_4.15/Engine/Content/Localization/ToolTips/ko/ToolTips.locres) Source String Hash: (-1232800293) Localized String: (블렌드 웨이트 - 이 노드에 대해 마지막으로 접한 블렌드 웨이트입니다.)
Localization Resource: (C:/Program Files/Epic Games/UE_4.15/Engine/Content/Localization/Engine/ko/Engine.locres) Source String Hash: (-1232800293) Localized String: (이 노드에 대해 마지막 접한 블렌드 웨이트)
[2019.11.16-09.00.04:435][  0]LogTextLocalizationManager:Warning: Loaded localization resources contain conflicting entries for (Namespace:UObjectToolTips, Key:AnimNode_BlendSpacePlayer:bLoop):
Localization Resource: (C:/Program Files/Epic Games/UE_4.15/Engine/Content/Localization/EditorTutorials/ko/EditorTutorials.locres) Source String Hash: (2133979316) Localized String: (애니메이션이 끝까지 재생되면 반복할까요?)
Localization Resource: (C:/Program Files/Epic Games/UE_4.15/Engine/Content/Localization/ToolTips/ko/ToolTips.locres) Source String Hash: (2133979316) Localized String: (루프 - 애니메이션이 끝에 도달했을 때 계속 반복할까요?)
[2019.11.16-09.00.04:435][  0]LogTextLocalizationManager:Warning: Loaded localization resources contain conflicting entries for (Namespace:UObjectToolTips, Key:AnimNode_StateMachine:bSkipFirstUpdateTransition):
Localization Resource: (C:/Program Files/Epic Games/UE_4.15/Engine/Content/Localization/EditorTutorials/ko/EditorTutorials.locres) Source String Hash: (1865475011) Localized String: (첫 업데이트시 도입 상태에서의 트랜지션을 건너뛸까요? 
기본은 true 로, 첫 업데이트시에는 트랜지션 데이터를 버립니다.)
Localization Resource: (C:/Program Files/Epic Games/UE_4.15/Engine/Content/Localization/ToolTips/ko/ToolTips.locres) Source String Hash: (1865475011) Localized String: (첫 번째 업데이트 트랜지션 건너뛰기 - 첫 번째 업데이트에서 입력 스테이트의 트랜지션을 건너뜁니까?
디폴트는 true 고 첫 번째 업데이트의 트랜지션 데이터를 버립니다.)
[2019.11.16-09.00.04:435][  0]LogTextLocalizationManager:Warning: Loaded localization resources contain conflicting entries for (Namespace:UObjectToolTips, Key:AnimNode_BlendSpacePlayer:X):
Localization Resource: (C:/Program Files/Epic Games/UE_4.15/Engine/Content/Localization/EditorTutorials/ko/EditorTutorials.locres) Source String Hash: (2060772590) Localized String: (블렌드스페이스에서 샘플링할 X 좌표입니다.)
Localization Resource: (C:/Program Files/Epic Games/UE_4.15/Engine/Content/Localization/ToolTips/ko/ToolTips.locres) Source String Hash: (2060772590) Localized String: (X - 블렌드스페이스 샘플의 X 좌표입니다.)
[2019.11.16-09.00.04:435][  0]LogTextLocalizationManager:Warning: Loaded localization resources contain conflicting entries for (Namespace:UObjectToolTips, Key:AnimNode_BlendSpacePlayer:Y):
Localization Resource: (C:/Program Files/Epic Games/UE_4.15/Engine/Content/Localization/EditorTutorials/ko/EditorTutorials.locres) Source String Hash: (-1719607538) Localized String: (블렌드스페이스에서 샘플링할 Y 좌표입니다.)
Localization Resource: (C:/Program Files/Epic Games/UE_4.15/Engine/Content/Localization/ToolTips/ko/ToolTips.locres) Source String Hash: (-1719607538) Localized String: (Y - 블렌드스페이스 샘플의 Y 좌표입니다.)
[2019.11.16-09.00.04:435][  0]LogTextLocalizationManager:Warning: Loaded localization resources contain conflicting entries for (Namespace:UObjectToolTips, Key:AnimNode_BlendSpacePlayer:Z):
Localization Resource: (C:/Program Files/Epic Games/UE_4.15/Engine/Content/Localization/EditorTutorials/ko/EditorTutorials.locres) Source String Hash: (1728943471) Localized String: (블렌드스페이스에서 샘플링할 Z 좌표입니다.)
Localization Resource: (C:/Program Files/Epic Games/UE_4.15/Engine/Content/Localization/ToolTips/ko/ToolTips.locres) Source String Hash: (1728943471) Localized String: (Z - 블렌드스페이스 샘플의 Z 좌표입니다.)
[2019.11.16-09.00.04:435][  0]LogTextLocalizationManager:Warning: Loaded localization resources contain conflicting entries for (Namespace:UObjectToolTips, Key:AnimNode_BlendSpacePlayer:BlendSpace):
Localization Resource: (C:/Program Files/Epic Games/UE_4.15/Engine/Content/Localization/EditorTutorials/ko/EditorTutorials.locres) Source String Hash: (1599043277) Localized String: (재생할 블렌드스페이스 애셋입니다.)
Localization Resource: (C:/Program Files/Epic Games/UE_4.15/Engine/Content/Localization/ToolTips/ko/ToolTips.locres) Source String Hash: (1599043277) Localized String: (블렌드스페이스 - 재생할 블렌드스페이스 애셋입니다.)
[2019.11.16-09.00.04:435][  0]LogTextLocalizationManager:Warning: Loaded localization resources contain conflicting entries for (Namespace:UObjectToolTips, Key:AnimNode_StateMachine:MaxTransitionsPerFrame):
Localization Resource: (C:/Program Files/Epic Games/UE_4.15/Engine/Content/Localization/EditorTutorials/ko/EditorTutorials.locres) Source String Hash: (1567650430) Localized String: (이 머신에서 한 프레임 내 '동시에' 취할 수 있는 트랜지션 최대 수입니다.)
Localization Resource: (C:/Program Files/Epic Games/UE_4.15/Engine/Content/Localization/ToolTips/ko/ToolTips.locres) Source String Hash: (1567650430) Localized String: (프레임 당 최대 트랜지션 - 한 프레임에서 이 머신이 동시에 취할 수 있는 트랜지션 최대 수입니다.)
[2019.11.16-09.00.04:435][  0]LogTextLocalizationManager:Warning: Loaded localization resources contain conflicting entries for (Namespace:UObjectToolTips, Key:AnimNode_BlendSpacePlayer:PlayRate):
Localization Resource: (C:/Program Files/Epic Games/UE_4.15/Engine/Content/Localization/EditorTutorials/ko/EditorTutorials.locres) Source String Hash: (-1274923958) Localized String: (재생 속도 배수입니다. 음수가 되면 애니메이션을 역순으로 재생하게 됩니다.)
Localization Resource: (C:/Program Files/Epic Games/UE_4.15/Engine/Content/Localization/ToolTips/ko/ToolTips.locres) Source String Hash: (-1274923958) Localized String: (재생 속도 - 재생 속도 배수입니다. 음수가 되면 애니메이션을 거꾸로 재생합니다.)
[2019.11.16-09.00.04:435][  0]LogTextLocalizationManager:Warning: Loaded localization resources contain conflicting entries for (Namespace:UObjectToolTips, Key:AnimNode_BlendSpacePlayer:StartPosition):
Localization Resource: (C:/Program Files/Epic Games/UE_4.15/Engine/Content/Localization/EditorTutorials/ko/EditorTutorials.locres) Source String Hash: (-207153555) Localized String: (시작 위치 범위는 [0,1] 이며, 재초기화시에만 적용됩니다.
루핑을 하면, 1 회전 후 0.f 부터 시작할 것입니다.)
Localization Resource: (C:/Program Files/Epic Games/UE_4.15/Engine/Content/Localization/ToolTips/ko/ToolTips.locres) Source String Hash: (-207153555) Localized String: (시작 위치 - [0, 1] 범위의 시작 위치로, 재초기화할 때만 적용됩니다.
반복하면 1회전 후 0.f 부터 시작됩니다.)
[2019.11.16-09.00.04:435][  0]LogTextLocalizationManager:Warning: Loaded localization resources contain conflicting entries for (Namespace:UObjectToolTips, Key:CameraFilmbackSettings:SensorWidth):
Localization Resource: (C:/Program Files/Epic Games/UE_4.15/Engine/Content/Localization/ToolTips/ko/ToolTips.locres) Source String Hash: (-1448580153) Localized String: (센서 폭 - 필름백 또는 디지털 센서의 가로 크기로, mm 단위입니다.)
Localization Resource: (C:/Program Files/Epic Games/UE_4.15/Engine/Content/Localization/Engine/ko/Engine.locres) Source String Hash: (-1448580153) Localized String: (필름백 또는 디지털 센서의 가로 크기로, mm 단위입니다.)
[2019.11.16-09.00.04:435][  0]LogTextLocalizationManager:Warning: Loaded localization resources contain conflicting entries for (Namespace:UObjectToolTips, Key:CameraFilmbackSettings:SensorAspectRatio):
Localization Resource: (C:/Program Files/Epic Games/UE_4.15/Engine/Content/Localization/ToolTips/ko/ToolTips.locres) Source String Hash: (-194807515) Localized String: (센서 종횡비 - 읽기 전용입니다. 센서 치수에서 계산했습니다.)
Localization Resource: (C:/Program Files/Epic Games/UE_4.15/Engine/Content/Localization/Engine/ko/Engine.locres) Source String Hash: (-194807515) Localized String: (읽기 전용입니다. 센서 크기에서 계산했습니다.)
[2019.11.16-09.00.04:435][  0]LogTextLocalizationManager:Warning: Loaded localization resources contain conflicting entries for (Namespace:UObjectToolTips, Key:AnimNode_SequencePlayer:bLoopAnimation):
Localization Resource: (C:/Program Files/Epic Games/UE_4.15/Engine/Content/Localization/ToolTips/ko/ToolTips.locres) Source String Hash: (2133979316) Localized String: (루프 - 애니메이션이 끝에 도달했을 때 계속 반복시켜야 할까요?)
Localization Resource: (C:/Program Files/Epic Games/UE_4.15/Engine/Content/Localization/Engine/ko/Engine.locres) Source String Hash: (2133979316) Localized String: (애니메이션이 끝에 도달하면 계속해서 루핑시킬것인지 입니다.)
[2019.11.16-09.00.04:435][  0]LogTextLocalizationManager:Warning: Loaded localization resources contain conflicting entries for (Namespace:UObjectToolTips, Key:AnimNode_SequencePlayer:Sequence):
Localization Resource: (C:/Program Files/Epic Games/UE_4.15/Engine/Content/Localization/ToolTips/ko/ToolTips.locres) Source String Hash: (421436424) Localized String: (시퀀스 - 재생할 애니메이션 시퀀스 애셋입니다.)
Localization Resource: (C:/Program Files/Epic Games/UE_4.15/Engine/Content/Localization/Engine/ko/Engine.locres) Source String Hash: (421436424) Localized String: (재생할 애니메이션 시퀀스 애셋입니다.)
[2019.11.16-09.00.04:435][  0]LogTextLocalizationManager:Warning: Loaded localization resources contain conflicting entries for (Namespace:UObjectToolTips, Key:AnimNode_SequencePlayer:PlayRate):
Localization Resource: (C:/Program Files/Epic Games/UE_4.15/Engine/Content/Localization/ToolTips/ko/ToolTips.locres) Source String Hash: (-1274923958) Localized String: (재생 속도 - 재생 속도 배수입니다. 음수가 될 수 있으며, 그러면 애니메이션이 거꾸로 재생됩니다.)
Localization Resource: (C:/Program Files/Epic Games/UE_4.15/Engine/Content/Localization/Engine/ko/Engine.locres) Source String Hash: (-1274923958) Localized String: (플레이 속도 배수입니다. 음수가 되면 애니메이션이 역방향으로 재생됩니다.)
[2019.11.16-09.00.04:435][  0]LogTextLocalizationManager:Warning: Loaded localization resources contain conflicting entries for (Namespace:UObjectToolTips, Key:AnimNode_SequencePlayer:StartPosition):
Localization Resource: (C:/Program Files/Epic Games/UE_4.15/Engine/Content/Localization/ToolTips/ko/ToolTips.locres) Source String Hash: (771611000) Localized String: (시작 위치 - 시작 위치로 재초기화할 때만 적용됩니다.
반복하면, 1회전 후 0.f 부터 시작됩니다.)
Localization Resource: (C:/Program Files/Epic Games/UE_4.15/Engine/Content/Localization/Engine/ko/Engine.locres) Source String Hash: (771611000) Localized String: (시작 위치로, 재초기화시에만 적용됩니다.
루핑을 하면, 1회전 후 0.f 부터 시작할 것입니다.)
[2019.11.16-09.00.04:435][  0]LogTextLocalizationManager:Warning: Loaded localization resources contain conflicting entries for (Namespace:UObjectToolTips, Key:CameraFilmbackSettings:SensorHeight):
Localization Resource: (C:/Program Files/Epic Games/UE_4.15/Engine/Content/Localization/ToolTips/ko/ToolTips.locres) Source String Hash: (-1311569777) Localized String: (센서 높이 - 필름백 또는 디지털 센서의 세로 크기로, mm 단위입니다.)
Localization Resource: (C:/Program Files/Epic Games/UE_4.15/Engine/Content/Localization/Engine/ko/Engine.locres) Source String Hash: (-1311569777) Localized String: (필름백 또는 디지털 센서의 세로 크기로, mm 단위입니다.)
[2019.11.16-09.00.04:855][  0]LogD3D11RHI: D3D11 adapters:
[2019.11.16-09.00.04:872][  0]LogD3D11RHI:    0. 'NVIDIA GeForce GTX 960' (Feature Level 11_0)
[2019.11.16-09.00.04:872][  0]LogD3D11RHI:       1969/0/2048 MB DedicatedVideo/DedicatedSystem/SharedSystem, Outputs:2, VendorId:0x10de
[2019.11.16-09.00.04:872][  0]LogD3D11RHI: Chosen D3D11 Adapter: 0
[2019.11.16-09.00.04:878][  0]LogD3D11RHI: Creating new Direct3DDevice
[2019.11.16-09.00.04:878][  0]LogD3D11RHI:     GPU DeviceId: 0x1401 (for the marketing name, search the web for "GPU Device Id")
[2019.11.16-09.00.04:878][  0]LogWindows: EnumDisplayDevices:
[2019.11.16-09.00.04:878][  0]LogWindows:    0. 'NVIDIA GeForce GTX 960' (P:0 D:1)
[2019.11.16-09.00.04:879][  0]LogWindows:    1. 'NVIDIA GeForce GTX 960' (P:1 D:1)
[2019.11.16-09.00.04:879][  0]LogWindows:    2. 'NVIDIA GeForce GTX 960' (P:0 D:0)
[2019.11.16-09.00.04:879][  0]LogWindows:    3. 'NVIDIA GeForce GTX 960' (P:0 D:0)
[2019.11.16-09.00.04:879][  0]LogWindows:    4. 'RDPDD Chained DD' (P:0 D:0)
[2019.11.16-09.00.04:879][  0]LogWindows:    5. 'RDP Encoder Mirror Driver' (P:0 D:0)
[2019.11.16-09.00.04:880][  0]LogWindows:    6. 'RDP Reflector Display Driver' (P:0 D:0)
[2019.11.16-09.00.04:880][  0]LogWindows: DebugString: GetVideoDriverDetailsInvalid PrimaryIsNotTheChoosenAdapter GetVideoDriverDetailsInvalid PrimaryIsNotTheChoosenAdapter GetVideoDriverDetailsInvalid PrimaryIsNotTheChoosenAdapter FoundDriverCount:4 
[2019.11.16-09.00.04:880][  0]LogD3D11RHI:     Adapter Name: NVIDIA GeForce GTX 960
[2019.11.16-09.00.04:880][  0]LogD3D11RHI:   Driver Version: 358.91 (internal:10.18.13.5891, unified:358.91)
[2019.11.16-09.00.04:880][  0]LogD3D11RHI:      Driver Date: 11-5-2015
[2019.11.16-09.00.04:880][  0]LogRHI: Texture pool is 1361 MB (70% of 1945 MB)
[2019.11.16-09.00.04:890][  0]LogD3D11RHI: NvAPI_D3D_GetCurrentSLIState failed: 0xfffffff7
[2019.11.16-09.00.04:890][  0]LogD3D11RHI: Async texture creation enabled
[2019.11.16-09.00.04:903][  0]LogD3D11RHI: GPU Timing Frequency: 1000.000000 (Debug: 2 2)
[2019.11.16-09.00.04:907][  0]LogShaderCompilers: Guid format shader working directory is 5 characters bigger than the processId version (D:/Release/Unreal/FirstPerson/MyProject/Intermediate/Shaders/WorkingDirectory/1184/).
[2019.11.16-09.00.04:907][  0]LogShaderCompilers: Cleaned the shader compiler working directory 'C:/Users/SON/AppData/Local/Temp/UnrealShaderWorkingDir/AE72CABB402B64C0017A13A3E55E069B/'.
[2019.11.16-09.00.04:907][  0]LogShaderCompilers:Display: Using Local Shader Compiler.
[2019.11.16-09.00.06:002][  0]LogTemp:Display: Loaded TP AllDesktopTargetPlatform
[2019.11.16-09.00.06:077][  0]LogTemp:Display: Loaded TP MacClientTargetPlatform
[2019.11.16-09.00.06:160][  0]LogTemp:Display: Loaded TP MacNoEditorTargetPlatform
[2019.11.16-09.00.06:239][  0]LogTemp:Display: Loaded TP MacServerTargetPlatform
[2019.11.16-09.00.06:320][  0]LogTemp:Display: Loaded TP MacTargetPlatform
[2019.11.16-09.00.06:396][  0]LogTemp:Display: Loaded TP WindowsClientTargetPlatform
[2019.11.16-09.00.06:475][  0]LogTemp:Display: Loaded TP WindowsNoEditorTargetPlatform
[2019.11.16-09.00.06:555][  0]LogTemp:Display: Loaded TP WindowsServerTargetPlatform
[2019.11.16-09.00.06:625][  0]LogTemp:Display: Loaded TP WindowsTargetPlatform
[2019.11.16-09.00.06:703][  0]LogTemp:Display: Loaded TP AndroidTargetPlatform
[2019.11.16-09.00.06:783][  0]LogTemp:Display: Loaded TP Android_ASTCTargetPlatform
[2019.11.16-09.00.06:861][  0]LogTemp:Display: Loaded TP Android_ATCTargetPlatform
[2019.11.16-09.00.06:943][  0]LogTemp:Display: Loaded TP Android_DXTTargetPlatform
[2019.11.16-09.00.07:024][  0]LogTemp:Display: Loaded TP Android_ETC1TargetPlatform
[2019.11.16-09.00.07:101][  0]LogTemp:Display: Loaded TP Android_ETC2TargetPlatform
[2019.11.16-09.00.07:255][  0]LogTemp:Display: Loaded TP Android_MultiTargetPlatform
[2019.11.16-09.00.07:255][  0]LogTemp:Display: Loaded TP Android_PVRTCTargetPlatform
[2019.11.16-09.00.07:317][  0]LogTemp:Display: Loaded TP HTML5TargetPlatform
[2019.11.16-09.00.07:446][  0]LogTemp:Display: Loaded TP IOSTargetPlatform
[2019.11.16-09.00.07:490][  0]LogTemp:Display: Loaded TP TVOSTargetPlatform
[2019.11.16-09.00.07:567][  0]LogTemp:Display: Loaded TP LinuxClientTargetPlatform
[2019.11.16-09.00.07:642][  0]LogTemp:Display: Loaded TP LinuxNoEditorTargetPlatform
[2019.11.16-09.00.07:720][  0]LogTemp:Display: Loaded TP LinuxServerTargetPlatform
[2019.11.16-09.00.07:799][  0]LogTemp:Display: Loaded TP LinuxTargetPlatform
[2019.11.16-09.00.07:799][  0]LogTargetPlatformManager:Display: Building Assets For Windows
[2019.11.16-09.00.08:436][  0]LogDerivedDataCache:Display: Max Cache Size: 512 MB
[2019.11.16-09.00.08:482][  0]LogDerivedDataCache: Loaded boot cache 0.05s 50MB C:/Users/SON/AppData/Local/UnrealEngine/4.15/DerivedDataCache/Boot.ddc.
[2019.11.16-09.00.08:482][  0]LogDerivedDataCache:Display: Loaded Boot cache: C:/Users/SON/AppData/Local/UnrealEngine/4.15/DerivedDataCache/Boot.ddc
[2019.11.16-09.00.08:482][  0]LogDerivedDataCache: FDerivedDataBackendGraph:  Pak pak cache file D:/Release/Unreal/FirstPerson/MyProject/DerivedDataCache/DDC.ddp not found, will not use a pak cache.
[2019.11.16-09.00.08:482][  0]LogDerivedDataCache: Unable to find inner node Pak for hierarchical cache Hierarchy.
[2019.11.16-09.00.08:482][  0]LogDerivedDataCache: FDerivedDataBackendGraph:  CompressedPak pak cache file D:/Release/Unreal/FirstPerson/MyProject/DerivedDataCache/Compressed.ddp not found, will not use a pak cache.
[2019.11.16-09.00.08:482][  0]LogDerivedDataCache: Unable to find inner node CompressedPak for hierarchical cache Hierarchy.
[2019.11.16-09.00.08:499][  0]LogDerivedDataCache:Display: Pak cache opened for reading ../../../Engine/DerivedDataCache/Compressed.ddp.
[2019.11.16-09.00.08:510][  0]LogDerivedDataCache: Using Local data cache path C:/Users/SON/AppData/Local/UnrealEngine/Common/DerivedDataCache: Writable
[2019.11.16-09.00.08:518][  0]LogSlate: Using Freetype 2.6.0
[2019.11.16-09.00.08:519][  0]LogSlate: SlateFontCache - WITH_FREETYPE: 1, WITH_HARFBUZZ: 1
[2019.11.16-09.00.08:519][  0]LogSlate: SlateFontCache - WITH_FREETYPE: 1, WITH_HARFBUZZ: 1
[2019.11.16-09.00.08:794][  0]LogInit: Selected Device Profile: [Windows]
[2019.11.16-09.00.08:796][  0]LogContentStreaming: Texture pool size is 0.00 MB
[2019.11.16-09.00.09:059][  0]LogMeshUtilities: Using QuadricMeshReduction for automatic static mesh reduction
[2019.11.16-09.00.09:129][  0]LogSimplygon: Simplygon DLL not present - disabling.
[2019.11.16-09.00.09:198][  0]LogMeshUtilities: Using SimplygonSwarm for distributed automatic mesh merging
[2019.11.16-09.00.09:198][  0]LogMeshUtilities: No automatic skeletal mesh reduction module available
[2019.11.16-09.00.09:198][  0]LogMeshUtilities: No automatic mesh merging module available
[2019.11.16-09.00.09:775][  0]LogNetVersion: GetLocalNetworkVersion: CL: 3299760, ProjectName: myproject, ProjectVersion: , EngineNetworkVersion: 2, GameNetworkVersion: 0, NetworkChecksum: 4136520461
[2019.11.16-09.00.09:829][  0]LogAssetRegistry: FAssetRegistry took 0.0197 seconds to start up
[2019.11.16-09.00.09:877][  0]LogPackageLocalizationCache: Processed 3 localized package path(s) for 2 prioritized culture(s) in 0.017542 seconds
[2019.11.16-09.00.09:881][  0]LogUObjectArray: 32493 objects as part of root set at end of initial load.
[2019.11.16-09.00.09:881][  0]LogUObjectAllocator: 7077024 out of 0 bytes used by permanent object pool.
[2019.11.16-09.00.09:881][  0]LogUObjectArray: CloseDisregardForGC: 0/0 objects in disregard for GC pool
[2019.11.16-09.00.09:972][  0]LogInit: WinSock: version 1.1 (2.2), MaxSocks=32767, MaxUdp=65467
[2019.11.16-09.00.12:209][  0]LogTcpMessaging: Initializing TcpMessaging bridge
[2019.11.16-09.00.12:256][  0]LogUdpMessaging: Initializing bridge on interface 0.0.0.0:0 to multicast group 230.0.0.1:6666.
[2019.11.16-09.00.12:933][  0]LogMaterial: Uniform references updated for custom material expression Custom.
[2019.11.16-09.00.13:468][  0]SourceControl: 정보 소스 콘트롤이 꺼졌습니다.
[2019.11.16-09.00.13:499][  0]SourceControl: 정보 소스 콘트롤이 꺼졌습니다.
[2019.11.16-09.00.13:573][  0]SourceControl: 정보 소스 콘트롤이 꺼졌습니다.
[2019.11.16-09.00.13:639][  0]SourceControl: 정보 소스 콘트롤이 꺼졌습니다.
[2019.11.16-09.00.15:443][  0]LogEngine: Initializing Engine...
[2019.11.16-09.00.15:443][  0]LogHMD: Failed to initialize OpenVR with code 110
[2019.11.16-09.00.15:552][  0]LogStats: UGameplayTagsManager::ConstructGameplayTagTree: Construct from data asset -  0.000 s
[2019.11.16-09.00.15:552][  0]LogStats: UGameplayTagsManager::ConstructGameplayTagTree: GameplayTagTreeChangedEvent.Broadcast -  0.000 s
[2019.11.16-09.00.15:743][  0]LogAIModule: Creating AISystem for world Untitled
[2019.11.16-09.00.15:770][  0]LogInit: XAudio2 using '27DOG-4(NVIDIA High Definition Audio)' : 2 channels at 48 kHz using 16 bits per sample (channel mask 0x3)
[2019.11.16-09.00.15:782][  0]LogInit: FAudioDevice initialized.
[2019.11.16-09.00.15:806][  0]LogDerivedDataCache: Saved boot cache 0.02s 50MB C:/Users/SON/AppData/Local/UnrealEngine/4.15/DerivedDataCache/Boot.ddc.
[2019.11.16-09.00.15:812][  0]LogInit: Texture streaming: Enabled
[2019.11.16-09.00.15:941][  0]LogEngineSessionManager: EngineSessionManager initialized
[2019.11.16-09.00.16:073][  0]LogInit: Transaction tracking system initialized
[2019.11.16-09.00.16:612][  0]BlueprintLog: New page: 에디터 로드
[2019.11.16-09.00.17:951][  0]LocalizationService: 정보 현지화 서비스가 비활성화되었습니다.
[2019.11.16-09.00.18:971][  0]LogConsoleResponse:Display: 
[2019.11.16-09.00.19:110][  0]LogCook:Display: Max memory allowance for cook 16384mb min free memory 0mb
[2019.11.16-09.00.19:110][  0]LogCook:Display: Mobile HDR setting 1
[2019.11.16-09.00.20:004][  0]LogFileCache: Scanning file cache for directory 'D:/Release/Unreal/FirstPerson/MyProject/Content/' took 0.01s
[2019.11.16-09.00.20:616][  0]SourceControl: 정보 소스 콘트롤이 꺼졌습니다.
[2019.11.16-09.00.20:616][  0]Cmd: MAP LOAD FILE="D:/Release/Unreal/FirstPerson/MyProject/Content/FirstPersonBP/Maps/FirstPersonExampleMap.umap" TEMPLATE=0 SHOWPROGRESS=1 FEATURELEVEL=3
[2019.11.16-09.00.20:673][  0]LightingResults: New page: 라이팅 빌드
[2019.11.16-09.00.20:773][  0]MapCheck: New page: 맵 체크
[2019.11.16-09.00.20:774][  0]LightingResults: New page: 라이팅 빌드
[2019.11.16-09.00.22:049][  0]LogTexture:Display: 텍스처 빌드중: HQ_Lightmap0_1 (AutoDXT, 2048X2048) - 45 MB 총 VRAM
[2019.11.16-09.00.22:966][  0]LogTexture:Display: 텍스처 빌드중: HQ_Lightmap0_2 (AutoDXT, 2048X2048) - 45 MB 총 VRAM
[2019.11.16-09.00.23:742][  0]LogTexture:Display: 텍스처 빌드중: HQ_Lightmap0_3 (AutoDXT, 2048X2048) - 45 MB 총 VRAM
[2019.11.16-09.00.25:313][  0]LogTexture:Display: 텍스처 빌드중: HQ_Lightmap0_4 (AutoDXT, 2048X2048) - 45 MB 총 VRAM
[2019.11.16-09.00.25:838][  0]LogTexture:Display: 텍스처 빌드중: HQ_Lightmap0_5 (AutoDXT, 64X64) - 45 MB 총 VRAM
[2019.11.16-09.00.25:872][  0]LogTexture:Display: 텍스처 빌드중: LQ_Lightmap_0_1 (DXT1, 2048X2048) - 45 MB 총 VRAM
[2019.11.16-09.00.26:096][  0]LogTexture:Display: 텍스처 빌드중: LQ_Lightmap_0_2 (DXT1, 2048X2048) - 45 MB 총 VRAM
[2019.11.16-09.00.26:344][  0]LogTexture:Display: 텍스처 빌드중: LQ_Lightmap_0_3 (DXT1, 2048X2048) - 45 MB 총 VRAM
[2019.11.16-09.00.26:797][  0]LogTexture:Display: 텍스처 빌드중: LQ_Lightmap_0_4 (DXT1, 2048X2048) - 45 MB 총 VRAM
[2019.11.16-09.00.26:993][  0]LogTexture:Display: 텍스처 빌드중: LQ_Lightmap_0_5 (DXT1, 64X64) - 45 MB 총 VRAM
[2019.11.16-09.00.27:021][  0]LogTexture:Display: 텍스처 빌드중: SkyOcclusion0_1 (AutoDXT, 2048X1024) - 45 MB 총 VRAM
[2019.11.16-09.00.27:353][  0]LogTexture:Display: 텍스처 빌드중: SkyOcclusion0_2 (AutoDXT, 2048X1024) - 45 MB 총 VRAM
[2019.11.16-09.00.27:678][  0]LogTexture:Display: 텍스처 빌드중: SkyOcclusion0_3 (AutoDXT, 2048X1024) - 45 MB 총 VRAM
[2019.11.16-09.00.28:221][  0]LogTexture:Display: 텍스처 빌드중: SkyOcclusion0_4 (AutoDXT, 2048X1024) - 45 MB 총 VRAM
[2019.11.16-09.00.28:487][  0]LogTexture:Display: 텍스처 빌드중: SkyOcclusion0_5 (AutoDXT, 64X32) - 45 MB 총 VRAM
[2019.11.16-09.00.28:495][  0]LogTexture:Display: 텍스처 빌드중: ShadowMapTexture2D_0 (G8, 2048X1024) - 45 MB 총 VRAM
[2019.11.16-09.00.28:547][  0]LogTexture:Display: 텍스처 빌드중: ShadowMapTexture2D_1 (G8, 2048X1024) - 45 MB 총 VRAM
[2019.11.16-09.00.28:598][  0]LogTexture:Display: 텍스처 빌드중: ShadowMapTexture2D_2 (G8, 2048X1024) - 45 MB 총 VRAM
[2019.11.16-09.00.28:652][  0]LogTexture:Display: 텍스처 빌드중: ShadowMapTexture2D_3 (G8, 2048X1024) - 45 MB 총 VRAM
[2019.11.16-09.00.28:705][  0]LogTexture:Display: 텍스처 빌드중: ShadowMapTexture2D_4 (G8, 2048X1024) - 45 MB 총 VRAM
[2019.11.16-09.00.28:758][  0]LogTexture:Display: 텍스처 빌드중: ShadowMapTexture2D_5 (G8, 2048X1024) - 45 MB 총 VRAM
[2019.11.16-09.00.28:810][  0]LogTexture:Display: 텍스처 빌드중: ShadowMapTexture2D_6 (G8, 2048X1024) - 45 MB 총 VRAM
[2019.11.16-09.00.28:861][  0]LogTexture:Display: 텍스처 빌드중: ShadowMapTexture2D_7 (G8, 64X32) - 45 MB 총 VRAM
[2019.11.16-09.00.29:053][  0]LogAIModule: Creating AISystem for world FirstPersonExampleMap
[2019.11.16-09.00.29:081][  0]LogEditorServer: Finished looking for orphan Actors (0.000 secs)
[2019.11.16-09.00.29:082][  0]Cmd: MAP CHECKDEP NOCLEARLOG
[2019.11.16-09.00.29:147][  0]MapCheck: 정보 맵 체크 완료: 오류 0 회, 경고 0 회, 소요 시간 65.102ms.
[2019.11.16-09.00.29:147][  0]LogFileHelpers: Loading map 'FirstPersonExampleMap' took 8.530
[2019.11.16-09.00.29:360][  0]LogCollectionManager: Loaded 0 collections in 0.001189 seconds
[2019.11.16-09.00.29:508][  0]LogFileCache: Scanning file cache for directory 'D:/Release/Unreal/FirstPerson/MyProject/Saved/Collections/' took 0.01s
[2019.11.16-09.00.29:508][  0]LogFileCache: Scanning file cache for directory 'D:/Release/Unreal/FirstPerson/MyProject/Content/Developers/SON/Collections/' took 0.01s
[2019.11.16-09.00.29:508][  0]LogFileCache: Scanning file cache for directory 'D:/Release/Unreal/FirstPerson/MyProject/Content/Collections/' took 0.01s
[2019.11.16-09.00.29:508][  0]LogCollectionManager: Rebuilt the GUID cache for 0 collections in 0.000002 seconds
[2019.11.16-09.00.29:518][  0]LogContentBrowser: Native class hierarchy populated in 0.0089 seconds. Added 2245 classes and 453 folders.
[2019.11.16-09.00.29:616][  0]LogContentBrowser: Native class hierarchy updated for 'WidgetCarousel' in 0.0004 seconds. Added 0 classes and 0 folders.
[2019.11.16-09.00.29:721][  0]LogContentBrowser: Native class hierarchy updated for 'AddContentDialog' in 0.0004 seconds. Added 0 classes and 0 folders.
[2019.11.16-09.00.29:791][  0]LogContentBrowser: Native class hierarchy updated for 'SceneOutliner' in 0.0005 seconds. Added 1 classes and 2 folders.
[2019.11.16-09.00.29:870][  0]LogCrashTracker: Crashtracker disabled due to settings.
[2019.11.16-09.00.29:990][  0]LogContentBrowser: Native class hierarchy updated for 'HierarchicalLODOutliner' in 0.0005 seconds. Added 1 classes and 2 folders.
[2019.11.16-09.00.29:990][  0]LogLoad: (Engine Initialization) Total time: 28.27 seconds
[2019.11.16-09.00.29:990][  0]LogLoad: (Engine Initialization) Total Blueprint compile time: 0.22 seconds
[2019.11.16-09.00.29:990][  0]LogExternalProfiler: Found external profiler: VSPerf
[2019.11.16-09.00.29:990][  0]LogExternalProfiler: Using external profiler: VSPerf
[2019.11.16-09.00.30:003][  0]LogOcInput: OculusInput pre-init called
[2019.11.16-09.00.30:025][  0]LogContentStreaming: Texture pool size now 1000 MB
[2019.11.16-09.00.30:026][  0]LogSlate: Took 0.000292 seconds to synchronously load lazily loaded font '../../../Engine/Content/Slate/Fonts/Roboto-Regular.ttf' (155K)
[2019.11.16-09.00.30:031][  0]LogSlate: Took 0.002612 seconds to synchronously load lazily loaded font '../../../Engine/Content/Slate/Fonts/NanumGothic.ttf' (4243K)
[2019.11.16-09.00.30:033][  0]LogSlate: Took 0.000239 seconds to synchronously load lazily loaded font '../../../Engine/Content/Slate/Fonts/Roboto-Bold.ttf' (160K)
[2019.11.16-09.00.30:041][  0]LogSlate: Took 0.001260 seconds to synchronously load lazily loaded font '../../../Engine/Content/Editor/Slate/Fonts/FontAwesome.ttf' (139K)
[2019.11.16-09.00.30:221][  0]LogRenderer: Reallocating scene render targets to support 1616x808 NumSamples 1 (Frame:2).
[2019.11.16-09.00.30:359][  1]LogAssetRegistry: Asset discovery search completed in 20.5486 seconds
[2019.11.16-09.00.30:359][  1]LogCollectionManager: Rebuilt the object cache for 0 collections in 0.000005 seconds (found 0 objects)
[2019.11.16-09.00.30:359][  1]LogCollectionManager: Fixed up redirectors for 0 collections in 0.000018 seconds (updated 0 objects)
[2019.11.16-09.00.33:808][377]LogEditorViewport: Clicking on Actor (context menu): StaticMeshActor (Floor)
[2019.11.16-09.00.56:071][914]LogSlate: Took 0.001035 seconds to synchronously load lazily loaded font '../../../Engine/Content/Slate/Fonts/Roboto-Light.ttf' (159K)
[2019.11.16-09.01.06:016][ 91]LogSlate: Took 0.000993 seconds to synchronously load lazily loaded font '../../../Engine/Content/Slate/Fonts/Roboto-Light.ttf' (159K)
[2019.11.16-09.01.06:869][ 91]LogTexture:Display: 텍스처 빌드중: HQ_Lightmap0_1 (AutoDXT, 256X256) - 192 MB 총 VRAM
[2019.11.16-09.01.06:881][ 91]LogTexture:Display: 텍스처 빌드중: HQ_Lightmap0_2 (AutoDXT, 64X64) - 192 MB 총 VRAM
[2019.11.16-09.01.06:882][ 91]LogTexture:Display: 텍스처 빌드중: LQ_Lightmap_0_1 (DXT1, 256X256) - 192 MB 총 VRAM
[2019.11.16-09.01.06:891][ 91]LogTexture:Display: 텍스처 빌드중: LQ_Lightmap_0_2 (DXT1, 64X64) - 192 MB 총 VRAM
[2019.11.16-09.01.06:891][ 91]LogTexture:Display: 텍스처 빌드중: ShadowMapTexture2D_4 (BGRA8, 256X128) - 192 MB 총 VRAM
[2019.11.16-09.01.06:893][ 91]LogTexture:Display: 텍스처 빌드중: ShadowMapTexture2D_5 (G8, 32X32) - 192 MB 총 VRAM
[2019.11.16-09.01.06:911][ 91]LogAIModule: Creating AISystem for world NewMap
[2019.11.16-09.01.06:939][ 91]Cmd: MAP LOAD FILE="D:/Release/Unreal/FirstPerson/MyProject/Content/NewMap.umap" TEMPLATE=0 SHOWPROGRESS=1 FEATURELEVEL=3
[2019.11.16-09.01.06:939][ 91]LightingResults: New page: 라이팅 빌드
[2019.11.16-09.01.06:941][ 91]LoadErrors: New page: 맵 로드중: NewMap.umap
[2019.11.16-09.01.06:941][ 91]MapCheck: New page: 맵 체크
[2019.11.16-09.01.06:941][ 91]LightingResults: New page: 라이팅 빌드
[2019.11.16-09.01.06:970][ 91]LogEditorServer: Finished looking for orphan Actors (0.000 secs)
[2019.11.16-09.01.06:985][ 91]Cmd: MAP CHECKDEP NOCLEARLOG
[2019.11.16-09.01.07:066][ 91]MapCheck: 정보 맵 체크 완료: 오류 0 회, 경고 0 회, 소요 시간 80.927ms.
[2019.11.16-09.01.07:066][ 91]LogFileHelpers: Loading map 'NewMap' took 0.128
[2019.11.16-10.46.40:421][260]LogEditorViewport: Clicking on Actor (LMB): PointLight (PointLight3)
[2019.11.16-10.46.41:410][347]LogEditorViewport: Clicking on Actor (LMB): PointLight (PointLight3)
[2019.11.16-10.47.09:245][555]LogEditorViewport: Clicking on Actor (context menu): BP_Sky_Sphere_C (Sky Sphere)
[2019.11.16-10.47.33:656][298]LogEditorActor: Deleted Actor: PointLight
[2019.11.16-10.47.33:670][298]LogEditorActor: Deleted 1 Actors (0.016 secs)
[2019.11.16-10.47.37:966][796]LogEditorViewport: Clicking on Actor (LMB): BP_Sky_Sphere_C (Sky Sphere)
[2019.11.16-10.47.54:082][151]LogSlate: Took 0.000420 seconds to synchronously load lazily loaded font '../../../Engine/Content/Slate/Fonts/Roboto-Light.ttf' (159K)
[2019.11.16-10.48.03:173][178]Cmd: OBJ SAVEPACKAGE PACKAGE="/Game/NewMap" FILE="D:/Release/Unreal/FirstPerson/MyProject/Saved/Autosaves/Game/NewMap_Auto1.umap" SILENT=true AUTOSAVING=true KEEPDIRTY=false
[2019.11.16-10.48.03:232][178]LogSavePackage: Save=54.83ms
[2019.11.16-10.48.03:232][178]LogSavePackage: Moving 'D:/Release/Unreal/FirstPerson/MyProject/Saved/NewMap_Auto19AB5AAF2484E05991CEF539911D926E7.tmp' to 'D:/Release/Unreal/FirstPerson/MyProject/Saved/Autosaves/Game/NewMap_Auto1.umap'
[2019.11.16-10.48.03:232][178]LogSavePackage:Display: Finished SavePackage D:/Release/Unreal/FirstPerson/MyProject/Saved/Autosaves/Game/NewMap_Auto1.umap
[2019.11.16-10.48.03:233][178]LogFileHelpers: Editor autosave (incl. sublevels) for '/Game/NewMap' took 0.076
[2019.11.16-10.48.03:233][178]LogFileHelpers: Editor autosave (incl. sublevels) for all levels took 0.076
[2019.11.16-10.53.43:221][301]LogEditorViewport: Clicking on Actor (LMB): DirectionalLight (Light Source)
[2019.11.16-10.55.03:750][370]LogActorFactory: Actor Factory created SM_PillarFrame
[2019.11.16-10.55.05:216][512]LogActorFactory: Actor Factory created SM_PillarFrame
[2019.11.16-10.55.18:146][ 30]LogEditorViewport: Clicking on Actor (double click): StaticMeshActor (SM_PillarFrame)
[2019.11.16-10.55.38:729][850]LogEditorViewport: Clicking on Actor (LMB): StaticMeshActor (SM_PillarFrame)
[2019.11.16-10.55.39:901][942]Cmd: EDCALLBACK SURFPROPS
[2019.11.16-10.55.40:984][ 38]LogEditorViewport: Clicking on Actor (LMB): StaticMeshActor (SM_PillarFrame)
[2019.11.16-10.56.04:533][587]LogEditorViewport: Clicking on Actor (LMB): StaticMeshActor (SM_PillarFrame)
[2019.11.16-10.56.04:928][596]LogEditorViewport: Clicking on Actor (LMB): StaticMeshActor (SM_PillarFrame)
[2019.11.16-10.56.56:650][448]Cmd: EDCALLBACK SURFPROPS
[2019.11.16-10.56.59:916][779]LogEditorViewport: Clicking on Actor (LMB): StaticMeshActor (SM_PillarFrame)
[2019.11.16-10.57.01:056][880]Cmd: EDCALLBACK SURFPROPS
[2019.11.16-10.57.01:925][966]LogEditorViewport: Clicking on Actor (LMB): StaticMeshActor (SM_PillarFrame)
[2019.11.16-10.57.24:378][274]LogEditorViewport: Clicking on Actor (context menu): BP_Sky_Sphere_C (Sky Sphere)
[2019.11.16-10.57.45:040][770]LogEditorViewport: Clicking on Actor (context menu): BP_Sky_Sphere_C (Sky Sphere)
[2019.11.16-10.57.45:884][853]LogEditorViewport: Clicking on Actor (LMB): StaticMeshActor (SM_PillarFrame)
[2019.11.16-10.59.15:328][799]Cmd: EDCALLBACK SURFPROPS
[2019.11.16-10.59.35:440][712]LogEditorViewport: Clicking on Actor (LMB): StaticMeshActor (SM_PillarFrame)
[2019.11.16-10.59.48:711][984]LogEditorViewport: Clicking on Actor (LMB): StaticMeshActor (SM_PillarFrame2)
[2019.11.16-10.59.59:873][924]LogEditorViewport: Clicking on Actor (LMB): StaticMeshActor (SM_PillarFrame2)
[2019.11.16-11.00.22:163][540]LogEditorViewport: Clicking on Actor (LMB): StaticMeshActor (SM_PillarFrame3)
[2019.11.16-11.00.24:705][749]LogEditorViewport: Clicking on Actor (LMB): StaticMeshActor (SM_PillarFrame4)
[2019.11.16-11.00.44:474][498]LogEditorViewport: Clicking on Actor (LMB): StaticMeshActor (SM_PillarFrame)
[2019.11.16-11.00.44:524][498]LogEditorViewport: Clicking on Component (LMB): StaticMeshComponent (StaticMeshComponent0)
[2019.11.16-11.01.36:140][370]Cmd: TRANSACTION UNDO
[2019.11.16-11.01.36:140][370]LogEditorTransaction: Undo 컴포넌트 이동
[2019.11.16-11.01.49:623][578]Cmd: EDIT COPY
[2019.11.16-11.01.50:110][620]Cmd: EDIT PASTE
[2019.11.16-11.01.54:565][ 10]Cmd: TRANSACTION UNDO
[2019.11.16-11.01.54:565][ 10]LogEditorTransaction: Undo 컴포넌트 이동
[2019.11.16-11.01.56:154][135]LogEditorViewport: Clicking on Component (LMB): StaticMeshComponent (StaticMeshComponent0)
[2019.11.16-11.02.20:939][295]Cmd: TRANSACTION UNDO
[2019.11.16-11.02.20:939][295]LogEditorTransaction: Undo 표면에 머티리얼 적용
[2019.11.16-11.02.22:213][382]Cmd: TRANSACTION UNDO
[2019.11.16-11.02.22:213][382]LogEditorTransaction: Undo 표면에 머티리얼 적용
[2019.11.16-11.02.25:656][664]LogEditorViewport: Clicking on Actor (LMB): StaticMeshActor (SM_PillarFrame)
[2019.11.16-11.02.30:721][109]Cmd: TRANSACTION UNDO
[2019.11.16-11.02.30:721][109]LogEditorTransaction: Undo 컴포넌트 이동
[2019.11.16-11.02.30:985][127]Cmd: TRANSACTION UNDO
[2019.11.16-11.02.30:985][127]LogEditorTransaction: Undo 액터 클릭
[2019.11.16-11.02.31:203][135]Cmd: TRANSACTION UNDO
[2019.11.16-11.02.31:203][135]LogEditorTransaction: Undo 컴포넌트 이동
[2019.11.16-11.02.31:419][145]Cmd: TRANSACTION UNDO
[2019.11.16-11.02.31:419][145]LogEditorTransaction: Undo 브러시 표면 선택
[2019.11.16-11.02.31:632][160]Cmd: TRANSACTION UNDO
[2019.11.16-11.02.31:632][160]LogEditorTransaction: Undo 컴포넌트 이동
[2019.11.16-11.02.31:794][172]Cmd: TRANSACTION UNDO
[2019.11.16-11.02.31:794][172]LogEditorTransaction: Undo 액터 클릭
[2019.11.16-11.02.31:924][182]Cmd: TRANSACTION UNDO
[2019.11.16-11.02.31:924][182]LogEditorTransaction: Undo 액터 클릭
[2019.11.16-11.02.32:057][191]Cmd: TRANSACTION UNDO
[2019.11.16-11.02.32:057][191]LogEditorTransaction: Undo 액터 클릭
[2019.11.16-11.02.34:938][427]Cmd: TRANSACTION UNDO
[2019.11.16-11.02.34:938][427]LogEditorTransaction: Undo 컴포넌트 이동
[2019.11.16-11.02.35:518][468]Cmd: TRANSACTION UNDO
[2019.11.16-11.02.35:518][468]LogEditorTransaction: Undo 컴포넌트에 클릭
[2019.11.16-11.02.37:177][607]Cmd: TRANSACTION UNDO
[2019.11.16-11.02.37:177][607]LogEditorTransaction: Undo 컴포넌트 붙여넣기
[2019.11.16-11.02.37:690][644]Cmd: TRANSACTION UNDO
[2019.11.16-11.02.37:690][644]LogEditorTransaction: Undo 컴포넌트 이동
[2019.11.16-11.02.38:511][714]Cmd: TRANSACTION UNDO
[2019.11.16-11.02.38:511][714]LogEditorTransaction: Undo 컴포넌트 이동
[2019.11.16-11.02.38:936][749]Cmd: TRANSACTION UNDO
[2019.11.16-11.02.38:936][749]LogEditorTransaction: Undo 컴포넌트 이동
[2019.11.16-11.02.39:338][782]Cmd: TRANSACTION UNDO
[2019.11.16-11.02.39:338][782]LogEditorTransaction: Undo 컴포넌트 이동
[2019.11.16-11.02.39:740][816]Cmd: TRANSACTION UNDO
[2019.11.16-11.02.39:740][816]LogEditorTransaction: Undo 컴포넌트 이동
[2019.11.16-11.02.40:414][874]Cmd: TRANSACTION UNDO
[2019.11.16-11.02.40:414][874]LogEditorTransaction: Undo 컴포넌트 이동
[2019.11.16-11.02.40:851][911]Cmd: TRANSACTION UNDO
[2019.11.16-11.02.40:851][911]LogEditorTransaction: Undo 컴포넌트 이동
[2019.11.16-11.02.41:230][943]Cmd: TRANSACTION UNDO
[2019.11.16-11.02.41:230][943]LogEditorTransaction: Undo 컴포넌트 이동
[2019.11.16-11.02.41:725][985]Cmd: TRANSACTION UNDO
[2019.11.16-11.02.41:725][985]LogEditorTransaction: Undo 컴포넌트 이동
[2019.11.16-11.02.42:628][ 63]Cmd: TRANSACTION UNDO
[2019.11.16-11.02.42:628][ 63]LogEditorTransaction: Undo 컴포넌트 이동
[2019.11.16-11.02.43:086][102]Cmd: TRANSACTION UNDO
[2019.11.16-11.02.43:086][102]LogEditorTransaction: Undo 컴포넌트 이동
[2019.11.16-11.02.46:340][376]LogEditorViewport: Clicking on Actor (LMB): BP_Sky_Sphere_C (Sky Sphere)
[2019.11.16-11.02.46:480][387]LogEditorViewport: Clicking on Actor (LMB): BP_Sky_Sphere_C (Sky Sphere)
[2019.11.16-11.02.47:016][411]Cmd: TRANSACTION UNDO
[2019.11.16-11.02.47:016][411]LogEditorTransaction: Undo 액터 클릭
[2019.11.16-11.02.47:450][432]Cmd: TRANSACTION UNDO
[2019.11.16-11.02.47:450][432]LogEditorTransaction: Undo 액터 클릭
[2019.11.16-11.02.47:859][471]Cmd: TRANSACTION UNDO
[2019.11.16-11.02.47:859][471]LogEditorTransaction: Undo 컴포넌트 이동
[2019.11.16-11.02.57:142][399]Cmd: TRANSACTION UNDO
[2019.11.16-11.02.57:142][399]LogEditorTransaction: Undo 컴포넌트 이동
[2019.11.16-11.03.01:655][850]Cmd: TRANSACTION UNDO
[2019.11.16-11.03.01:655][850]LogEditorTransaction: Undo 컴포넌트 이동
[2019.11.16-11.03.08:094][505]LogEditorViewport: Clicking on Component (LMB): StaticMeshComponent (StaticMeshComponent0)
[2019.11.16-11.03.11:468][856]LogEditorViewport: Clicking on Component (LMB): StaticMeshComponent (StaticMeshComponent0)
[2019.11.16-11.03.11:489][856]LogEditorViewport: Clicking on Actor (double click): StaticMeshActor (SM_PillarFrame)
[2019.11.16-11.03.14:370][143]Cmd: TRANSACTION UNDO
[2019.11.16-11.03.14:370][143]LogEditorTransaction: Undo 표면에 머티리얼 적용
[2019.11.16-11.03.15:191][211]Cmd: TRANSACTION UNDO
[2019.11.16-11.03.15:191][211]LogEditorTransaction: Undo 표면에 머티리얼 적용
[2019.11.16-11.03.47:357][133]LogEditorViewport: Clicking on Actor (LMB): StaticMeshActor (SM_PillarFrame7)
[2019.11.16-11.03.57:379][948]Cmd: TRANSACTION UNDO
[2019.11.16-11.03.57:379][948]LogEditorTransaction: Undo 액터 이동
[2019.11.16-11.04.38:150][386]LogEditorViewport: Clicking on Actor (LMB): StaticMeshActor (SM_PillarFrame7)
[2019.11.16-11.04.38:202][386]LogEditorViewport: Clicking on Component (LMB): StaticMeshComponent (StaticMeshComponent0)
[2019.11.16-11.04.41:404][665]LogEditorViewport: Clicking on Actor (LMB): StaticMeshActor (SM_PillarFrame8)
[2019.11.16-11.04.46:236][ 99]LogEditorViewport: Clicking on Actor (LMB): StaticMeshActor (SM_PillarFrame6)
[2019.11.16-11.04.48:804][334]LogEditorViewport: Clicking on Actor (LMB): StaticMeshActor (SM_PillarFrame5)
[2019.11.16-11.04.58:845][179]LogEditorViewport: Clicking on Actor (LMB): StaticMeshActor (SM_PillarFrame4)
[2019.11.16-11.05.02:682][477]LogEditorViewport: Clicking on Actor (context menu): StaticMeshActor (Pillar_50x501)
[2019.11.16-11.05.03:985][610]LogEditorViewport: Clicking on Actor (LMB): StaticMeshActor (SM_PillarFrame4)
[2019.11.16-11.05.40:280][880]LogEditorViewport: Clicking on Actor (context menu): StaticMeshActor (Pillar_50x503)
[2019.11.16-11.05.41:745][ 37]LogEditorViewport: Clicking on Actor (LMB): StaticMeshActor (SM_PillarFrame10)
[2019.11.16-11.06.22:305][492]LogEditorViewport: Clicking on Actor (CTRL LMB): StaticMeshActor (SM_PillarFrame10)
[2019.11.16-11.06.23:995][656]LogEditorViewport: Clicking on Actor (CTRL LMB): StaticMeshActor (SM_PillarFrame11)
[2019.11.16-11.06.24:853][735]LogEditorViewport: Clicking on Actor (CTRL LMB): StaticMeshActor (SM_PillarFrame12)
[2019.11.16-11.06.25:517][794]LogEditorViewport: Clicking on Actor (CTRL LMB): StaticMeshActor (SM_PillarFrame13)
[2019.11.16-11.06.26:120][846]LogEditorViewport: Clicking on Actor (CTRL LMB): StaticMeshActor (SM_PillarFrame14)
[2019.11.16-11.06.28:126][ 39]LogEditorViewport: Clicking on Actor (CTRL LMB): StaticMeshActor (SM_PillarFrame15)
[2019.11.16-11.07.18:852][508]LogEditorViewport: Clicking on Actor (LMB): StaticMeshActor (SM_PillarFrame19)
[2019.11.16-11.08.12:449][ 78]Cmd: TRANSACTION UNDO
[2019.11.16-11.08.12:449][ 78]LogEditorTransaction: Undo 액터 이동
[2019.11.16-11.08.12:465][ 78]LogActorComponent: ~FComponentReregisterContext: (/Game/NewMap.NewMap:PersistentLevel.Box브러시2.BrushComponent0) Component already registered.
[2019.11.16-11.08.15:240][321]LogEditorViewport: Clicking on Actor (LMB): StaticMeshActor (SM_PillarFrame19)
[2019.11.16-11.09.04:703][815]LogEditorViewport: Clicking on Actor (LMB): StaticMeshActor (SM_PillarFrame16)
[2019.11.16-11.09.13:756][483]LogEditorViewport: Clicking on Actor (CTRL LMB): StaticMeshActor (SM_PillarFrame24)
[2019.11.16-11.09.14:667][546]LogEditorViewport: Clicking on Actor (CTRL LMB): StaticMeshActor (SM_PillarFrame16)
[2019.11.16-11.09.18:731][849]LogEditorViewport: Clicking on Actor (LMB): StaticMeshActor (Pillar_50x503)
[2019.11.16-11.09.18:788][849]LogEditorViewport: Clicking on Component (LMB): StaticMeshComponent (StaticMeshComponent0)
[2019.11.16-11.09.20:742][992]LogEditorViewport: Clicking on Actor (LMB): StaticMeshActor (SM_PillarFrame16)
[2019.11.16-11.09.22:118][ 90]LogEditorViewport: Clicking on Actor (CTRL LMB): StaticMeshActor (SM_PillarFrame24)
[2019.11.16-11.09.23:677][202]LogEditorViewport: Clicking on Actor (CTRL LMB): StaticMeshActor (SM_PillarFrame25)
[2019.11.16-11.09.26:057][376]LogEditorViewport: Clicking on Actor (LMB): StaticMeshActor (Pillar_50x505)
[2019.11.16-11.09.27:095][445]LogEditorViewport: Clicking on Actor (LMB): StaticMeshActor (SM_PillarFrame25)
[2019.11.16-11.09.30:139][659]LogEditorViewport: Clicking on Actor (LMB): StaticMeshActor (SM_PillarFrame16)
[2019.11.16-11.09.31:486][753]LogEditorViewport: Clicking on Actor (CTRL LMB): StaticMeshActor (SM_PillarFrame24)
[2019.11.16-11.09.33:699][912]LogEditorViewport: Clicking on Actor (CTRL LMB): StaticMeshActor (SM_PillarFrame25)
[2019.11.16-11.09.38:767][287]Cmd: TRANSACTION UNDO
[2019.11.16-11.09.38:767][287]LogEditorTransaction: Undo 액터 이동
[2019.11.16-11.10.03:143][754]LogEditorViewport: Clicking on Actor (LMB): StaticMeshActor (Pillar_50x500)
[2019.11.16-11.10.05:177][904]LogEditorViewport: Clicking on Actor (LMB): StaticMeshActor (SM_PillarFrame18)
[2019.11.16-11.10.06:199][981]LogEditorViewport: Clicking on Actor (LMB): StaticMeshActor (SM_PillarFrame5)
[2019.11.16-11.10.15:747][770]LogEditorViewport: Clicking on Actor (LMB): StaticMeshActor (SM_PillarFrame18)
[2019.11.16-11.10.16:617][839]LogEditorViewport: Clicking on Actor (LMB): StaticMeshActor (SM_PillarFrame19)
[2019.11.16-11.10.18:346][983]LogEditorViewport: Clicking on Actor (LMB): StaticMeshActor (SM_PillarFrame29)
[2019.11.16-11.10.20:567][160]LogEditorViewport: Clicking on Actor (LMB): StaticMeshActor (SM_PillarFrame18)
[2019.11.16-11.10.21:384][222]LogEditorViewport: Clicking on Actor (LMB): StaticMeshActor (SM_PillarFrame29)
[2019.11.16-11.10.44:910][332]LogEditorViewport: Clicking on Actor (CTRL LMB): StaticMeshActor (SM_PillarFrame18)
[2019.11.16-11.10.45:853][403]LogEditorViewport: Clicking on Actor (CTRL LMB): StaticMeshActor (SM_PillarFrame19)
[2019.11.16-11.10.46:880][481]LogEditorViewport: Clicking on Actor (CTRL LMB): StaticMeshActor (Pillar_50x509)
[2019.11.16-11.10.55:116][123]LogEditorViewport: Clicking on Actor (LMB): StaticMeshActor (SM_PillarFrame6)
[2019.11.16-11.10.59:799][494]Cmd: TRANSACTION UNDO
[2019.11.16-11.10.59:799][494]LogEditorTransaction: Undo 액터 이동
[2019.11.16-11.11.09:452][251]LogEditorViewport: Clicking on Actor (CTRL LMB): StaticMeshActor (SM_PillarFrame19)
[2019.11.16-11.11.10:449][326]LogEditorViewport: Clicking on Actor (CTRL LMB): StaticMeshActor (SM_PillarFrame18)
[2019.11.16-11.11.11:300][390]LogEditorViewport: Clicking on Actor (CTRL LMB): StaticMeshActor (SM_PillarFrame29)
[2019.11.16-11.11.47:537][177]LogEditorViewport: Clicking on Actor (LMB): StaticMeshActor (SM_PillarFrame31)
[2019.11.16-11.11.51:639][475]LogEditorViewport: Clicking on Actor (LMB): StaticMeshActor (SM_PillarFrame33)
[2019.11.16-11.11.55:037][720]LogEditorViewport: Clicking on Actor (LMB): StaticMeshActor (Pillar_50x507)
[2019.11.16-11.11.56:762][839]LogEditorViewport: Clicking on Actor (LMB): PointLight (PointLight6)
[2019.11.16-11.12.00:608][125]LogEditorViewport: Clicking on Actor (LMB): StaticMeshActor (SM_PillarFrame32)
[2019.11.16-11.12.04:765][432]LogEditorViewport: Clicking on Actor (LMB): StaticMeshActor (SM_PillarFrame34)
[2019.11.16-11.12.29:499][426]LogEditorViewport: Clicking on Actor (LMB): StaticMeshActor (SM_PillarFrame9)
[2019.11.16-11.12.30:615][504]Cmd: DELETE
[2019.11.16-11.12.30:615][504]Cmd: ACTOR DELETE
[2019.11.16-11.12.30:615][504]LogEditorActor: Deleted Actor: StaticMeshActor
[2019.11.16-11.12.30:629][504]LogEditorActor: Deleted 1 Actors (0.014 secs)
[2019.11.16-11.12.49:055][717]LogActorFactory: Actor Factory created SM_GlassWindow
[2019.11.16-11.12.53:134][ 40]LogActorFactory: Actor Factory created SM_GlassWindow
[2019.11.16-11.13.35:675][258]LogEditorViewport: Clicking on Actor (LMB): StaticMeshActor (SM_GlassWindow)
[2019.11.16-11.13.36:223][291]Cmd: EDCALLBACK SURFPROPS
[2019.11.16-11.13.37:254][362]LogEditorViewport: Clicking on Actor (LMB): StaticMeshActor (SM_GlassWindow)
[2019.11.16-11.13.40:310][576]LogEditorViewport: Clicking on Actor (LMB): StaticMeshActor (SM_GlassWindow)
[2019.11.16-11.13.44:570][860]LogEditorViewport: Clicking on Actor (LMB): StaticMeshActor (SM_GlassWindow)
[2019.11.16-11.13.56:968][782]Cmd: TRANSACTION UNDO
[2019.11.16-11.13.56:968][782]LogEditorTransaction: Undo 액터 클릭
[2019.11.16-11.14.01:833][128]LogEditorViewport: Clicking on Actor (LMB): StaticMeshActor (SM_GlassWindow)
[2019.11.16-11.14.35:135][574]LogEditorViewport: Clicking on Actor (LMB): StaticMeshActor (SM_PillarFrame25)
[2019.11.16-11.14.47:709][459]LogEditorViewport: Clicking on Actor (LMB): StaticMeshActor (SM_GlassWindow)
[2019.11.16-11.14.53:305][872]LogEditorViewport: Clicking on Actor (LMB): StaticMeshActor (SM_GlassWindow)
[2019.11.16-11.15.33:445][827]LogEditorViewport: Clicking on Actor (LMB): StaticMeshActor (SM_GlassWindow)
[2019.11.16-11.15.56:536][564]Cmd: MODE SCALEGRID=0
[2019.11.16-11.17.04:687][317]LogActorFactory: Actor Factory created SM_CornerFrame
[2019.11.16-11.17.05:854][403]LogActorFactory: Actor Factory created SM_CornerFrame
[2019.11.16-11.17.42:307][383]LogEditorViewport: Clicking on Actor (LMB): StaticMeshActor (SM_CornerFrame)
[2019.11.16-11.18.42:956][189]LogEditorViewport: Clicking on Actor (LMB): StaticMeshActor (SM_GlassWindow)
[2019.11.16-11.18.47:388][492]LogEditorViewport: Clicking on Actor (LMB): PointLight (PointLight)
[2019.11.16-11.19.00:707][430]LogEditorViewport: Clicking on Actor (LMB): StaticMeshActor (SM_CornerFrame)
[2019.11.16-11.19.12:927][282]Cmd: TRANSACTION UNDO
[2019.11.16-11.19.12:928][282]LogEditorTransaction: Undo 액터 이동
[2019.11.16-11.19.13:954][347]LogEditorViewport: Clicking on Actor (LMB): StaticMeshActor (SM_CornerFrame)
[2019.11.16-11.19.34:243][347]LogEditorViewport: Clicking on Actor (LMB): StaticMeshActor (SM_GlassWindow)
[2019.11.16-11.19.35:194][409]LogEditorViewport: Clicking on Actor (LMB): StaticMeshActor (SM_CornerFrame2)
[2019.11.16-11.19.38:011][599]LogEditorViewport: Clicking on Actor (LMB): StaticMeshActor (SM_CornerFrame)
[2019.11.16-11.20.31:308][487]LogEditorViewport: Clicking on Actor (LMB): StaticMeshActor (SM_CornerFrame2)
[2019.11.16-11.20.48:776][780]LogEditorViewport: Clicking on Actor (LMB): StaticMeshActor (SM_CornerFrame2)
[2019.11.16-11.21.07:300][134]LogEditorViewport: Clicking on Actor (CTRL LMB): StaticMeshActor (SM_CornerFrame)
[2019.11.16-11.21.15:280][710]Cmd: TRANSACTION UNDO
[2019.11.16-11.21.15:281][710]LogEditorTransaction: Undo 액터 이동
[2019.11.16-11.21.16:809][812]LogEditorViewport: Clicking on Actor (CTRL LMB): StaticMeshActor (SM_CornerFrame2)
[2019.11.16-11.22.00:175][992]LogEditorViewport: Clicking on Actor (CTRL LMB): StaticMeshActor (SM_CornerFrame2)
[2019.11.16-11.22.01:992][121]Cmd: TRANSACTION UNDO
[2019.11.16-11.22.01:992][121]LogEditorTransaction: Undo 액터 이동
[2019.11.16-11.22.03:929][255]LogEditorViewport: Clicking on Actor (CTRL LMB): StaticMeshActor (SM_CornerFrame)
[2019.11.16-11.22.23:465][687]LogEditorViewport: Clicking on Actor (CTRL LMB): StaticMeshActor (SM_GlassWindow)
[2019.11.16-11.22.35:611][553]LogEditorViewport: Clicking on Actor (LMB): StaticMeshActor (SM_GlassWindow)
[2019.11.16-11.22.36:109][583]Cmd: TRANSACTION UNDO
[2019.11.16-11.22.36:109][583]LogEditorTransaction: Undo 액터 클릭
[2019.11.16-11.22.37:394][667]Cmd: TRANSACTION UNDO
[2019.11.16-11.22.37:394][667]LogEditorTransaction: Undo 액터 이동
[2019.11.16-11.22.50:533][610]LogEditorViewport: Clicking on Actor (CTRL LMB): StaticMeshActor (SM_CornerFrame)
[2019.11.16-11.22.52:968][775]LogEditorViewport: Clicking on Actor (CTRL LMB): StaticMeshActor (SM_CornerFrame3)
[2019.11.16-11.22.59:348][213]LogEditorViewport: Clicking on Actor (CTRL LMB): StaticMeshActor (SM_GlassWindow)
[2019.11.16-11.23.02:085][383]LogEditorViewport: Clicking on Actor (CTRL LMB): StaticMeshActor (SM_CornerFrame2)
[2019.11.16-11.23.08:695][854]LogEditorViewport: Clicking on Actor (CTRL LMB): StaticMeshActor (SM_CornerFrame4)
[2019.11.16-11.23.13:309][169]LogEditorViewport: Clicking on Actor (CTRL LMB): StaticMeshActor (SM_GlassWindow)
[2019.11.16-11.23.21:319][733]LogEditorViewport: Clicking on Actor (LMB): StaticMeshActor (SM_GlassWindow)
[2019.11.16-11.23.21:374][733]LogEditorViewport: Clicking on Component (LMB): StaticMeshComponent (StaticMeshComponent0)
[2019.11.16-11.23.28:761][222]LogEditorViewport: Clicking on Actor (LMB): StaticMeshActor (SM_GlassWindow2)
[2019.11.16-11.23.34:901][641]LogEditorViewport: Clicking on Actor (CTRL LMB): StaticMeshActor (SM_CornerFrame12)
[2019.11.16-11.23.53:701][241]LogEditorViewport: Clicking on Actor (CTRL LMB): StaticMeshActor (SM_CornerFrame10)
[2019.11.16-11.23.54:302][279]LogEditorViewport: Clicking on Actor (CTRL LMB): StaticMeshActor (SM_CornerFrame14)
[2019.11.16-11.23.55:528][359]LogEditorViewport: Clicking on Actor (CTRL LMB): StaticMeshActor (SM_CornerFrame14)
[2019.11.16-11.23.57:855][515]LogEditorViewport: Clicking on Actor (CTRL LMB): StaticMeshActor (SM_GlassWindow2)
[2019.11.16-11.23.59:651][633]LogEditorViewport: Clicking on Actor (CTRL LMB): StaticMeshActor (SM_GlassWindow2)
[2019.11.16-11.24.00:906][711]LogEditorViewport: Clicking on Actor (CTRL LMB): StaticMeshActor (SM_GlassWindow2)
[2019.11.16-11.24.10:610][389]LogEditorViewport: Clicking on Actor (CTRL LMB): StaticMeshActor (SM_CornerFrame16)
[2019.11.16-11.24.15:791][741]LogEditorViewport: Clicking on Actor (CTRL LMB): StaticMeshActor (SM_CornerFrame11)
[2019.11.16-11.24.16:971][821]LogEditorViewport: Clicking on Actor (CTRL LMB): StaticMeshActor (SM_CornerFrame9)
[2019.11.16-11.24.20:114][ 30]LogEditorViewport: Clicking on Actor (CTRL LMB): StaticMeshActor (SM_CornerFrame13)
[2019.11.16-11.24.24:099][288]LogEditorViewport: Clicking on Actor (CTRL LMB): StaticMeshActor (SM_CornerFrame15)
[2019.11.16-11.24.25:896][413]LogEditorViewport: Clicking on Actor (CTRL LMB): StaticMeshActor (SM_GlassWindow2)
[2019.11.16-11.25.40:052][933]LogEditorViewport: Clicking on Actor (LMB): StaticMeshActor (SM_GlassWindow6)
[2019.11.16-11.25.41:031][  2]LogEditorViewport: Clicking on Actor (LMB): StaticMeshActor (SM_GlassWindow7)
[2019.11.16-11.25.41:967][ 67]LogEditorViewport: Clicking on Actor (LMB): StaticMeshActor (SM_GlassWindow6)
[2019.11.16-11.25.42:488][100]LogEditorViewport: Clicking on Actor (LMB): StaticMeshActor (SM_GlassWindow5)
[2019.11.16-11.25.45:029][286]LogEditorViewport: Clicking on Actor (LMB): StaticMeshActor (SM_GlassWindow4)
[2019.11.16-11.25.45:560][319]LogEditorViewport: Clicking on Actor (LMB): StaticMeshActor (SM_GlassWindow3)
[2019.11.16-11.25.47:802][452]LogEditorViewport: Clicking on Actor (LMB): StaticMeshActor (SM_GlassWindow2)
[2019.11.16-11.25.49:298][554]LogEditorViewport: Clicking on Actor (LMB): StaticMeshActor (SM_GlassWindow)
[2019.11.16-11.25.56:356][  8]LogEditorViewport: Clicking on Actor (CTRL LMB): StaticMeshActor (SM_CornerFrame5)
[2019.11.16-11.25.59:835][229]LogEditorViewport: Clicking on Actor (LMB): StaticMeshActor (SM_CornerFrame5)
[2019.11.16-11.26.32:941][638]LogEditorViewport: Clicking on Actor (LMB): StaticMeshActor (SM_GlassWindow6)
[2019.11.16-11.26.47:551][783]Cmd: TRANSACTION UNDO
[2019.11.16-11.26.47:551][783]LogEditorTransaction: Undo 그룹 해체
[2019.11.16-11.26.47:567][783]LogActorComponent: ~FComponentReregisterContext: (/Game/NewMap.NewMap:PersistentLevel.SM_CornerFrame44.StaticMeshComponent0) Component already registered.
[2019.11.16-11.26.59:354][ 11]LogEditorViewport: Clicking on Actor (LMB): StaticMeshActor (SM_GlassWindow6)
[2019.11.16-11.27.02:517][242]LogEditorViewport: Clicking on Actor (LMB): StaticMeshActor (SM_GlassWindow6)
[2019.11.16-11.27.10:446][474]LogEditorViewport: Clicking on Actor (LMB): StaticMeshActor (SM_GlassWindow6)
[2019.11.16-11.27.44:086][529]Cmd: OBJ SAVEPACKAGE PACKAGE="/Game/NewMap" FILE="D:/Release/Unreal/FirstPerson/MyProject/Saved/Autosaves/Game/NewMap_Auto2.umap" SILENT=true AUTOSAVING=true KEEPDIRTY=false
[2019.11.16-11.27.44:327][529]LogSavePackage: Save=189.22ms
[2019.11.16-11.27.44:327][529]LogSavePackage: Moving 'D:/Release/Unreal/FirstPerson/MyProject/Saved/NewMap_Auto211B9B9014AEF94C2547B3AA638BA8C06.tmp' to 'D:/Release/Unreal/FirstPerson/MyProject/Saved/Autosaves/Game/NewMap_Auto2.umap'
[2019.11.16-11.27.44:328][529]LogSavePackage:Display: Finished SavePackage D:/Release/Unreal/FirstPerson/MyProject/Saved/Autosaves/Game/NewMap_Auto2.umap
[2019.11.16-11.27.44:329][529]LogFileHelpers: Editor autosave (incl. sublevels) for '/Game/NewMap' took 0.251
[2019.11.16-11.27.44:329][529]LogFileHelpers: Editor autosave (incl. sublevels) for all levels took 0.251
[2019.11.16-11.27.45:085][573]LogEditorViewport: Clicking on Actor (LMB): StaticMeshActor (SM_CornerFrame36)
[2019.11.16-11.27.48:110][805]LogEditorViewport: Clicking on Actor (LMB): StaticMeshActor (SM_CornerFrame36)
[2019.11.16-11.27.52:321][132]Cmd: DELETE
[2019.11.16-11.27.52:321][132]Cmd: ACTOR DELETE
[2019.11.16-11.27.52:322][132]LogEditorActor: Deleted Actor: StaticMeshActor
[2019.11.16-11.27.52:331][132]LogEditorActor: Deleted 1 Actors (0.010 secs)
[2019.11.16-11.27.52:955][182]LogEditorViewport: Clicking on Actor (LMB): StaticMeshActor (SM_CornerFrame35)
[2019.11.16-11.27.54:433][294]Cmd: DELETE
[2019.11.16-11.27.54:433][294]Cmd: ACTOR DELETE
[2019.11.16-11.27.54:434][294]LogEditorActor: Deleted Actor: StaticMeshActor
[2019.11.16-11.27.54:444][294]LogEditorActor: Deleted 1 Actors (0.011 secs)
[2019.11.16-11.28.10:977][609]LogEditorViewport: Clicking on Actor (LMB): StaticMeshActor (SM_CornerFrame33)
[2019.11.16-11.28.12:018][679]Cmd: DELETE
[2019.11.16-11.28.12:018][679]Cmd: ACTOR DELETE
[2019.11.16-11.28.12:019][679]LogEditorActor: Deleted Actor: StaticMeshActor
[2019.11.16-11.28.12:028][679]LogEditorActor: Deleted 1 Actors (0.009 secs)
[2019.11.16-11.28.12:736][736]LogEditorViewport: Clicking on Actor (LMB): StaticMeshActor (SM_GlassWindow5)
[2019.11.16-11.28.13:685][803]LogEditorViewport: Clicking on Actor (LMB): StaticMeshActor (SM_GlassWindow5)
[2019.11.16-11.28.15:746][961]LogEditorViewport: Clicking on Actor (LMB): StaticMeshActor (SM_CornerFrame34)
[2019.11.16-11.28.16:363][  2]Cmd: DELETE
[2019.11.16-11.28.16:363][  2]Cmd: ACTOR DELETE
[2019.11.16-11.28.16:363][  2]LogEditorActor: Deleted Actor: StaticMeshActor
[2019.11.16-11.28.16:374][  2]LogEditorActor: Deleted 1 Actors (0.011 secs)
[2019.11.16-11.28.17:133][ 63]LogEditorViewport: Clicking on Actor (LMB): StaticMeshActor (SM_GlassWindow5)
[2019.11.16-11.28.17:993][123]LogEditorViewport: Clicking on Actor (LMB): StaticMeshActor (SM_CornerFrame40)
[2019.11.16-11.28.18:053][123]LogEditorViewport: Clicking on Component (LMB): StaticMeshComponent (StaticMeshComponent0)
[2019.11.16-11.28.20:713][325]LogEditorViewport: Clicking on Actor (LMB): StaticMeshActor (SM_GlassWindow5)
[2019.11.16-11.28.21:552][383]LogEditorViewport: Clicking on Actor (LMB): StaticMeshActor (SM_CornerFrame40)
[2019.11.16-11.28.22:247][430]Cmd: DELETE
[2019.11.16-11.28.22:247][430]Cmd: ACTOR DELETE
[2019.11.16-11.28.22:248][430]LogEditorActor: Deleted Actor: StaticMeshActor
[2019.11.16-11.28.22:257][430]LogEditorActor: Deleted 1 Actors (0.010 secs)
[2019.11.16-11.28.28:961][949]LogEditorViewport: Clicking on Actor (LMB): StaticMeshActor (SM_CornerFrame37)
[2019.11.16-11.28.29:525][988]Cmd: DELETE
[2019.11.16-11.28.29:525][988]Cmd: ACTOR DELETE
[2019.11.16-11.28.29:526][988]LogEditorActor: Deleted Actor: StaticMeshActor
[2019.11.16-11.28.29:535][988]LogEditorActor: Deleted 1 Actors (0.010 secs)
[2019.11.16-11.28.30:047][ 29]LogEditorViewport: Clicking on Actor (LMB): StaticMeshActor (SM_CornerFrame39)
[2019.11.16-11.28.30:106][ 29]LogEditorViewport: Clicking on Component (LMB): StaticMeshComponent (StaticMeshComponent0)
[2019.11.16-11.28.31:880][163]LogEditorViewport: Clicking on Component (LMB): StaticMeshComponent (StaticMeshComponent0)
[2019.11.16-11.28.32:388][200]LogEditorViewport: Clicking on Component (LMB): StaticMeshComponent (StaticMeshComponent0)
[2019.11.16-11.28.33:274][267]LogEditorViewport: Clicking on Component (LMB): StaticMeshComponent (StaticMeshComponent0)
[2019.11.16-11.28.34:312][346]LogEditorViewport: Clicking on Component (LMB): StaticMeshComponent (StaticMeshComponent0)
[2019.11.16-11.28.34:960][394]LogEditorViewport: Clicking on Actor (LMB): StaticMeshActor (SM_GlassWindow5)
[2019.11.16-11.28.35:303][414]Cmd: DELETE
[2019.11.16-11.28.35:303][414]Cmd: ACTOR DELETE
[2019.11.16-11.28.35:303][414]LogEditorActor: Deleted Actor: StaticMeshActor
[2019.11.16-11.28.35:312][414]LogEditorActor: Deleted 1 Actors (0.009 secs)
[2019.11.16-11.28.36:655][521]Cmd: TRANSACTION UNDO
[2019.11.16-11.28.36:655][521]LogEditorTransaction: Undo 액터 삭제
[2019.11.16-11.28.37:254][553]LogEditorViewport: Clicking on Actor (LMB): StaticMeshActor (SM_CornerFrame39)
[2019.11.16-11.28.38:377][634]Cmd: DELETE
[2019.11.16-11.28.38:377][634]Cmd: ACTOR DELETE
[2019.11.16-11.28.38:378][634]LogEditorActor: Deleted Actor: StaticMeshActor
[2019.11.16-11.28.38:386][634]LogEditorActor: Deleted 1 Actors (0.009 secs)
[2019.11.16-11.28.44:422][ 88]LogEditorViewport: Clicking on Actor (LMB): StaticMeshActor (SM_CornerFrame30)
[2019.11.16-11.28.46:366][233]LogEditorViewport: Clicking on Actor (LMB): StaticMeshActor (SM_CornerFrame38)
[2019.11.16-11.28.47:647][334]Cmd: DELETE
[2019.11.16-11.28.47:647][334]Cmd: ACTOR DELETE
[2019.11.16-11.28.47:648][334]LogEditorActor: Deleted Actor: StaticMeshActor
[2019.11.16-11.28.47:658][334]LogEditorActor: Deleted 1 Actors (0.011 secs)
[2019.11.16-11.29.08:841][814]LogEditorViewport: Clicking on Actor (LMB): StaticMeshActor (SM_GlassWindow8)
[2019.11.16-11.30.49:323][614]Cmd: EDCALLBACK SURFPROPS
[2019.11.16-11.30.50:306][695]Cmd: TRANSACTION UNDO
[2019.11.16-11.30.50:306][695]LogEditorTransaction: Undo 표면 선택
[2019.11.16-11.30.50:451][695]LogStats: FPlatformStackWalk::StackWalkAndDump -  0.144 s
[2019.11.16-11.30.50:451][695]LogOutputDevice:Error: === Handled ensure: ===
[2019.11.16-11.30.50:451][695]LogOutputDevice:Error: 
[2019.11.16-11.30.50:451][695]LogOutputDevice:Error: Ensure condition failed: ComponentModel->Surfs.IsValidIndex(Node.iSurf) [File:D:\Build\++UE4+Release-4.15+Compile\Sync\Engine\Source\Runtime\Engine\Private\ModelRender.cpp] [Line: 344]
[2019.11.16-11.30.50:451][695]LogOutputDevice:Error: Invalid Surf Index, Idx:13, Num:12
[2019.11.16-11.30.50:451][695]LogOutputDevice:Error: Stack: 
[2019.11.16-11.30.50:451][695]LogOutputDevice:Error: UE4Editor-Core.dll!0x00000000CABE95E6
[2019.11.16-11.30.50:451][695]LogOutputDevice:Error: UE4Editor-Core.dll!0x00000000CA999B82
[2019.11.16-11.30.50:451][695]LogOutputDevice:Error: UE4Editor-Core.dll!0x00000000CA9AB666
[2019.11.16-11.30.50:451][695]LogOutputDevice:Error: UE4Editor-Engine.dll!0x00000000C778555D
[2019.11.16-11.30.50:451][695]LogOutputDevice:Error: UE4Editor-Renderer.dll!0x00000000C545BF97
[2019.11.16-11.30.50:451][695]LogOutputDevice:Error: UE4Editor-Renderer.dll!0x00000000C5434AA8
[2019.11.16-11.30.50:451][695]LogOutputDevice:Error: UE4Editor-Renderer.dll!0x00000000C5468F39
[2019.11.16-11.30.50:451][695]LogOutputDevice:Error: UE4Editor-Renderer.dll!0x00000000C50BBE8E
[2019.11.16-11.30.50:451][695]LogOutputDevice:Error: UE4Editor-Renderer.dll!0x00000000C54864C2
[2019.11.16-11.30.50:451][695]LogOutputDevice:Error: UE4Editor-Renderer.dll!0x00000000C545066E
[2019.11.16-11.30.50:451][695]LogOutputDevice:Error: UE4Editor-Core.dll!0x00000000CA86D84D
[2019.11.16-11.30.50:451][695]LogOutputDevice:Error: UE4Editor-Core.dll!0x00000000CA86DC6D
[2019.11.16-11.30.50:451][695]LogOutputDevice:Error: UE4Editor-RenderCore.dll!0x00000000C5AC0397
[2019.11.16-11.30.50:451][695]LogOutputDevice:Error: UE4Editor-RenderCore.dll!0x00000000C5AC1486
[2019.11.16-11.30.50:451][695]LogOutputDevice:Error: UE4Editor-Core.dll!0x00000000CABFA3D8
[2019.11.16-11.30.50:451][695]LogOutputDevice:Error: UE4Editor-Core.dll!0x00000000CABF4C79
[2019.11.16-11.30.50:451][695]LogOutputDevice:Error: kernel32.dll!0x00000000778D570D
[2019.11.16-11.30.50:451][695]LogOutputDevice:Error: ntdll.dll!0x0000000077A3385D
[2019.11.16-11.30.50:451][695]LogOutputDevice:Error: 
[2019.11.16-11.30.50:451][695]LogStats:                SubmitErrorReport -  0.000 s
