Log file open, 12/04/19 23:44:52
LogInit:Display: Running engine for game: ThirdPersonProject
LogPlatformFile: Not using cached read wrapper
LogInit:Display: RandInit(565374121) SRandInit(565374121).
LogTaskGraph: Started task graph with 5 named threads and 8 total threads with 1 sets of task threads.
LogStats: Stats thread started at 0.074402
LogInit: Using libcurl 7.47.1
LogInit:  - built for x86_64-pc-win32
LogInit:  - supports SSL with OpenSSL/1.0.2g
LogInit:  - supports HTTP deflate (compression) using libz 1.2.8
LogInit:  - other features:
LogInit:      CURL_VERSION_SSL
LogInit:      CURL_VERSION_LIBZ
LogInit:      CURL_VERSION_IPV6
LogInit:      CURL_VERSION_ASYNCHDNS
LogInit:      CURL_VERSION_LARGEFILE
LogInit:      CURL_VERSION_IDN
LogInit:  CurlRequestOptions (configurable via config and command line):
LogInit:  - bVerifyPeer = false  - Libcurl will NOT verify peer certificate
LogInit:  - bUseHttpProxy = false  - Libcurl will NOT use HTTP proxy
LogInit:  - bDontReuseConnections = false  - Libcurl will reuse connections
LogInit:  - CertBundlePath = nullptr  - Libcurl will use whatever was configured at build time.
LogInit: Build: ++UE4+Release-4.15-CL-3450819
LogInit: Engine Version: 4.15.3-3450819+++UE4+Release-4.15
LogInit: Compatible Engine Version: 4.15.0-3299760+++UE4+Release-4.15
LogInit: Net CL: 3299760
LogDevObjectVersion: Number of dev versions registered: 14
LogDevObjectVersion:   Dev-Blueprints (B0D832E4-1F89-4F0D-ACCF-7EB736FD4AA2): 8
LogDevObjectVersion:   Dev-Build (E1C64328-A22C-4D53-A36C-8E866417BD8C): 0
LogDevObjectVersion:   Dev-Core (375EC13C-06E4-48FB-B500-84F0262A717E): 2
LogDevObjectVersion:   Dev-Editor (E4B068ED-F494-42E9-A231-DA0B2E46BB41): 14
LogDevObjectVersion:   Dev-Framework (CFFC743F-43B0-4480-9391-14DF171D2073): 22
LogDevObjectVersion:   Dev-Mobile (B02B49B5-BB20-44E9-A304-32B752E40360): 0
LogDevObjectVersion:   Dev-Networking (A4E4105C-59A1-49B5-A7C5-40C4547EDFEE): 0
LogDevObjectVersion:   Dev-Online (39C831C9-5AE6-47DC-9A44-9C173E1C8E7C): 0
LogDevObjectVersion:   Dev-Physics (78F01B33-EBEA-4F98-B9B4-84EACCB95AA2): 0
LogDevObjectVersion:   Dev-Platform (6631380F-2D4D-43E0-8009-CF276956A95A): 0
LogDevObjectVersion:   Dev-Rendering (12F88B9F-8875-4AFC-A67C-D90C383ABD29): 12
LogDevObjectVersion:   Dev-Sequencer (7B5AE74C-D270-4C10-A958-57980B212A5A): 3
LogDevObjectVersion:   Dev-VR (D7296918-1DD6-4BDD-9DE2-64A83CC13884): 0
LogDevObjectVersion:   Dev-LoadTimes (C2A15278-BFE7-4AFE-6C17-90FF531DF755): 1
LogInit: Compiled (64-bit): May 21 2017 11:02:34
LogInit: Compiled with Visual C++: 19.00.23026.00
LogInit: Build Configuration: Development
LogInit: Branch Name: ++UE4+Release-4.15
LogInit: Command line: 
LogInit: Base directory: C:/Program Files/Epic Games/UE_4.15/Engine/Binaries/Win64/
LogInit: Installed Engine Build: 1
LogInit: Presizing for max 8388607 objects, including 0 objects not considered by GC, pre-allocating 0 bytes for permanent pool.
LogInit: Object subsystem initialized
[2019.12.04-14.44.54:014][  0]LogInit: Selected Device Profile: [Windows]
[2019.12.04-14.44.54:014][  0]LogInit: Applying CVar settings loaded from the selected device profile: [Windows]
[2019.12.04-14.44.54:022][  0]LogInit: Computer: SON-PC
[2019.12.04-14.44.54:022][  0]LogInit: User: SON
[2019.12.04-14.44.54:022][  0]LogInit: CPU Page size=65536, Cores=4
[2019.12.04-14.44.54:022][  0]LogInit: High frequency timer resolution =3.234570 MHz
[2019.12.04-14.44.54:022][  0]LogMemory: Memory total: Physical=15.9GB (16GB approx)
[2019.12.04-14.44.54:022][  0]LogMemory: Platform Memory Stats for Windows
[2019.12.04-14.44.54:022][  0]LogMemory: Process Physical Memory: 264.03 MB used, 264.03 MB peak
[2019.12.04-14.44.54:022][  0]LogMemory: Process Virtual Memory: 264.03 MB used, 264.03 MB peak
[2019.12.04-14.44.54:022][  0]LogMemory: Physical Memory: 5920.10 MB used,  10383.78 MB free, 16303.88 MB total
[2019.12.04-14.44.54:022][  0]LogMemory: Virtual Memory: 628.04 MB used,  10383.78 MB free, 8388608.00 MB total
[2019.12.04-14.44.54:148][  0]LogTextLocalizationManager: No specific translations for ('ko-KR') exist, so ('ko') translations will be used.
[2019.12.04-14.44.54:195][  0]LogTextLocalizationManager:Warning: Loaded localization resources contain conflicting entries for (Namespace:KismetSchema, Key:Default):
Localization Resource: (C:/Program Files/Epic Games/UE_4.15/Engine/Content/Localization/EditorTutorials/ko/EditorTutorials.locres) Source String Hash: (940523119) Localized String: (디폴트)
Localization Resource: (C:/Program Files/Epic Games/UE_4.15/Engine/Content/Localization/Engine/ko/Engine.locres) Source String Hash: (940523119) Localized String: (기본)
[2019.12.04-14.44.54:195][  0]LogTextLocalizationManager:Warning: Loaded localization resources contain conflicting entries for (Namespace:UObjectToolTips, Key:AnimNode_AssetPlayerBase:InternalTimeAccumulator):
Localization Resource: (C:/Program Files/Epic Games/UE_4.15/Engine/Content/Localization/EditorTutorials/ko/EditorTutorials.locres) Source String Hash: (502993589) Localized String: (이 노드에서 애셋을 레퍼런싱하는 데 사용되는 누적 시간입니다.)
Localization Resource: (C:/Program Files/Epic Games/UE_4.15/Engine/Content/Localization/ToolTips/ko/ToolTips.locres) Source String Hash: (502993589) Localized String: (내부 시간 누산기 - 이 노드에서 애셋을 레퍼런싱하는 데 사용된 누적 시간입니다.)
Localization Resource: (C:/Program Files/Epic Games/UE_4.15/Engine/Content/Localization/Engine/ko/Engine.locres) Source String Hash: (502993589) Localized String: (이 노드에서 애셋을 레퍼런싱하는 데 사용된 누적 시간입니다.)
[2019.12.04-14.44.54:195][  0]LogTextLocalizationManager:Warning: Loaded localization resources contain conflicting entries for (Namespace:UObjectToolTips, Key:AnimNode_AssetPlayerBase:bIgnoreForRelevancyTest):
Localization Resource: (C:/Program Files/Epic Games/UE_4.15/Engine/Content/Localization/EditorTutorials/ko/EditorTutorials.locres) Source String Hash: (319969718) Localized String: (True 면, 스테이트에서 최고 가중치 애니메이션을 찾는 "Relevant anim" 노드는 이 노드를 무시합니다.
 )
Localization Resource: (C:/Program Files/Epic Games/UE_4.15/Engine/Content/Localization/ToolTips/ko/ToolTips.locres) Source String Hash: (319969718) Localized String: (연관성 테스트에 무시 - true 인 경우 스테이트 내 최고 웨이팅된 애니메이션을 찾는 "Relevant anim" (연관 애님) 노드가
이 노드를 무시합니다.)
Localization Resource: (C:/Program Files/Epic Games/UE_4.15/Engine/Content/Localization/Engine/ko/Engine.locres) Source String Hash: (319969718) Localized String: (True 면 스테이트 내 최고 웨이팅된 애니메이션을 찾는 "Relevant anim" 노드가 무시됩니다.
 )
[2019.12.04-14.44.54:195][  0]LogTextLocalizationManager:Warning: Loaded localization resources contain conflicting entries for (Namespace:UObjectToolTips, Key:AnimNode_AssetPlayerBase:BlendWeight):
Localization Resource: (C:/Program Files/Epic Games/UE_4.15/Engine/Content/Localization/EditorTutorials/ko/EditorTutorials.locres) Source String Hash: (-1232800293) Localized String: (이 노드에 마지막 걸린 블렌드웨이트 입니다.)
Localization Resource: (C:/Program Files/Epic Games/UE_4.15/Engine/Content/Localization/ToolTips/ko/ToolTips.locres) Source String Hash: (-1232800293) Localized String: (블렌드 웨이트 - 이 노드에 대해 마지막으로 접한 블렌드 웨이트입니다.)
Localization Resource: (C:/Program Files/Epic Games/UE_4.15/Engine/Content/Localization/Engine/ko/Engine.locres) Source String Hash: (-1232800293) Localized String: (이 노드에 대해 마지막 접한 블렌드 웨이트)
[2019.12.04-14.44.54:195][  0]LogTextLocalizationManager:Warning: Loaded localization resources contain conflicting entries for (Namespace:UObjectToolTips, Key:AnimNode_BlendSpacePlayer:bLoop):
Localization Resource: (C:/Program Files/Epic Games/UE_4.15/Engine/Content/Localization/EditorTutorials/ko/EditorTutorials.locres) Source String Hash: (2133979316) Localized String: (애니메이션이 끝까지 재생되면 반복할까요?)
Localization Resource: (C:/Program Files/Epic Games/UE_4.15/Engine/Content/Localization/ToolTips/ko/ToolTips.locres) Source String Hash: (2133979316) Localized String: (루프 - 애니메이션이 끝에 도달했을 때 계속 반복할까요?)
[2019.12.04-14.44.54:195][  0]LogTextLocalizationManager:Warning: Loaded localization resources contain conflicting entries for (Namespace:UObjectToolTips, Key:AnimNode_StateMachine:bSkipFirstUpdateTransition):
Localization Resource: (C:/Program Files/Epic Games/UE_4.15/Engine/Content/Localization/EditorTutorials/ko/EditorTutorials.locres) Source String Hash: (1865475011) Localized String: (첫 업데이트시 도입 상태에서의 트랜지션을 건너뛸까요? 
기본은 true 로, 첫 업데이트시에는 트랜지션 데이터를 버립니다.)
Localization Resource: (C:/Program Files/Epic Games/UE_4.15/Engine/Content/Localization/ToolTips/ko/ToolTips.locres) Source String Hash: (1865475011) Localized String: (첫 번째 업데이트 트랜지션 건너뛰기 - 첫 번째 업데이트에서 입력 스테이트의 트랜지션을 건너뜁니까?
디폴트는 true 고 첫 번째 업데이트의 트랜지션 데이터를 버립니다.)
[2019.12.04-14.44.54:195][  0]LogTextLocalizationManager:Warning: Loaded localization resources contain conflicting entries for (Namespace:UObjectToolTips, Key:AnimNode_BlendSpacePlayer:X):
Localization Resource: (C:/Program Files/Epic Games/UE_4.15/Engine/Content/Localization/EditorTutorials/ko/EditorTutorials.locres) Source String Hash: (2060772590) Localized String: (블렌드스페이스에서 샘플링할 X 좌표입니다.)
Localization Resource: (C:/Program Files/Epic Games/UE_4.15/Engine/Content/Localization/ToolTips/ko/ToolTips.locres) Source String Hash: (2060772590) Localized String: (X - 블렌드스페이스 샘플의 X 좌표입니다.)
[2019.12.04-14.44.54:195][  0]LogTextLocalizationManager:Warning: Loaded localization resources contain conflicting entries for (Namespace:UObjectToolTips, Key:AnimNode_BlendSpacePlayer:Y):
Localization Resource: (C:/Program Files/Epic Games/UE_4.15/Engine/Content/Localization/EditorTutorials/ko/EditorTutorials.locres) Source String Hash: (-1719607538) Localized String: (블렌드스페이스에서 샘플링할 Y 좌표입니다.)
Localization Resource: (C:/Program Files/Epic Games/UE_4.15/Engine/Content/Localization/ToolTips/ko/ToolTips.locres) Source String Hash: (-1719607538) Localized String: (Y - 블렌드스페이스 샘플의 Y 좌표입니다.)
[2019.12.04-14.44.54:195][  0]LogTextLocalizationManager:Warning: Loaded localization resources contain conflicting entries for (Namespace:UObjectToolTips, Key:AnimNode_BlendSpacePlayer:Z):
Localization Resource: (C:/Program Files/Epic Games/UE_4.15/Engine/Content/Localization/EditorTutorials/ko/EditorTutorials.locres) Source String Hash: (1728943471) Localized String: (블렌드스페이스에서 샘플링할 Z 좌표입니다.)
Localization Resource: (C:/Program Files/Epic Games/UE_4.15/Engine/Content/Localization/ToolTips/ko/ToolTips.locres) Source String Hash: (1728943471) Localized String: (Z - 블렌드스페이스 샘플의 Z 좌표입니다.)
[2019.12.04-14.44.54:195][  0]LogTextLocalizationManager:Warning: Loaded localization resources contain conflicting entries for (Namespace:UObjectToolTips, Key:AnimNode_BlendSpacePlayer:BlendSpace):
Localization Resource: (C:/Program Files/Epic Games/UE_4.15/Engine/Content/Localization/EditorTutorials/ko/EditorTutorials.locres) Source String Hash: (1599043277) Localized String: (재생할 블렌드스페이스 애셋입니다.)
Localization Resource: (C:/Program Files/Epic Games/UE_4.15/Engine/Content/Localization/ToolTips/ko/ToolTips.locres) Source String Hash: (1599043277) Localized String: (블렌드스페이스 - 재생할 블렌드스페이스 애셋입니다.)
[2019.12.04-14.44.54:195][  0]LogTextLocalizationManager:Warning: Loaded localization resources contain conflicting entries for (Namespace:UObjectToolTips, Key:AnimNode_StateMachine:MaxTransitionsPerFrame):
Localization Resource: (C:/Program Files/Epic Games/UE_4.15/Engine/Content/Localization/EditorTutorials/ko/EditorTutorials.locres) Source String Hash: (1567650430) Localized String: (이 머신에서 한 프레임 내 '동시에' 취할 수 있는 트랜지션 최대 수입니다.)
Localization Resource: (C:/Program Files/Epic Games/UE_4.15/Engine/Content/Localization/ToolTips/ko/ToolTips.locres) Source String Hash: (1567650430) Localized String: (프레임 당 최대 트랜지션 - 한 프레임에서 이 머신이 동시에 취할 수 있는 트랜지션 최대 수입니다.)
[2019.12.04-14.44.54:195][  0]LogTextLocalizationManager:Warning: Loaded localization resources contain conflicting entries for (Namespace:UObjectToolTips, Key:AnimNode_BlendSpacePlayer:PlayRate):
Localization Resource: (C:/Program Files/Epic Games/UE_4.15/Engine/Content/Localization/EditorTutorials/ko/EditorTutorials.locres) Source String Hash: (-1274923958) Localized String: (재생 속도 배수입니다. 음수가 되면 애니메이션을 역순으로 재생하게 됩니다.)
Localization Resource: (C:/Program Files/Epic Games/UE_4.15/Engine/Content/Localization/ToolTips/ko/ToolTips.locres) Source String Hash: (-1274923958) Localized String: (재생 속도 - 재생 속도 배수입니다. 음수가 되면 애니메이션을 거꾸로 재생합니다.)
[2019.12.04-14.44.54:195][  0]LogTextLocalizationManager:Warning: Loaded localization resources contain conflicting entries for (Namespace:UObjectToolTips, Key:AnimNode_BlendSpacePlayer:StartPosition):
Localization Resource: (C:/Program Files/Epic Games/UE_4.15/Engine/Content/Localization/EditorTutorials/ko/EditorTutorials.locres) Source String Hash: (-207153555) Localized String: (시작 위치 범위는 [0,1] 이며, 재초기화시에만 적용됩니다.
루핑을 하면, 1 회전 후 0.f 부터 시작할 것입니다.)
Localization Resource: (C:/Program Files/Epic Games/UE_4.15/Engine/Content/Localization/ToolTips/ko/ToolTips.locres) Source String Hash: (-207153555) Localized String: (시작 위치 - [0, 1] 범위의 시작 위치로, 재초기화할 때만 적용됩니다.
반복하면 1회전 후 0.f 부터 시작됩니다.)
[2019.12.04-14.44.54:195][  0]LogTextLocalizationManager:Warning: Loaded localization resources contain conflicting entries for (Namespace:UObjectToolTips, Key:CameraFilmbackSettings:SensorWidth):
Localization Resource: (C:/Program Files/Epic Games/UE_4.15/Engine/Content/Localization/ToolTips/ko/ToolTips.locres) Source String Hash: (-1448580153) Localized String: (센서 폭 - 필름백 또는 디지털 센서의 가로 크기로, mm 단위입니다.)
Localization Resource: (C:/Program Files/Epic Games/UE_4.15/Engine/Content/Localization/Engine/ko/Engine.locres) Source String Hash: (-1448580153) Localized String: (필름백 또는 디지털 센서의 가로 크기로, mm 단위입니다.)
[2019.12.04-14.44.54:195][  0]LogTextLocalizationManager:Warning: Loaded localization resources contain conflicting entries for (Namespace:UObjectToolTips, Key:CameraFilmbackSettings:SensorAspectRatio):
Localization Resource: (C:/Program Files/Epic Games/UE_4.15/Engine/Content/Localization/ToolTips/ko/ToolTips.locres) Source String Hash: (-194807515) Localized String: (센서 종횡비 - 읽기 전용입니다. 센서 치수에서 계산했습니다.)
Localization Resource: (C:/Program Files/Epic Games/UE_4.15/Engine/Content/Localization/Engine/ko/Engine.locres) Source String Hash: (-194807515) Localized String: (읽기 전용입니다. 센서 크기에서 계산했습니다.)
[2019.12.04-14.44.54:195][  0]LogTextLocalizationManager:Warning: Loaded localization resources contain conflicting entries for (Namespace:UObjectToolTips, Key:AnimNode_SequencePlayer:bLoopAnimation):
Localization Resource: (C:/Program Files/Epic Games/UE_4.15/Engine/Content/Localization/ToolTips/ko/ToolTips.locres) Source String Hash: (2133979316) Localized String: (루프 - 애니메이션이 끝에 도달했을 때 계속 반복시켜야 할까요?)
Localization Resource: (C:/Program Files/Epic Games/UE_4.15/Engine/Content/Localization/Engine/ko/Engine.locres) Source String Hash: (2133979316) Localized String: (애니메이션이 끝에 도달하면 계속해서 루핑시킬것인지 입니다.)
[2019.12.04-14.44.54:195][  0]LogTextLocalizationManager:Warning: Loaded localization resources contain conflicting entries for (Namespace:UObjectToolTips, Key:AnimNode_SequencePlayer:Sequence):
Localization Resource: (C:/Program Files/Epic Games/UE_4.15/Engine/Content/Localization/ToolTips/ko/ToolTips.locres) Source String Hash: (421436424) Localized String: (시퀀스 - 재생할 애니메이션 시퀀스 애셋입니다.)
Localization Resource: (C:/Program Files/Epic Games/UE_4.15/Engine/Content/Localization/Engine/ko/Engine.locres) Source String Hash: (421436424) Localized String: (재생할 애니메이션 시퀀스 애셋입니다.)
[2019.12.04-14.44.54:195][  0]LogTextLocalizationManager:Warning: Loaded localization resources contain conflicting entries for (Namespace:UObjectToolTips, Key:AnimNode_SequencePlayer:PlayRate):
Localization Resource: (C:/Program Files/Epic Games/UE_4.15/Engine/Content/Localization/ToolTips/ko/ToolTips.locres) Source String Hash: (-1274923958) Localized String: (재생 속도 - 재생 속도 배수입니다. 음수가 될 수 있으며, 그러면 애니메이션이 거꾸로 재생됩니다.)
Localization Resource: (C:/Program Files/Epic Games/UE_4.15/Engine/Content/Localization/Engine/ko/Engine.locres) Source String Hash: (-1274923958) Localized String: (플레이 속도 배수입니다. 음수가 되면 애니메이션이 역방향으로 재생됩니다.)
[2019.12.04-14.44.54:195][  0]LogTextLocalizationManager:Warning: Loaded localization resources contain conflicting entries for (Namespace:UObjectToolTips, Key:AnimNode_SequencePlayer:StartPosition):
Localization Resource: (C:/Program Files/Epic Games/UE_4.15/Engine/Content/Localization/ToolTips/ko/ToolTips.locres) Source String Hash: (771611000) Localized String: (시작 위치 - 시작 위치로 재초기화할 때만 적용됩니다.
반복하면, 1회전 후 0.f 부터 시작됩니다.)
Localization Resource: (C:/Program Files/Epic Games/UE_4.15/Engine/Content/Localization/Engine/ko/Engine.locres) Source String Hash: (771611000) Localized String: (시작 위치로, 재초기화시에만 적용됩니다.
루핑을 하면, 1회전 후 0.f 부터 시작할 것입니다.)
[2019.12.04-14.44.54:195][  0]LogTextLocalizationManager:Warning: Loaded localization resources contain conflicting entries for (Namespace:UObjectToolTips, Key:CameraFilmbackSettings:SensorHeight):
Localization Resource: (C:/Program Files/Epic Games/UE_4.15/Engine/Content/Localization/ToolTips/ko/ToolTips.locres) Source String Hash: (-1311569777) Localized String: (센서 높이 - 필름백 또는 디지털 센서의 세로 크기로, mm 단위입니다.)
Localization Resource: (C:/Program Files/Epic Games/UE_4.15/Engine/Content/Localization/Engine/ko/Engine.locres) Source String Hash: (-1311569777) Localized String: (필름백 또는 디지털 센서의 세로 크기로, mm 단위입니다.)
[2019.12.04-14.44.54:643][  0]LogD3D11RHI: D3D11 adapters:
[2019.12.04-14.44.54:666][  0]LogD3D11RHI:    0. 'NVIDIA GeForce GTX 960' (Feature Level 11_0)
[2019.12.04-14.44.54:666][  0]LogD3D11RHI:       1969/0/2048 MB DedicatedVideo/DedicatedSystem/SharedSystem, Outputs:2, VendorId:0x10de
[2019.12.04-14.44.54:666][  0]LogD3D11RHI: Chosen D3D11 Adapter: 0
[2019.12.04-14.44.54:672][  0]LogD3D11RHI: Creating new Direct3DDevice
[2019.12.04-14.44.54:672][  0]LogD3D11RHI:     GPU DeviceId: 0x1401 (for the marketing name, search the web for "GPU Device Id")
[2019.12.04-14.44.54:672][  0]LogWindows: EnumDisplayDevices:
[2019.12.04-14.44.54:672][  0]LogWindows:    0. 'NVIDIA GeForce GTX 960' (P:0 D:1)
[2019.12.04-14.44.54:672][  0]LogWindows:    1. 'NVIDIA GeForce GTX 960' (P:1 D:1)
[2019.12.04-14.44.54:672][  0]LogWindows:    2. 'NVIDIA GeForce GTX 960' (P:0 D:0)
[2019.12.04-14.44.54:672][  0]LogWindows:    3. 'NVIDIA GeForce GTX 960' (P:0 D:0)
[2019.12.04-14.44.54:673][  0]LogWindows:    4. 'RDPDD Chained DD' (P:0 D:0)
[2019.12.04-14.44.54:673][  0]LogWindows:    5. 'RDP Encoder Mirror Driver' (P:0 D:0)
[2019.12.04-14.44.54:673][  0]LogWindows:    6. 'RDP Reflector Display Driver' (P:0 D:0)
[2019.12.04-14.44.54:673][  0]LogWindows: DebugString: GetVideoDriverDetailsInvalid PrimaryIsNotTheChoosenAdapter GetVideoDriverDetailsInvalid PrimaryIsNotTheChoosenAdapter GetVideoDriverDetailsInvalid PrimaryIsNotTheChoosenAdapter FoundDriverCount:4 
[2019.12.04-14.44.54:673][  0]LogD3D11RHI:     Adapter Name: NVIDIA GeForce GTX 960
[2019.12.04-14.44.54:673][  0]LogD3D11RHI:   Driver Version: 358.91 (internal:10.18.13.5891, unified:358.91)
[2019.12.04-14.44.54:673][  0]LogD3D11RHI:      Driver Date: 11-5-2015
[2019.12.04-14.44.54:673][  0]LogRHI: Texture pool is 1361 MB (70% of 1945 MB)
[2019.12.04-14.44.54:684][  0]LogD3D11RHI: NvAPI_D3D_GetCurrentSLIState failed: 0xfffffff7
[2019.12.04-14.44.54:684][  0]LogD3D11RHI: Async texture creation enabled
[2019.12.04-14.44.54:698][  0]LogD3D11RHI: GPU Timing Frequency: 1000.000000 (Debug: 2 2)
[2019.12.04-14.44.54:701][  0]LogShaderCompilers: Guid format shader working directory is 8 characters bigger than the processId version (D:/Release/Unreal/ThirdPersonProject/Intermediate/Shaders/WorkingDirectory/8516/).
[2019.12.04-14.44.54:701][  0]LogShaderCompilers: Cleaned the shader compiler working directory 'C:/Users/SON/AppData/Local/Temp/UnrealShaderWorkingDir/3A48EBC14064AAEEC56C4CBE450F7336/'.
[2019.12.04-14.44.54:701][  0]LogShaderCompilers:Display: Using Local Shader Compiler.
[2019.12.04-14.44.55:815][  0]LogTemp:Display: Loaded TP AllDesktopTargetPlatform
[2019.12.04-14.44.55:889][  0]LogTemp:Display: Loaded TP MacClientTargetPlatform
[2019.12.04-14.44.55:962][  0]LogTemp:Display: Loaded TP MacNoEditorTargetPlatform
[2019.12.04-14.44.56:040][  0]LogTemp:Display: Loaded TP MacServerTargetPlatform
[2019.12.04-14.44.56:115][  0]LogTemp:Display: Loaded TP MacTargetPlatform
[2019.12.04-14.44.56:189][  0]LogTemp:Display: Loaded TP WindowsClientTargetPlatform
[2019.12.04-14.44.56:270][  0]LogTemp:Display: Loaded TP WindowsNoEditorTargetPlatform
[2019.12.04-14.44.56:349][  0]LogTemp:Display: Loaded TP WindowsServerTargetPlatform
[2019.12.04-14.44.56:418][  0]LogTemp:Display: Loaded TP WindowsTargetPlatform
[2019.12.04-14.44.56:496][  0]LogTemp:Display: Loaded TP AndroidTargetPlatform
[2019.12.04-14.44.56:574][  0]LogTemp:Display: Loaded TP Android_ASTCTargetPlatform
[2019.12.04-14.44.56:650][  0]LogTemp:Display: Loaded TP Android_ATCTargetPlatform
[2019.12.04-14.44.56:727][  0]LogTemp:Display: Loaded TP Android_DXTTargetPlatform
[2019.12.04-14.44.56:803][  0]LogTemp:Display: Loaded TP Android_ETC1TargetPlatform
[2019.12.04-14.44.56:876][  0]LogTemp:Display: Loaded TP Android_ETC2TargetPlatform
[2019.12.04-14.44.57:047][  0]LogTemp:Display: Loaded TP Android_MultiTargetPlatform
[2019.12.04-14.44.57:047][  0]LogTemp:Display: Loaded TP Android_PVRTCTargetPlatform
[2019.12.04-14.44.57:109][  0]LogTemp:Display: Loaded TP HTML5TargetPlatform
[2019.12.04-14.44.57:239][  0]LogTemp:Display: Loaded TP IOSTargetPlatform
[2019.12.04-14.44.57:282][  0]LogTemp:Display: Loaded TP TVOSTargetPlatform
[2019.12.04-14.44.57:366][  0]LogTemp:Display: Loaded TP LinuxClientTargetPlatform
[2019.12.04-14.44.57:451][  0]LogTemp:Display: Loaded TP LinuxNoEditorTargetPlatform
[2019.12.04-14.44.57:537][  0]LogTemp:Display: Loaded TP LinuxServerTargetPlatform
[2019.12.04-14.44.57:614][  0]LogTemp:Display: Loaded TP LinuxTargetPlatform
[2019.12.04-14.44.57:614][  0]LogTargetPlatformManager:Display: Building Assets For Windows
[2019.12.04-14.44.58:277][  0]LogDerivedDataCache:Display: Max Cache Size: 512 MB
[2019.12.04-14.44.58:323][  0]LogDerivedDataCache: Loaded boot cache 0.05s 50MB C:/Users/SON/AppData/Local/UnrealEngine/4.15/DerivedDataCache/Boot.ddc.
[2019.12.04-14.44.58:323][  0]LogDerivedDataCache:Display: Loaded Boot cache: C:/Users/SON/AppData/Local/UnrealEngine/4.15/DerivedDataCache/Boot.ddc
[2019.12.04-14.44.58:323][  0]LogDerivedDataCache: FDerivedDataBackendGraph:  Pak pak cache file D:/Release/Unreal/ThirdPersonProject/DerivedDataCache/DDC.ddp not found, will not use a pak cache.
[2019.12.04-14.44.58:323][  0]LogDerivedDataCache: Unable to find inner node Pak for hierarchical cache Hierarchy.
[2019.12.04-14.44.58:323][  0]LogDerivedDataCache: FDerivedDataBackendGraph:  CompressedPak pak cache file D:/Release/Unreal/ThirdPersonProject/DerivedDataCache/Compressed.ddp not found, will not use a pak cache.
[2019.12.04-14.44.58:323][  0]LogDerivedDataCache: Unable to find inner node CompressedPak for hierarchical cache Hierarchy.
[2019.12.04-14.44.58:340][  0]LogDerivedDataCache:Display: Pak cache opened for reading ../../../Engine/DerivedDataCache/Compressed.ddp.
[2019.12.04-14.44.58:351][  0]LogDerivedDataCache: Using Local data cache path C:/Users/SON/AppData/Local/UnrealEngine/Common/DerivedDataCache: Writable
[2019.12.04-14.44.58:359][  0]LogSlate: Using Freetype 2.6.0
[2019.12.04-14.44.58:360][  0]LogSlate: SlateFontCache - WITH_FREETYPE: 1, WITH_HARFBUZZ: 1
[2019.12.04-14.44.58:360][  0]LogSlate: SlateFontCache - WITH_FREETYPE: 1, WITH_HARFBUZZ: 1
[2019.12.04-14.44.58:634][  0]LogInit: Selected Device Profile: [Windows]
[2019.12.04-14.44.58:636][  0]LogContentStreaming: Texture pool size is 0.00 MB
[2019.12.04-14.44.58:902][  0]LogMeshUtilities: Using QuadricMeshReduction for automatic static mesh reduction
[2019.12.04-14.44.58:974][  0]LogSimplygon: Simplygon DLL not present - disabling.
[2019.12.04-14.44.59:045][  0]LogMeshUtilities: Using SimplygonSwarm for distributed automatic mesh merging
[2019.12.04-14.44.59:045][  0]LogMeshUtilities: No automatic skeletal mesh reduction module available
[2019.12.04-14.44.59:045][  0]LogMeshUtilities: No automatic mesh merging module available
[2019.12.04-14.44.59:661][  0]LogNetVersion: GetLocalNetworkVersion: CL: 3299760, ProjectName: thirdpersonproject, ProjectVersion: , EngineNetworkVersion: 2, GameNetworkVersion: 0, NetworkChecksum: 4086958802
[2019.12.04-14.44.59:717][  0]LogAssetRegistry: FAssetRegistry took 0.0202 seconds to start up
[2019.12.04-14.44.59:772][  0]LogPackageLocalizationCache: Processed 3 localized package path(s) for 2 prioritized culture(s) in 0.021073 seconds
[2019.12.04-14.44.59:778][  0]LogUObjectArray: 32493 objects as part of root set at end of initial load.
[2019.12.04-14.44.59:778][  0]LogUObjectAllocator: 7077024 out of 0 bytes used by permanent object pool.
[2019.12.04-14.44.59:778][  0]LogUObjectArray: CloseDisregardForGC: 0/0 objects in disregard for GC pool
[2019.12.04-14.44.59:881][  0]LogInit: WinSock: version 1.1 (2.2), MaxSocks=32767, MaxUdp=65467
[2019.12.04-14.45.02:231][  0]LogTcpMessaging: Initializing TcpMessaging bridge
[2019.12.04-14.45.02:277][  0]LogUdpMessaging: Initializing bridge on interface 0.0.0.0:0 to multicast group 230.0.0.1:6666.
[2019.12.04-14.45.02:951][  0]LogMaterial: Uniform references updated for custom material expression Custom.
[2019.12.04-14.45.03:518][  0]SourceControl: 정보 소스 콘트롤이 꺼졌습니다.
[2019.12.04-14.45.03:553][  0]SourceControl: 정보 소스 콘트롤이 꺼졌습니다.
[2019.12.04-14.45.03:627][  0]SourceControl: 정보 소스 콘트롤이 꺼졌습니다.
[2019.12.04-14.45.03:706][  0]SourceControl: 정보 소스 콘트롤이 꺼졌습니다.
[2019.12.04-14.45.05:547][  0]LogEngine: Initializing Engine...
[2019.12.04-14.45.05:547][  0]LogHMD: Failed to initialize OpenVR with code 110
[2019.12.04-14.45.05:653][  0]LogStats: UGameplayTagsManager::ConstructGameplayTagTree: Construct from data asset -  0.000 s
[2019.12.04-14.45.05:653][  0]LogStats: UGameplayTagsManager::ConstructGameplayTagTree: GameplayTagTreeChangedEvent.Broadcast -  0.000 s
[2019.12.04-14.45.05:846][  0]LogAIModule: Creating AISystem for world Untitled
[2019.12.04-14.45.05:871][  0]LogInit: XAudio2 using '27DOG-4(NVIDIA High Definition Audio)' : 2 channels at 48 kHz using 16 bits per sample (channel mask 0x3)
[2019.12.04-14.45.05:884][  0]LogInit: FAudioDevice initialized.
[2019.12.04-14.45.05:909][  0]LogDerivedDataCache: Saved boot cache 0.03s 50MB C:/Users/SON/AppData/Local/UnrealEngine/4.15/DerivedDataCache/Boot.ddc.
[2019.12.04-14.45.05:916][  0]LogInit: Texture streaming: Enabled
[2019.12.04-14.45.06:065][  0]LogEngineSessionManager: EngineSessionManager initialized
[2019.12.04-14.45.06:205][  0]LogInit: Transaction tracking system initialized
[2019.12.04-14.45.06:794][  0]BlueprintLog: New page: 에디터 로드
[2019.12.04-14.45.08:164][  0]LocalizationService: 정보 현지화 서비스가 비활성화되었습니다.
[2019.12.04-14.45.09:237][  0]LogConsoleResponse:Display: 
[2019.12.04-14.45.09:389][  0]LogCook:Display: Max memory allowance for cook 16384mb min free memory 0mb
[2019.12.04-14.45.09:389][  0]LogCook:Display: Mobile HDR setting 1
[2019.12.04-14.45.10:277][  0]LogFileCache: Scanning file cache for directory 'D:/Release/Unreal/ThirdPersonProject/Content/' took 0.01s
[2019.12.04-14.45.10:887][  0]SourceControl: 정보 소스 콘트롤이 꺼졌습니다.
[2019.12.04-14.45.10:887][  0]Cmd: MAP LOAD FILE="D:/Release/Unreal/ThirdPersonProject/Content/StarterContent/Maps/Minimal_Default.umap" TEMPLATE=0 SHOWPROGRESS=1 FEATURELEVEL=3
[2019.12.04-14.45.10:888][  0]LightingResults: New page: 라이팅 빌드
[2019.12.04-14.45.10:953][  0]MapCheck: New page: 맵 체크
[2019.12.04-14.45.10:953][  0]LightingResults: New page: 라이팅 빌드
[2019.12.04-14.45.11:345][  0]LogAIModule: Creating AISystem for world Minimal_Default
[2019.12.04-14.45.11:370][  0]LogEditorServer: Finished looking for orphan Actors (0.000 secs)
[2019.12.04-14.45.11:370][  0]Cmd: MAP CHECKDEP NOCLEARLOG
[2019.12.04-14.45.11:435][  0]MapCheck: 정보 맵 체크 완료: 오류 0 회, 경고 0 회, 소요 시간 64.941ms.
[2019.12.04-14.45.11:435][  0]LogFileHelpers: Loading map 'Minimal_Default' took 0.548
[2019.12.04-14.45.11:644][  0]LogCollectionManager: Loaded 0 collections in 0.001389 seconds
[2019.12.04-14.45.11:751][  0]LogFileCache: Scanning file cache for directory 'D:/Release/Unreal/ThirdPersonProject/Saved/Collections/' took 0.01s
[2019.12.04-14.45.11:751][  0]LogFileCache: Scanning file cache for directory 'D:/Release/Unreal/ThirdPersonProject/Content/Developers/SON/Collections/' took 0.01s
[2019.12.04-14.45.11:751][  0]LogFileCache: Scanning file cache for directory 'D:/Release/Unreal/ThirdPersonProject/Content/Collections/' took 0.01s
[2019.12.04-14.45.11:751][  0]LogCollectionManager: Rebuilt the GUID cache for 0 collections in 0.000001 seconds
[2019.12.04-14.45.11:758][  0]LogContentBrowser: Native class hierarchy populated in 0.0075 seconds. Added 2245 classes and 453 folders.
[2019.12.04-14.45.11:858][  0]LogContentBrowser: Native class hierarchy updated for 'WidgetCarousel' in 0.0004 seconds. Added 0 classes and 0 folders.
[2019.12.04-14.45.11:922][  0]LogContentBrowser: Native class hierarchy updated for 'AddContentDialog' in 0.0004 seconds. Added 0 classes and 0 folders.
[2019.12.04-14.45.11:986][  0]LogContentBrowser: Native class hierarchy updated for 'SceneOutliner' in 0.0006 seconds. Added 1 classes and 2 folders.
[2019.12.04-14.45.12:108][  0]LogCrashTracker: Crashtracker disabled due to settings.
[2019.12.04-14.45.12:452][  0]LogSlate: Only BGRA pngs, bmps or icos are supported in by External Image Picker
[2019.12.04-14.45.13:184][  0]LogUObjectGlobals:Warning: 'Class 없음.' 오브젝트를 찾는 데 실패했습니다.
[2019.12.04-14.45.13:280][  0]LogTemp:Display: Executing iPhonePackager certificates Engine -bundlename com.YourCompany.ThirdPersonProject

[2019.12.04-14.45.13:280][  0]LogTemp:Display: CWD: C:\Program Files\Epic Games\UE_4.15\Engine\Binaries\DotNET\IOS

[2019.12.04-14.45.13:280][  0]LogTemp:Display: Initial Dir: C:\Program Files\Epic Games\UE_4.15

[2019.12.04-14.45.13:280][  0]LogTemp:Display: Env CWD: C:\Program Files\Epic Games\UE_4.15\Engine\Binaries\DotNET\IOS

[2019.12.04-14.45.13:280][  0]LogTemp:Display: BranchPath = SON-PC/C/Program Files/Epic Games/UE_4.15/Engine/Binaries --- GameBranchPath = SON-PC/C/Program Files/Epic Games/UE_4.15/Engine/Binaries

[2019.12.04-14.45.13:280][  0]LogTemp:Display: IPP ERROR: Application exception: System.IO.DirectoryNotFoundException: 'C:\Users\SON\AppData\Local\Apple Computer\MobileDevice\Provisioning Profiles' ?????? ?Ϻθ? ã?? ?? ?????ϴ?.

[2019.12.04-14.45.13:280][  0]LogTemp:Display:    ??ġ: System.IO.__Error.WinIOError(Int32 errorCode, String maybeFullPath)

[2019.12.04-14.45.13:280][  0]LogTemp:Display:    ??ġ: System.IO.FileSystemEnumerableIterator`1.CommonInit()

[2019.12.04-14.45.13:280][  0]LogTemp:Display:    ??ġ: System.IO.FileSystemEnumerableIterator`1..ctor(String path, String originalUserPath, String searchPattern, SearchOption searchOption, SearchResultHandler`1 resultHandler, Boolean checkHost)

[2019.12.04-14.45.13:280][  0]LogTemp:Display:    ??ġ: System.IO.Directory.EnumerateFiles(String path, String searchPattern)

[2019.12.04-14.45.13:280][  0]LogTemp:Display:    ??ġ: iPhonePackager.CodeSignatureBuilder.FindProvisions(String CFBundleIdentifier)

[2019.12.04-14.45.13:280][  0]LogTemp:Display:    ??ġ: iPhonePackager.Program.Main(String[] args)

[2019.12.04-14.45.13:280][  0]LogContentBrowser: Native class hierarchy updated for 'HierarchicalLODOutliner' in 0.0004 seconds. Added 1 classes and 2 folders.
[2019.12.04-14.45.13:280][  0]LogLoad: (Engine Initialization) Total time: 21.66 seconds
[2019.12.04-14.45.13:280][  0]LogLoad: (Engine Initialization) Total Blueprint compile time: 0.15 seconds
[2019.12.04-14.45.13:280][  0]LogExternalProfiler: Found external profiler: VSPerf
[2019.12.04-14.45.13:280][  0]LogExternalProfiler: Using external profiler: VSPerf
[2019.12.04-14.45.13:293][  0]LogOcInput: OculusInput pre-init called
[2019.12.04-14.45.13:320][  0]LogContentStreaming: Texture pool size now 1000 MB
[2019.12.04-14.45.13:321][  0]LogSlate: Took 0.000298 seconds to synchronously load lazily loaded font '../../../Engine/Content/Slate/Fonts/Roboto-Regular.ttf' (155K)
[2019.12.04-14.45.13:325][  0]LogSlate: Took 0.002629 seconds to synchronously load lazily loaded font '../../../Engine/Content/Slate/Fonts/NanumGothic.ttf' (4243K)
[2019.12.04-14.45.13:327][  0]LogSlate: Took 0.000246 seconds to synchronously load lazily loaded font '../../../Engine/Content/Slate/Fonts/Roboto-Bold.ttf' (160K)
[2019.12.04-14.45.13:332][  0]LogSlate: Took 0.000350 seconds to synchronously load lazily loaded font '../../../Engine/Content/Editor/Slate/Fonts/FontAwesome.ttf' (139K)
[2019.12.04-14.45.13:490][  0]LogRenderer: Reallocating scene render targets to support 1616x808 NumSamples 1 (Frame:2).
[2019.12.04-14.45.13:547][  1]LogAssetRegistry: Asset discovery search completed in 13.8501 seconds
[2019.12.04-14.45.13:547][  1]LogCollectionManager: Rebuilt the object cache for 0 collections in 0.000006 seconds (found 0 objects)
[2019.12.04-14.45.13:547][  1]LogCollectionManager: Fixed up redirectors for 0 collections in 0.000020 seconds (updated 0 objects)
[2019.12.04-14.45.14:306][ 76]LogSlate: Took 0.000338 seconds to synchronously load lazily loaded font '../../../Engine/Content/Slate/Fonts/Roboto-Light.ttf' (159K)
[2019.12.04-15.02.07:261][394]LogSlate: Took 0.000233 seconds to synchronously load lazily loaded font '../../../Engine/Content/Slate/Fonts/Roboto-Light.ttf' (159K)
[2019.12.04-15.02.07:403][394]LogContentBrowser: Native class hierarchy updated for 'SkeletonEditor' in 0.0005 seconds. Added 1 classes and 2 folders.
[2019.12.04-15.02.07:528][394]LogActorComponent: RegisterComponentWithWorld: (/Engine/Transient.World_6:PersistentLevel.Actor_0.DebugSkelMeshComponent_0) Already registered. Aborting.
[2019.12.04-15.02.07:570][394]LogSkeletalMesh: USkeletalMeshComponent::InitArticulated : Bodies already created (/Engine/Transient.World_6:PersistentLevel.Actor_0.DebugSkelMeshComponent_0) - call TermArticulated first.
[2019.12.04-15.05.21:829][201]LogSlate: Took 0.000279 seconds to synchronously load lazily loaded font '../../../Engine/Content/Slate/Fonts/Roboto-Light.ttf' (159K)
[2019.12.04-15.15.14:389][572]LogFileHelpers: Editor autosave (incl. sublevels) for '/Game/StarterContent/Maps/Minimal_Default' took 0.021
[2019.12.04-15.15.14:391][572]OBJ SavePackage: Generating thumbnails for [0] asset(s) in package [/Game/Character/SK_Mannequin_Skeleton] ([1] browsable assets)...
[2019.12.04-15.15.14:391][572]OBJ SavePackage: Finished generating thumbnails for package [/Game/Character/SK_Mannequin_Skeleton]
[2019.12.04-15.15.14:623][572]LogSavePackage: Save=4.94ms
[2019.12.04-15.15.14:623][572]LogSavePackage: Moving 'D:/Release/Unreal/ThirdPersonProject/Saved/SK_Mannequin_Skeleton_Auto150028D024373C7E8B7762799400C1F8C.tmp' to 'D:/Release/Unreal/ThirdPersonProject/Saved/Autosaves/Game/Character/SK_Mannequin_Skeleton_Auto1.uasset'
[2019.12.04-15.15.14:656][572]LogSavePackage:Display: Finished SavePackage D:/Release/Unreal/ThirdPersonProject/Saved/Autosaves/Game/Character/SK_Mannequin_Skeleton_Auto1.uasset
[2019.12.04-15.15.14:656][572]OBJ SavePackage: Generating thumbnails for [1] asset(s) in package [/Game/Character/Animation/PunchingMontage] ([1] browsable assets)...
[2019.12.04-15.15.14:693][572]OBJ SavePackage:     Rendered thumbnail for [AnimMontage /Game/Character/Animation/PunchingMontage.PunchingMontage]
[2019.12.04-15.15.14:693][572]OBJ SavePackage: Finished generating thumbnails for package [/Game/Character/Animation/PunchingMontage]
[2019.12.04-15.15.14:705][572]LogSavePackage: Save=11.16ms
[2019.12.04-15.15.14:705][572]LogSavePackage: Moving 'D:/Release/Unreal/ThirdPersonProject/Saved/PunchingMontage_Auto1CE0979E54C57E0C68F0E5AAD7BD08328.tmp' to 'D:/Release/Unreal/ThirdPersonProject/Saved/Autosaves/Game/Character/Animation/PunchingMontage_Auto1.uasset'
[2019.12.04-15.15.14:708][572]LogSavePackage:Display: Finished SavePackage D:/Release/Unreal/ThirdPersonProject/Saved/Autosaves/Game/Character/Animation/PunchingMontage_Auto1.uasset
[2019.12.04-15.15.14:708][572]LogFileHelpers: Auto-saving content packages took 0.317
[2019.12.04-17.52.49:711][ 25]Cmd: OBJ SAVEPACKAGE PACKAGE="/Game/Character/Animation/PunchingMontage" FILE="D:/Release/Unreal/ThirdPersonProject/Content/Character/Animation/PunchingMontage.uasset" SILENT=true
[2019.12.04-17.52.49:728][ 25]LogSavePackage: Save=14.55ms
[2019.12.04-17.52.49:728][ 25]LogSavePackage: Moving 'D:/Release/Unreal/ThirdPersonProject/Saved/PunchingMontageEB194F5A4E67E4DBFE4C219D433473DA.tmp' to 'D:/Release/Unreal/ThirdPersonProject/Content/Character/Animation/PunchingMontage.uasset'
[2019.12.04-17.52.49:730][ 25]LogSavePackage:Display: Finished SavePackage D:/Release/Unreal/ThirdPersonProject/Content/Character/Animation/PunchingMontage.uasset
[2019.12.04-17.52.49:734][ 25]Cmd: OBJ SAVEPACKAGE PACKAGE="/Game/Character/SK_Mannequin_Skeleton" FILE="D:/Release/Unreal/ThirdPersonProject/Content/Character/SK_Mannequin_Skeleton.uasset" SILENT=true
[2019.12.04-17.52.53:721][ 25]LogSavePackage: Save=7.10ms
[2019.12.04-17.52.53:721][ 25]LogSavePackage: Moving 'D:/Release/Unreal/ThirdPersonProject/Saved/SK_Mannequin_SkeletonFF6559DC48DBB3D31E52DA94C03B5B62.tmp' to 'D:/Release/Unreal/ThirdPersonProject/Content/Character/SK_Mannequin_Skeleton.uasset'
[2019.12.04-17.52.53:724][ 25]LogSavePackage:Display: Finished SavePackage D:/Release/Unreal/ThirdPersonProject/Content/Character/SK_Mannequin_Skeleton.uasset
[2019.12.04-17.52.54:117][ 26]Cmd: QUIT_EDITOR
[2019.12.04-17.52.54:207][ 26]LogExit: Preparing to exit.
[2019.12.04-17.52.54:584][ 26]LogExit: Editor shut down
[2019.12.04-17.52.54:584][ 26]LogExit: Transaction tracking system shut down
[2019.12.04-17.52.54:631][ 26]LogObj: Freed 0b from 0 cluster array pools.
[2019.12.04-17.52.54:631][ 26]LogExit: Object subsystem successfully closed.
[2019.12.04-17.52.54:647][ 26]LogD3D11RHI: Shutdown
[2019.12.04-17.52.54:647][ 26]LogD3D11RHI: CleanupD3DDevice
[2019.12.04-17.52.54:732][ 26]LogD3D11RHI: ~FD3D11DynamicRHI
[2019.12.04-17.52.54:747][ 26]LogModuleManager: Shutting down and abandoning module SkeletonEditor (504)
[2019.12.04-17.52.54:747][ 26]LogModuleManager: Shutting down and abandoning module AnimationEditor (502)
[2019.12.04-17.52.54:747][ 26]LogModuleManager: Shutting down and abandoning module HierarchicalLODOutliner (500)
[2019.12.04-17.52.54:747][ 26]LogModuleManager: Shutting down and abandoning module ExternalImagePicker (498)
[2019.12.04-17.52.54:747][ 26]LogModuleManager: Shutting down and abandoning module CrashTracker (496)
[2019.12.04-17.52.54:747][ 26]LogModuleManager: Shutting down and abandoning module SceneOutliner (494)
[2019.12.04-17.52.54:747][ 26]LogModuleManager: Shutting down and abandoning module AddContentDialog (492)
[2019.12.04-17.52.54:747][ 26]LogDirectoryWatcher: A directory notification for 'C:/Program Files/Epic Games/UE_4.15/FeaturePacks/' was aborted.
[2019.12.04-17.52.54:748][ 26]LogModuleManager: Shutting down and abandoning module WidgetCarousel (491)
[2019.12.04-17.52.54:748][ 26]LogModuleManager: Shutting down and abandoning module EditorWidgets (488)
[2019.12.04-17.52.54:748][ 26]LogModuleManager: Shutting down and abandoning module CollectionManager (486)
[2019.12.04-17.52.54:748][ 26]LogDirectoryWatcher: A directory notification for 'D:/Release/Unreal/ThirdPersonProject/Content/Collections/' was aborted.
[2019.12.04-17.52.54:748][ 26]LogDirectoryWatcher: A directory notification for 'D:/Release/Unreal/ThirdPersonProject/Content/Developers/SON/Collections/' was aborted.
[2019.12.04-17.52.54:748][ 26]LogDirectoryWatcher: A directory notification for 'D:/Release/Unreal/ThirdPersonProject/Saved/Collections/' was aborted.
[2019.12.04-17.52.54:748][ 26]LogModuleManager: Shutting down and abandoning module StatsViewer (484)
[2019.12.04-17.52.54:748][ 26]LogModuleManager: Shutting down and abandoning module FoliageEdit (482)
[2019.12.04-17.52.54:748][ 26]LogModuleManager: Shutting down and abandoning module LandscapeEditor (480)
[2019.12.04-17.52.54:748][ 26]LogModuleManager: Shutting down and abandoning module SceneDepthPickerMode (478)
[2019.12.04-17.52.54:748][ 26]LogModuleManager: Shutting down and abandoning module ActorPickerMode (476)
[2019.12.04-17.52.54:748][ 26]LogModuleManager: Shutting down and abandoning module GeometryMode (474)
[2019.12.04-17.52.54:748][ 26]LogModuleManager: Shutting down and abandoning module TextureAlignMode (472)
[2019.12.04-17.52.54:748][ 26]LogModuleManager: Shutting down and abandoning module BspMode (470)
[2019.12.04-17.52.54:748][ 26]LogModuleManager: Shutting down and abandoning module HardwareSurvey (468)
[2019.12.04-17.52.54:748][ 26]LogModuleManager: Shutting down and abandoning module SequenceRecorderSections (466)
[2019.12.04-17.52.54:748][ 26]LogModuleManager: Shutting down and abandoning module AutomationWorker (464)
[2019.12.04-17.52.54:748][ 26]LogModuleManager: Shutting down and abandoning module MatineeToLevelSequence (462)
[2019.12.04-17.52.54:748][ 26]LogModuleManager: Shutting down and abandoning module LevelSequenceEditor (460)
[2019.12.04-17.52.54:748][ 26]LogModuleManager: Shutting down and abandoning module PlacementMode (459)
[2019.12.04-17.52.54:748][ 26]LogModuleManager: Shutting down and abandoning module WmfMediaFactory (456)
[2019.12.04-17.52.54:748][ 26]LogModuleManager: Shutting down and abandoning module WmfMediaEditor (454)
[2019.12.04-17.52.54:748][ 26]LogModuleManager: Shutting down and abandoning module MfMediaFactory (452)
[2019.12.04-17.52.54:748][ 26]LogModuleManager: Shutting down and abandoning module MfMediaEditor (450)
[2019.12.04-17.52.54:748][ 26]LogModuleManager: Shutting down and abandoning module AvfMediaFactory (448)
[2019.12.04-17.52.54:748][ 26]LogModuleManager: Shutting down and abandoning module AvfMediaEditor (446)
[2019.12.04-17.52.54:748][ 26]LogModuleManager: Shutting down and abandoning module AndroidMediaFactory (444)
[2019.12.04-17.52.54:748][ 26]LogModuleManager: Shutting down and abandoning module Media (443)
[2019.12.04-17.52.54:748][ 26]LogModuleManager: Shutting down and abandoning module AndroidMediaEditor (440)
[2019.12.04-17.52.54:748][ 26]LogModuleManager: Shutting down and abandoning module CharacterAI (438)
[2019.12.04-17.52.54:748][ 26]LogModuleManager: Shutting down and abandoning module AudioCapture (436)
[2019.12.04-17.52.54:748][ 26]LogModuleManager: Shutting down and abandoning module SequenceRecorder (435)
[2019.12.04-17.52.54:748][ 26]LogModuleManager: Shutting down and abandoning module SmartSnapping (432)
[2019.12.04-17.52.54:748][ 26]LogModuleManager: Shutting down and abandoning module SessionServices (430)
[2019.12.04-17.52.54:748][ 26]LogModuleManager: Shutting down and abandoning module ViewportSnapping (428)
[2019.12.04-17.52.54:748][ 26]LogModuleManager: Shutting down and abandoning module ViewportInteraction (426)
[2019.12.04-17.52.54:748][ 26]LogModuleManager: Shutting down and abandoning module LogVisualizer (424)
[2019.12.04-17.52.54:748][ 26]LogModuleManager: Shutting down and abandoning module IntroTutorials (422)
[2019.12.04-17.52.54:749][ 26]LogModuleManager: Shutting down and abandoning module GameProjectGeneration (421)
[2019.12.04-17.52.54:749][ 26]LogModuleManager: Shutting down and abandoning module EditorLiveStreaming (418)
[2019.12.04-17.52.54:749][ 26]LogModuleManager: Shutting down and abandoning module IOSPlatformEditor (416)
[2019.12.04-17.52.54:749][ 26]LogModuleManager: Shutting down and abandoning module HTML5PlatformEditor (414)
[2019.12.04-17.52.54:749][ 26]LogModuleManager: Shutting down and abandoning module AndroidPlatformEditor (412)
[2019.12.04-17.52.54:749][ 26]LogModuleManager: Shutting down and abandoning module AndroidDeviceDetection (411)
[2019.12.04-17.52.54:784][ 26]LogModuleManager: Shutting down and abandoning module IOSRuntimeSettings (408)
[2019.12.04-17.52.54:784][ 26]LogModuleManager: Shutting down and abandoning module AndroidRuntimeSettings (406)
[2019.12.04-17.52.54:784][ 26]LogModuleManager: Shutting down and abandoning module InputBindingEditor (404)
[2019.12.04-17.52.54:784][ 26]LogModuleManager: Shutting down and abandoning module NiagaraEditor (402)
[2019.12.04-17.52.54:784][ 26]LogModuleManager: Shutting down and abandoning module MergeActors (400)
[2019.12.04-17.52.54:784][ 26]LogModuleManager: Shutting down and abandoning module SizeMap (398)
[2019.12.04-17.52.54:784][ 26]LogModuleManager: Shutting down and abandoning module TreeMap (396)
[2019.12.04-17.52.54:784][ 26]LogModuleManager: Shutting down and abandoning module ReferenceViewer (394)
[2019.12.04-17.52.54:784][ 26]LogModuleManager: Shutting down and abandoning module LocalizationDashboard (392)
[2019.12.04-17.52.54:784][ 26]LogModuleManager: Shutting down and abandoning module LocalizationService (391)
[2019.12.04-17.52.54:784][ 26]LogModuleManager: Shutting down and abandoning module HardwareTargeting (388)
[2019.12.04-17.52.54:784][ 26]LogModuleManager: Shutting down and abandoning module DeviceProfileEditor (386)
[2019.12.04-17.52.54:784][ 26]LogModuleManager: Shutting down and abandoning module UndoHistory (384)
[2019.12.04-17.52.54:784][ 26]LogModuleManager: Shutting down and abandoning module UserFeedback (382)
[2019.12.04-17.52.54:784][ 26]LogModuleManager: Shutting down and abandoning module XmlParser (380)
[2019.12.04-17.52.54:784][ 26]LogModuleManager: Shutting down and abandoning module Blutility (378)
[2019.12.04-17.52.54:784][ 26]LogModuleManager: Shutting down and abandoning module ProjectSettingsViewer (376)
[2019.12.04-17.52.54:784][ 26]LogModuleManager: Shutting down and abandoning module ProjectTargetPlatformEditor (375)
[2019.12.04-17.52.54:784][ 26]LogModuleManager: Shutting down and abandoning module EditorSettingsViewer (372)
[2019.12.04-17.52.54:784][ 26]LogModuleManager: Shutting down and abandoning module SettingsEditor (370)
[2019.12.04-17.52.54:784][ 26]LogModuleManager: Shutting down and abandoning module ProjectLauncher (368)
[2019.12.04-17.52.54:784][ 26]LogModuleManager: Shutting down and abandoning module SessionFrontend (366)
[2019.12.04-17.52.54:784][ 26]LogModuleManager: Shutting down and abandoning module ProfilerClient (364)
[2019.12.04-17.52.54:784][ 26]LogModuleManager: Shutting down and abandoning module DeviceManager (362)
[2019.12.04-17.52.54:784][ 26]LogModuleManager: Shutting down and abandoning module TargetDeviceServices (361)
[2019.12.04-17.52.54:834][ 26]LogModuleManager: Shutting down and abandoning module AutomationController (358)
[2019.12.04-17.52.54:834][ 26]LogModuleManager: Shutting down and abandoning module AutomationWindow (356)
[2019.12.04-17.52.54:834][ 26]LogModuleManager: Shutting down and abandoning module Layers (354)
[2019.12.04-17.52.54:834][ 26]LogModuleManager: Shutting down and abandoning module ComponentVisualizers (352)
[2019.12.04-17.52.54:834][ 26]LogModuleManager: Shutting down and abandoning module DetailCustomizations (350)
[2019.12.04-17.52.54:834][ 26]LogModuleManager: Shutting down and abandoning module PackagesDialog (348)
[2019.12.04-17.52.54:834][ 26]LogModuleManager: Shutting down and abandoning module Persona (346)
[2019.12.04-17.52.54:834][ 26]LogModuleManager: Shutting down and abandoning module AnimGraph (345)
[2019.12.04-17.52.54:834][ 26]LogModuleManager: Shutting down and abandoning module Kismet (342)
[2019.12.04-17.52.54:834][ 26]LogModuleManager: Shutting down and abandoning module GraphEditor (340)
[2019.12.04-17.52.54:834][ 26]LogModuleManager: Shutting down and abandoning module ClassViewer (338)
[2019.12.04-17.52.54:834][ 26]LogModuleManager: Shutting down and abandoning module Toolbox (336)
[2019.12.04-17.52.54:834][ 26]LogModuleManager: Shutting down and abandoning module ModuleUI (334)
[2019.12.04-17.52.54:834][ 26]LogModuleManager: Shutting down and abandoning module MovieSceneTools (332)
[2019.12.04-17.52.54:834][ 26]LogModuleManager: Shutting down and abandoning module OutputLog (330)
[2019.12.04-17.52.54:834][ 26]LogModuleManager: Shutting down and abandoning module GammaUI (328)
[2019.12.04-17.52.54:834][ 26]LogModuleManager: Shutting down and abandoning module Documentation (326)
[2019.12.04-17.52.54:834][ 26]LogModuleManager: Shutting down and abandoning module Niagara (324)
[2019.12.04-17.52.54:834][ 26]LogModuleManager: Shutting down and abandoning module StreamingPauseRendering (322)
[2019.12.04-17.52.54:834][ 26]LogModuleManager: Shutting down and abandoning module AnalyticsET (320)
[2019.12.04-17.52.54:834][ 26]LogModuleManager: Shutting down and abandoning module PortalServices (318)
[2019.12.04-17.52.54:834][ 26]LogModuleManager: Shutting down and abandoning module PortalRpc (316)
[2019.12.04-17.52.54:834][ 26]LogModuleManager: Shutting down and abandoning module MessagingRpc (314)
[2019.12.04-17.52.54:834][ 26]LogModuleManager: Shutting down and abandoning module AIModule (312)
[2019.12.04-17.52.54:834][ 26]LogModuleManager: Shutting down and abandoning module GameplayDebugger (311)
[2019.12.04-17.52.54:834][ 26]LogModuleManager: Shutting down and abandoning module AITestSuite (309)
[2019.12.04-17.52.54:834][ 26]LogModuleManager: Shutting down and abandoning module ProfilerService (306)
[2019.12.04-17.52.54:975][ 26]LogModuleManager: Shutting down and abandoning module TaskGraph (304)
[2019.12.04-17.52.54:975][ 26]LogModuleManager: Shutting down and abandoning module SteamVRController (302)
[2019.12.04-17.52.54:975][ 26]LogModuleManager: Shutting down and abandoning module SteamVR (300)
[2019.12.04-17.52.54:975][ 26]LogModuleManager: Shutting down and abandoning module ProceduralMeshComponentEditor (298)
[2019.12.04-17.52.54:975][ 26]LogModuleManager: Shutting down and abandoning module ProceduralMeshComponent (296)
[2019.12.04-17.52.54:975][ 26]LogModuleManager: Shutting down and abandoning module OculusLibrary (294)
[2019.12.04-17.52.54:975][ 26]LogModuleManager: Shutting down and abandoning module OculusInput (292)
[2019.12.04-17.52.54:975][ 26]LogModuleManager: Shutting down and abandoning module MobilePatchingUtils (290)
[2019.12.04-17.52.54:975][ 26]LogModuleManager: Shutting down and abandoning module CustomMeshComponent (288)
[2019.12.04-17.52.54:975][ 26]LogModuleManager: Shutting down and abandoning module CableComponent (286)
[2019.12.04-17.52.54:975][ 26]LogModuleManager: Shutting down and abandoning module ArchVisCharacter (284)
[2019.12.04-17.52.54:975][ 26]LogModuleManager: Shutting down and abandoning module MediaPlayerEditor (280)
[2019.12.04-17.52.54:975][ 26]LogModuleManager: Shutting down and abandoning module HTML5Networking (278)
[2019.12.04-17.52.54:975][ 26]LogModuleManager: Shutting down and abandoning module AlembicImporter (276)
[2019.12.04-17.52.54:975][ 26]LogModuleManager: Shutting down and abandoning module AlembicLibrary (275)
[2019.12.04-17.52.54:975][ 26]LogModuleManager: Shutting down and abandoning module GeometryCache (274)
[2019.12.04-17.52.54:975][ 26]LogModuleManager: Shutting down and abandoning module GeometryCacheEd (273)
[2019.12.04-17.52.54:975][ 26]LogModuleManager: Shutting down and abandoning module SuperSearchEditor (268)
[2019.12.04-17.52.54:975][ 26]LogModuleManager: Shutting down and abandoning module SuperSearch (267)
[2019.12.04-17.52.54:975][ 26]LogModuleManager: Shutting down and abandoning module SpeedTreeImporter (264)
[2019.12.04-17.52.54:975][ 26]LogModuleManager: Shutting down and abandoning module PluginBrowser (262)
[2019.12.04-17.52.54:975][ 26]LogModuleManager: Shutting down and abandoning module MobileLauncherProfileWizard (260)
[2019.12.04-17.52.54:975][ 26]LogModuleManager: Shutting down and abandoning module EpicSurvey (258)
[2019.12.04-17.52.54:975][ 26]LogModuleManager: Shutting down and abandoning module VisualStudioSourceCodeAccess (256)
[2019.12.04-17.52.54:975][ 26]LogModuleManager: Shutting down and abandoning module DesktopPlatform (255)
[2019.12.04-17.52.54:975][ 26]LogModuleManager: Shutting down and abandoning module UObjectPlugin (252)
[2019.12.04-17.52.54:975][ 26]LogModuleManager: Shutting down and abandoning module SubversionSourceControl (250)
[2019.12.04-17.52.54:975][ 26]LogModuleManager: Shutting down and abandoning module PerforceSourceControl (248)
[2019.12.04-17.52.54:975][ 26]LogModuleManager: Shutting down and abandoning module GitSourceControl (246)
[2019.12.04-17.52.54:975][ 26]LogModuleManager: Shutting down and abandoning module SourceControl (245)
[2019.12.04-17.52.54:975][ 26]LogModuleManager: Shutting down and abandoning module LightPropagationVolumeEditor (242)
[2019.12.04-17.52.54:975][ 26]LogModuleManager: Shutting down and abandoning module PaperTiledImporter (240)
[2019.12.04-17.52.54:975][ 26]LogModuleManager: Shutting down and abandoning module PaperSpriteSheetImporter (238)
[2019.12.04-17.52.54:975][ 26]LogModuleManager: Shutting down and abandoning module Paper2DEditor (236)
[2019.12.04-17.52.54:975][ 26]LogModuleManager: Shutting down and abandoning module MeshPaint (235)
[2019.12.04-17.52.54:976][ 26]LogModuleManager: Shutting down and abandoning module LevelEditor (233)
[2019.12.04-17.52.54:976][ 26]LogModuleManager: Shutting down and abandoning module PixelInspectorModule (232)
[2019.12.04-17.52.54:976][ 26]LogModuleManager: Shutting down and abandoning module MainFrame (230)
[2019.12.04-17.52.54:976][ 26]LogModuleManager: Shutting down and abandoning module HotReload (229)
[2019.12.04-17.52.54:978][ 26]LogModuleManager: Shutting down and abandoning module ContentBrowser (225)
[2019.12.04-17.52.54:979][ 26]LogModuleManager: Shutting down and abandoning module PhysXVehiclesEditor (222)
[2019.12.04-17.52.54:979][ 26]LogModuleManager: Shutting down and abandoning module PhysXVehicles (220)
[2019.12.04-17.52.54:979][ 26]LogModuleManager: Shutting down and abandoning module LocationServicesBPLibrary (218)
[2019.12.04-17.52.54:979][ 26]LogModuleManager: Shutting down and abandoning module UdpMessaging (216)
[2019.12.04-17.52.55:079][ 26]LogModuleManager: Shutting down and abandoning module TcpMessaging (214)
[2019.12.04-17.52.55:241][ 26]LogModuleManager: Shutting down and abandoning module GameplayTagsEditor (212)
[2019.12.04-17.52.55:241][ 26]LogModuleManager: Shutting down and abandoning module FacialAnimationEditor (210)
[2019.12.04-17.52.55:242][ 26]LogModuleManager: Shutting down and abandoning module FacialAnimation (208)
[2019.12.04-17.52.55:242][ 26]LogModuleManager: Shutting down and abandoning module LightPropagationVolumeRuntime (206)
[2019.12.04-17.52.55:242][ 26]LogModuleManager: Shutting down and abandoning module Paper2D (204)
[2019.12.04-17.52.55:242][ 26]LogModuleManager: Shutting down and abandoning module WindowsMoviePlayer (202)
[2019.12.04-17.52.55:242][ 26]LogModuleManager: Shutting down and abandoning module WmfMedia (200)
[2019.12.04-17.52.55:242][ 26]LogModuleManager: Shutting down and abandoning module MfMedia (198)
[2019.12.04-17.52.55:242][ 26]LogModuleManager: Shutting down and abandoning module MediaAssets (196)
[2019.12.04-17.52.55:242][ 26]LogModuleManager: Shutting down and abandoning module GameLiveStreaming (194)
[2019.12.04-17.52.55:242][ 26]LogModuleManager: Shutting down and abandoning module VREditor (192)
[2019.12.04-17.52.55:243][ 26]LogModuleManager: Shutting down and abandoning module GameplayTasksEditor (190)
[2019.12.04-17.52.55:243][ 26]LogModuleManager: Shutting down and abandoning module BehaviorTreeEditor (188)
[2019.12.04-17.52.55:243][ 26]LogModuleManager: Shutting down and abandoning module FunctionalTesting (186)
[2019.12.04-17.52.55:243][ 26]LogModuleManager: Shutting down and abandoning module CollisionAnalyzer (184)
[2019.12.04-17.52.55:243][ 26]LogModuleManager: Shutting down and abandoning module UMG (182)
[2019.12.04-17.52.55:243][ 26]LogModuleManager: Shutting down and abandoning module UMGEditor (181)
[2019.12.04-17.52.55:243][ 26]LogModuleManager: Shutting down and abandoning module Sequencer (180)
[2019.12.04-17.52.55:243][ 26]LogModuleManager: Shutting down and abandoning module AssetTools (178)
[2019.12.04-17.52.55:243][ 26]LogModuleManager: Shutting down and abandoning module MessageLog (177)
[2019.12.04-17.52.55:243][ 26]LogModuleManager: Shutting down and abandoning module WorkspaceMenuStructure (176)
[2019.12.04-17.52.55:243][ 26]LogModuleManager: Shutting down and abandoning module SlateReflector (170)
[2019.12.04-17.52.55:243][ 26]LogModuleManager: Shutting down and abandoning module Slate (168)
[2019.12.04-17.52.55:243][ 26]LogModuleManager: Shutting down and abandoning module EditorStyle (166)
[2019.12.04-17.52.55:250][ 26]LogModuleManager: Shutting down and abandoning module SourceCodeAccess (164)
[2019.12.04-17.52.55:250][ 26]LogModuleManager: Shutting down and abandoning module HeadMountedDisplay (162)
[2019.12.04-17.52.55:250][ 26]LogModuleManager: Shutting down and abandoning module XAudio2 (160)
[2019.12.04-17.52.55:250][ 26]LogModuleManager: Shutting down and abandoning module Networking (158)
[2019.12.04-17.52.55:250][ 26]LogModuleManager: Shutting down and abandoning module Core (154)
[2019.12.04-17.52.55:250][ 26]LogModuleManager: Shutting down and abandoning module AssetRegistry (152)
[2019.12.04-17.52.55:466][ 26]LogDirectoryWatcher: A directory notification for '../../../Engine/Content/' was aborted.
[2019.12.04-17.52.55:466][ 26]LogDirectoryWatcher: A directory notification for 'D:/Release/Unreal/ThirdPersonProject/Content/' was aborted.
[2019.12.04-17.52.55:466][ 26]LogDirectoryWatcher: A directory notification for '../../../Engine/Plugins/2D/Paper2D/Content/' was aborted.
[2019.12.04-17.52.55:467][ 26]LogModuleManager: Shutting down and abandoning module DirectoryWatcher (151)
[2019.12.04-17.52.55:467][ 26]LogModuleManager: Shutting down and abandoning module KismetCompiler (148)
[2019.12.04-17.52.55:467][ 26]LogModuleManager: Shutting down and abandoning module PhysXFormats (146)
[2019.12.04-17.52.55:467][ 26]LogModuleManager: Shutting down and abandoning module MeshUtilities (144)
[2019.12.04-17.52.55:467][ 26]LogModuleManager: Shutting down and abandoning module SimplygonSwarm (143)
[2019.12.04-17.52.55:467][ 26]LogModuleManager: Shutting down and abandoning module SimplygonMeshReduction (141)
[2019.12.04-17.52.55:467][ 26]LogModuleManager: Shutting down and abandoning module QuadricMeshReduction (139)
[2019.12.04-17.52.55:467][ 26]LogModuleManager: Shutting down and abandoning module PropertyEditor (137)
[2019.12.04-17.52.55:467][ 26]LogModuleManager: Shutting down and abandoning module DerivedDataCache (134)
[2019.12.04-17.52.55:537][ 26]LogDerivedDataCache: Shutdown
[2019.12.04-17.52.55:537][ 26]LogModuleManager: Shutting down and abandoning module TargetPlatform (132)
[2019.12.04-17.52.55:537][ 26]LogModuleManager: Shutting down and abandoning module VulkanShaderFormat (131)
[2019.12.04-17.52.55:537][ 26]LogModuleManager: Shutting down and abandoning module ShaderFormatOpenGL (129)
[2019.12.04-17.52.55:537][ 26]LogModuleManager: Shutting down and abandoning module ShaderFormatD3D (127)
[2019.12.04-17.52.55:537][ 26]LogModuleManager: Shutting down and abandoning module MetalShaderFormat (125)
[2019.12.04-17.52.55:537][ 26]LogModuleManager: Shutting down and abandoning module TextureFormatUncompressed (123)
[2019.12.04-17.52.55:537][ 26]LogModuleManager: Shutting down and abandoning module TextureFormatPVR (121)
[2019.12.04-17.52.55:537][ 26]LogModuleManager: Shutting down and abandoning module TextureFormatDXT (119)
[2019.12.04-17.52.55:537][ 26]LogModuleManager: Shutting down and abandoning module TextureFormatIntelISPCTexComp (117)
[2019.12.04-17.52.55:537][ 26]LogModuleManager: Shutting down and abandoning module TextureFormatASTC (115)
[2019.12.04-17.52.55:537][ 26]LogModuleManager: Shutting down and abandoning module ImageWrapper (114)
[2019.12.04-17.52.55:538][ 26]LogModuleManager: Shutting down and abandoning module TextureFormatAndroid (111)
[2019.12.04-17.52.55:538][ 26]LogModuleManager: Shutting down and abandoning module AudioFormatOpus (109)
[2019.12.04-17.52.55:538][ 26]LogModuleManager: Shutting down and abandoning module AudioFormatOgg (107)
[2019.12.04-17.52.55:538][ 26]LogModuleManager: Shutting down and abandoning module AudioFormatADPCM (105)
[2019.12.04-17.52.55:538][ 26]LogModuleManager: Shutting down and abandoning module LinuxTargetPlatform (103)
[2019.12.04-17.52.55:538][ 26]LogModuleManager: Shutting down and abandoning module LinuxServerTargetPlatform (101)
[2019.12.04-17.52.55:538][ 26]LogModuleManager: Shutting down and abandoning module LinuxNoEditorTargetPlatform (99)
[2019.12.04-17.52.55:538][ 26]LogModuleManager: Shutting down and abandoning module LinuxClientTargetPlatform (97)
[2019.12.04-17.52.55:538][ 26]LogModuleManager: Shutting down and abandoning module TVOSTargetPlatform (95)
[2019.12.04-17.52.55:538][ 26]LogModuleManager: Shutting down and abandoning module Messaging (93)
[2019.12.04-17.52.55:538][ 26]LogModuleManager: Shutting down and abandoning module IOSTargetPlatform (91)
[2019.12.04-17.52.55:538][ 26]LogModuleManager: Shutting down and abandoning module HTML5TargetPlatform (89)
[2019.12.04-17.52.55:538][ 26]LogModuleManager: Shutting down and abandoning module Android_PVRTCTargetPlatform (87)
[2019.12.04-17.52.55:538][ 26]LogModuleManager: Shutting down and abandoning module Android_MultiTargetPlatform (85)
[2019.12.04-17.52.55:538][ 26]LogModuleManager: Shutting down and abandoning module Android_ETC2TargetPlatform (83)
[2019.12.04-17.52.55:538][ 26]LogModuleManager: Shutting down and abandoning module Android_ETC1TargetPlatform (81)
[2019.12.04-17.52.55:538][ 26]LogModuleManager: Shutting down and abandoning module Android_DXTTargetPlatform (79)
[2019.12.04-17.52.55:538][ 26]LogModuleManager: Shutting down and abandoning module Android_ATCTargetPlatform (77)
[2019.12.04-17.52.55:538][ 26]LogModuleManager: Shutting down and abandoning module Android_ASTCTargetPlatform (75)
[2019.12.04-17.52.55:539][ 26]LogModuleManager: Shutting down and abandoning module AndroidTargetPlatform (73)
[2019.12.04-17.52.55:539][ 26]LogModuleManager: Shutting down and abandoning module WindowsTargetPlatform (71)
[2019.12.04-17.52.55:539][ 26]LogModuleManager: Shutting down and abandoning module WindowsServerTargetPlatform (69)
[2019.12.04-17.52.55:539][ 26]LogModuleManager: Shutting down and abandoning module WindowsNoEditorTargetPlatform (67)
[2019.12.04-17.52.55:539][ 26]LogModuleManager: Shutting down and abandoning module WindowsClientTargetPlatform (65)
[2019.12.04-17.52.55:539][ 26]LogModuleManager: Shutting down and abandoning module MacTargetPlatform (63)
[2019.12.04-17.52.55:539][ 26]LogModuleManager: Shutting down and abandoning module MacServerTargetPlatform (61)
[2019.12.04-17.52.55:539][ 26]LogModuleManager: Shutting down and abandoning module MacNoEditorTargetPlatform (59)
[2019.12.04-17.52.55:539][ 26]LogModuleManager: Shutting down and abandoning module MacClientTargetPlatform (57)
[2019.12.04-17.52.55:539][ 26]LogModuleManager: Shutting down and abandoning module AllDesktopTargetPlatform (55)
[2019.12.04-17.52.55:539][ 26]LogModuleManager: Shutting down and abandoning module InputCore (52)
[2019.12.04-17.52.55:539][ 26]LogModuleManager: Shutting down and abandoning module Settings (50)
[2019.12.04-17.52.55:539][ 26]LogModuleManager: Shutting down and abandoning module OculusRift (48)
[2019.12.04-17.52.55:539][ 26]LogModuleManager: Shutting down and abandoning module GearVR (46)
[2019.12.04-17.52.55:539][ 26]LogModuleManager: Shutting down and abandoning module ExampleDeviceProfileSelector (44)
[2019.12.04-17.52.55:539][ 26]LogModuleManager: Shutting down and abandoning module OnlineBlueprintSupport (42)
[2019.12.04-17.52.55:539][ 26]LogModuleManager: Shutting down and abandoning module OnlineSubsystem (38)
[2019.12.04-17.52.55:539][ 26]LogOnline:Display: Unloading online subsystem: NULL
[2019.12.04-17.52.55:539][ 26]LogModuleManager: Shutting down and abandoning module XMPP (37)
[2019.12.04-17.52.55:539][ 26]LogModuleManager: Shutting down and abandoning module HTTP (35)
[2019.12.04-17.52.55:539][ 26]LogHttp:Display: Http module shutting down, but needs to wait on 1 outstanding Http requests:
[2019.12.04-17.52.55:539][ 26]LogHttp:Display: 	verb=[POST] url=[https://datarouter.ol.epicgames.com/datarouter/api/v1/public/data?SessionID=%7BC6C200FA-4A85-B0AC-16A4-FF8DB76677F1%7D&AppID=UEEditor.Rocket.Release&AppVersion=4.15.3-3450819%2B%2B%2BUE4%2BRelease-4.15&UserID=b3431e0f4c1c6c86de23b497e7c5c35b%7C66e3ab35bc9848fda1590c5682897d77%7C228c9308-daa1-4379-b152-2fa31b3351d6&AppEnvironment=datacollector-binary&UploadType=eteventstream] status=Processing
[2019.12.04-17.52.55:568][ 26]LogModuleManager: Shutting down and abandoning module SSL (34)
[2019.12.04-17.52.55:572][ 26]LogModuleManager: Shutting down and abandoning module AudioEditor (30)
[2019.12.04-17.52.55:572][ 26]LogModuleManager: Shutting down and abandoning module TextureCompressor (28)
[2019.12.04-17.52.55:572][ 26]LogModuleManager: Shutting down and abandoning module ShaderCore (26)
[2019.12.04-17.52.55:572][ 26]LogModuleManager: Shutting down and abandoning module Landscape (24)
[2019.12.04-17.52.55:572][ 26]LogModuleManager: Shutting down and abandoning module SlateRHIRenderer (22)
[2019.12.04-17.52.55:576][ 26]LogModuleManager: Shutting down and abandoning module OpenGLDrv (20)
[2019.12.04-17.52.55:576][ 26]LogModuleManager: Shutting down and abandoning module D3D11RHI (18)
[2019.12.04-17.52.55:576][ 26]LogModuleManager: Shutting down and abandoning module AnimGraphRuntime (16)
[2019.12.04-17.52.55:576][ 26]LogModuleManager: Shutting down and abandoning module Renderer (14)
[2019.12.04-17.52.55:576][ 26]LogModuleManager: Shutting down and abandoning module Engine (12)
[2019.12.04-17.52.55:576][ 26]LogModuleManager: Shutting down and abandoning module CoreUObject (10)
[2019.12.04-17.52.55:576][ 26]LogModuleManager: Shutting down and abandoning module NetworkFile (8)
[2019.12.04-17.52.55:576][ 26]LogModuleManager: Shutting down and abandoning module StreamingFile (6)
[2019.12.04-17.52.55:576][ 26]LogModuleManager: Shutting down and abandoning module SandboxFile (4)
[2019.12.04-17.52.55:576][ 26]LogModuleManager: Shutting down and abandoning module PakFile (2)
[2019.12.04-17.52.55:579][ 26]LogExit: Exiting.
[2019.12.04-17.52.55:582][ 26]Log file closed, 12/05/19 02:52:55
